

----STARTUP---- (30 October 2019 23:09:36) as /home/akima/Documents/ing/repo/cuis/CuisUniversity-3938.image!


Object subclass: #Cart
	instanceVariableNames: ''
	classVariableNames: ''
	poolDictionaries: ''
	category: 'Tus-Libros'!

!classDefinition: #Cart category: #'Tus-Libros' stamp: 'fz_md 10/30/2019 23:17:01'!
Object subclass: #Cart
	instanceVariableNames: ''
	classVariableNames: ''
	poolDictionaries: ''
	category: 'Tus-Libros'!

----SNAPSHOT----(30 October 2019 23:17:07) CuisUniversity-3938.image priorSource: 14319118!

TestCase subclass: #CartTest
	instanceVariableNames: ''
	classVariableNames: ''
	poolDictionaries: ''
	category: 'Tus-Libros'!

!classDefinition: #CartTest category: #'Tus-Libros' stamp: 'fz_md 10/30/2019 23:19:36'!
TestCase subclass: #CartTest
	instanceVariableNames: ''
	classVariableNames: ''
	poolDictionaries: ''
	category: 'Tus-Libros'!
!CartTest methodsFor: 'nil' stamp: 'fz_md 10/30/2019 23:20:34'!
test01newCartIsEmpty
	|cart|
	
	cart := Cart new.
	
	self assert: cart isEmpty.! !

!testRun: #CartTest #test01newCartIsEmpty stamp: 'fz_md 10/30/2019 23:20:35'!
ERROR!
!Cart methodsFor: 'as yet unclassified' stamp: 'fz_md 10/30/2019 23:20:41'!
isEmpty
	self shouldBeImplemented.! !
!Cart methodsFor: 'as yet unclassified' stamp: 'fz_md 10/30/2019 23:20:48' prior: 50777392!
isEmpty
	^true.! !

!testRun: #CartTest #test01newCartIsEmpty stamp: 'fz_md 10/30/2019 23:20:50'!
PASSED!

!testRun: #CartTest #test01newCartIsEmpty stamp: 'fz_md 10/30/2019 23:20:50'!
PASSED!

!testRun: #CartTest #test01newCartIsEmpty stamp: 'fz_md 10/30/2019 23:20:54'!
PASSED!
!CartTest methodsFor: 'tests' stamp: 'fz_md 10/30/2019 23:26:12'!
test02cartWithABookIsNotEmpty
	|cart book|
	
	cart := Cart new.
	
	book := 'ISBN'.
	cart add: 1 copiesOf: book.
	
	self deny: cart isEmpty.! !

!testRun: #CartTest #test02cartWithABookIsNotEmpty stamp: 'fz_md 10/30/2019 23:26:18'!
ERROR!

!testRun: #CartTest #test02cartWithABookIsNotEmpty stamp: 'fz_md 10/30/2019 23:26:18'!
ERROR!
!Cart methodsFor: 'as yet unclassified' stamp: 'fz_md 10/30/2019 23:26:24'!
add: aSmallInteger copiesOf: aString 
	self shouldBeImplemented.! !

!classDefinition: #Cart category: #'Tus-Libros' stamp: 'fz_md 10/30/2019 23:26:56'!
Object subclass: #Cart
	instanceVariableNames: 'items'
	classVariableNames: ''
	poolDictionaries: ''
	category: 'Tus-Libros'!
!Cart methodsFor: 'as yet unclassified' stamp: 'fz_md 10/30/2019 23:26:55' prior: 50777421!
add: aQuantity copiesOf: aBook
	items add: aBook.! !

!testRun: #CartTest #test02cartWithABookIsNotEmpty stamp: 'fz_md 10/30/2019 23:26:57'!
ERROR!
!Cart methodsFor: 'nil' stamp: 'fz_md 10/30/2019 23:27:33'!
initialize
	items := Set new.! !
!Cart methodsFor: 'as yet unclassified' stamp: 'fz_md 10/30/2019 23:27:43' prior: 50777440!
initialize
	items := Dictionary new.! !
!Cart methodsFor: 'as yet unclassified' stamp: 'fz_md 10/30/2019 23:27:58' prior: 50777433!
add: aQuantity copiesOf: aBook
	items at: aBook put: aQuantity.! !

!testRun: #CartTest #test02cartWithABookIsNotEmpty stamp: 'fz_md 10/30/2019 23:28:01'!
FAILURE!

!testRun: #CartTest #test02cartWithABookIsNotEmpty stamp: 'fz_md 10/30/2019 23:28:01'!
FAILURE!
!Cart methodsFor: 'as yet unclassified' stamp: 'fz_md 10/30/2019 23:28:34' prior: 50777397!
isEmpty
	^items isEmpty! !

!testRun: #CartTest #test01newCartIsEmpty stamp: 'fz_md 10/30/2019 23:28:37'!
PASSED!

!testRun: #CartTest #test02cartWithABookIsNotEmpty stamp: 'fz_md 10/30/2019 23:28:37'!
PASSED!
!CartTest methodsFor: 'tests' stamp: 'fz_md 10/30/2019 23:42:12'!
test03booksAddedAreContainedInCart
	|cart book|
	
	cart := Cart new.
	
	book := 'ISBN'.
	cart add: 1 copiesOf: book.
	
	self assert: (cart has: book).! !

!testRun: #CartTest #test03booksAddedAreContainedInCart stamp: 'fz_md 10/30/2019 23:42:14'!
ERROR!
!Cart methodsFor: 'as yet unclassified' stamp: 'fz_md 10/30/2019 23:42:19'!
has: aString 
	self shouldBeImplemented.! !
!Cart methodsFor: 'as yet unclassified' stamp: 'fz_md 10/30/2019 23:42:42' prior: 50777481!
has: aBook
	^true! !

!testRun: #CartTest #test03booksAddedAreContainedInCart stamp: 'fz_md 10/30/2019 23:42:43'!
PASSED!

!testRun: #CartTest #test01newCartIsEmpty stamp: 'fz_md 10/30/2019 23:42:43'!
PASSED!

!testRun: #CartTest #test02cartWithABookIsNotEmpty stamp: 'fz_md 10/30/2019 23:42:43'!
PASSED!

!testRun: #CartTest #test03booksAddedAreContainedInCart stamp: 'fz_md 10/30/2019 23:42:43'!
PASSED!
!CartTest methodsFor: 'tests' stamp: 'fz_md 10/30/2019 23:43:02'!
test04booksNotAddedAreNotContainedInCart
	|cart book|
	
	cart := Cart new.
	
	book := 'ISBN'.
	cart add: 1 copiesOf: book.
	
	self assert: (cart has: book).! !
!CartTest methodsFor: 'tests' stamp: 'fz_md 10/30/2019 23:43:27' prior: 50777501!
test04booksNotAddedAreNotContainedInCart
	|cart addedBook|
	
	cart := Cart new.
	
	addedBook := 'ISBN'.
	cart add: 1 copiesOf: addedBook.
	
	self assert: (cart has: addedBook).! !
!CartTest methodsFor: 'tests' stamp: 'fz_md 10/30/2019 23:43:59' prior: 50777509!
test04booksNotAddedAreNotContainedInCart
	|cart addedBook notAddedBook|
	
	cart := Cart new.
	
	addedBook := 'ISBN1'.
	notAddedBook := 'ISBN1'.
	cart add: 1 copiesOf: addedBook.
	
	self assert: (cart has: addedBook).
	self deny: (cart has: notAddedBook).! !

!testRun: #CartTest #test04booksNotAddedAreNotContainedInCart stamp: 'fz_md 10/30/2019 23:44:00'!
FAILURE!

----End fileIn of /home/akima/Documents/ing/repo/cuis/Packages/TerseGuide.pck.st----!
!Cart methodsFor: 'as yet unclassified' stamp: 'fz_md 10/30/2019 23:45:40' prior: 50777486!
has: aBook
	^items includesKey: aBook! !

!testRun: #CartTest #test04booksNotAddedAreNotContainedInCart stamp: 'fz_md 10/30/2019 23:45:41'!
FAILURE!
!CartTest methodsFor: 'tests' stamp: 'fz_md 10/30/2019 23:45:52' prior: 50777518!
test04booksNotAddedAreNotContainedInCart
	|cart addedBook notAddedBook|
	
	cart := Cart new.
	
	addedBook := 'ISBN1'.
	notAddedBook := 'ISBN1'.
	
	cart add: 1 copiesOf: addedBook.
	
	self assert: (cart has: addedBook).
	self deny: (cart has: notAddedBook).! !

!testRun: #CartTest #test04booksNotAddedAreNotContainedInCart stamp: 'fz_md 10/30/2019 23:45:53'!
FAILURE!
!CartTest methodsFor: 'tests' stamp: 'fz_md 10/30/2019 23:46:21' prior: 50780552!
test04booksNotAddedAreNotContainedInCart
	|cart addedBook notAddedBook|
	
	cart := Cart new.
	
	addedBook := 'ISBN1'.
	notAddedBook := 'ISBN2'.
	
	cart add: 1 copiesOf: addedBook.
	
	self assert: (cart has: addedBook).
	self deny: (cart has: notAddedBook).! !

!testRun: #CartTest #test04booksNotAddedAreNotContainedInCart stamp: 'fz_md 10/30/2019 23:46:22'!
PASSED!

!testRun: #CartTest #test01newCartIsEmpty stamp: 'fz_md 10/30/2019 23:46:22'!
PASSED!

!testRun: #CartTest #test02cartWithABookIsNotEmpty stamp: 'fz_md 10/30/2019 23:46:22'!
PASSED!

!testRun: #CartTest #test03booksAddedAreContainedInCart stamp: 'fz_md 10/30/2019 23:46:22'!
PASSED!

!testRun: #CartTest #test04booksNotAddedAreNotContainedInCart stamp: 'fz_md 10/30/2019 23:46:22'!
PASSED!
!CartTest methodsFor: 'tests' stamp: 'fz_md 10/30/2019 23:51:28'!
test05listingOfAnEmptyCartIsEmpty
	|cart|
	
	cart := Cart new.
	
	self assert: cart list equals: ''! !

!testRun: #CartTest #test05listingOfAnEmptyCartIsEmpty stamp: 'fz_md 10/30/2019 23:51:30'!
ERROR!
!Cart methodsFor: 'as yet unclassified' stamp: 'fz_md 10/30/2019 23:51:34'!
list
	self shouldBeImplemented.! !
!Cart methodsFor: 'as yet unclassified' stamp: 'fz_md 10/30/2019 23:51:42' prior: 50780602!
list
	^''! !

!testRun: #CartTest #test05listingOfAnEmptyCartIsEmpty stamp: 'fz_md 10/30/2019 23:51:43'!
PASSED!

!testRun: #CartTest #test01newCartIsEmpty stamp: 'fz_md 10/30/2019 23:51:43'!
PASSED!

!testRun: #CartTest #test02cartWithABookIsNotEmpty stamp: 'fz_md 10/30/2019 23:51:43'!
PASSED!

!testRun: #CartTest #test03booksAddedAreContainedInCart stamp: 'fz_md 10/30/2019 23:51:43'!
PASSED!

!testRun: #CartTest #test04booksNotAddedAreNotContainedInCart stamp: 'fz_md 10/30/2019 23:51:43'!
PASSED!

!testRun: #CartTest #test05listingOfAnEmptyCartIsEmpty stamp: 'fz_md 10/30/2019 23:51:43'!
PASSED!
!CartTest methodsFor: 'tests' stamp: 'fz_md 10/30/2019 23:52:12'!
test06listingOfACartHasOnlyContainedBooks
	|cart|
	
	cart := Cart new.
	
	self assert: cart list equals: ''! !
!CartTest methodsFor: 'tests' stamp: 'fz_md 10/30/2019 23:53:22' prior: 50780627!
test06listingOfACartHasOnlyContainedBooks
	|cart addedBook notAddedBook|
	
	cart := Cart new.
	
	addedBook := 'ISBN1'.
	notAddedBook := 'ISBN2'.
	
	cart add: 1 copiesOf: addedBook.
	
	self assert: cart list equals: (addedBook, '|1')! !
!CartTest methodsFor: 'tests' stamp: 'fz_md 10/30/2019 23:53:40' prior: 50780634!
test06listingOfACartHasOnlyContainedBooks
	|cart addedBook|
	
	cart := Cart new.
	
	addedBook := 'ISBN1'.
	
	cart add: 1 copiesOf: addedBook.
	
	self assert: cart list equals: (addedBook, '|1')! !

!testRun: #CartTest #test06listingOfACartHasOnlyContainedBooks stamp: 'fz_md 10/30/2019 23:53:42'!
FAILURE!
!Cart methodsFor: 'as yet unclassified' stamp: 'fz_md 10/30/2019 23:55:47' prior: 50780606!
list
	|listing|
	listing := ''.
	items keysAndValuesDo: [:aKey :aValue | listing := listing, aKey, '|', aValue asString].
	
	^listing.! !

!testRun: #CartTest #test06listingOfACartHasOnlyContainedBooks stamp: 'fz_md 10/30/2019 23:55:48'!
PASSED!

!testRun: #CartTest #test01newCartIsEmpty stamp: 'fz_md 10/30/2019 23:55:48'!
PASSED!

!testRun: #CartTest #test02cartWithABookIsNotEmpty stamp: 'fz_md 10/30/2019 23:55:48'!
PASSED!

!testRun: #CartTest #test03booksAddedAreContainedInCart stamp: 'fz_md 10/30/2019 23:55:48'!
PASSED!

!testRun: #CartTest #test04booksNotAddedAreNotContainedInCart stamp: 'fz_md 10/30/2019 23:55:48'!
PASSED!

!testRun: #CartTest #test05listingOfAnEmptyCartIsEmpty stamp: 'fz_md 10/30/2019 23:55:48'!
PASSED!

!testRun: #CartTest #test06listingOfACartHasOnlyContainedBooks stamp: 'fz_md 10/30/2019 23:55:48'!
PASSED!

!testRun: #CartTest #test01newCartIsEmpty stamp: 'fz_md 10/30/2019 23:55:54'!
PASSED!

!testRun: #CartTest #test02cartWithABookIsNotEmpty stamp: 'fz_md 10/30/2019 23:55:54'!
PASSED!

!testRun: #CartTest #test03booksAddedAreContainedInCart stamp: 'fz_md 10/30/2019 23:55:54'!
PASSED!

!testRun: #CartTest #test04booksNotAddedAreNotContainedInCart stamp: 'fz_md 10/30/2019 23:55:54'!
PASSED!

!testRun: #CartTest #test05listingOfAnEmptyCartIsEmpty stamp: 'fz_md 10/30/2019 23:55:54'!
PASSED!

!testRun: #CartTest #test06listingOfACartHasOnlyContainedBooks stamp: 'fz_md 10/30/2019 23:55:54'!
PASSED!

----SNAPSHOT----(30 October 2019 23:58:18) CuisUniversity-3938.image priorSource: 14263027!

----QUIT----(30 October 2019 23:58:20) CuisUniversity-3938.image priorSource: 14369731!

----STARTUP---- (4 November 2019 17:40:32) as /home/fzanollo/Documents/ing/repo/cuis/CuisUniversity-3938.image!


!classRemoval: #Cart stamp: 'fz_md 11/4/2019 17:40:55'!
Object subclass: #Cart
	instanceVariableNames: 'items'
	classVariableNames: ''
	poolDictionaries: ''
	category: 'Tus-Libros'!

!classRemoval: #CartTest stamp: 'fz_md 11/4/2019 17:40:55'!
TestCase subclass: #CartTest
	instanceVariableNames: ''
	classVariableNames: ''
	poolDictionaries: ''
	category: 'Tus-Libros'!

----End fileIn of /home/fzanollo/Documents/ing/repo/25-TusLibros_E2/TusLibros.st----!

TestCase subclass: #Cashier
	instanceVariableNames: ''
	classVariableNames: ''
	poolDictionaries: ''
	category: 'TusLibros'!

!classDefinition: #Cashier category: #TusLibros stamp: 'fz_md 11/4/2019 17:41:40'!
TestCase subclass: #Cashier
	instanceVariableNames: ''
	classVariableNames: ''
	poolDictionaries: ''
	category: 'TusLibros'!
!CashierTest methodsFor: 'nil' stamp: 'fz_md 11/4/2019 17:43:16'!
test01cannotCheckoutEmptyCart! !

!classDefinition: #Cashier category: #TusLibros stamp: 'fz_md 11/4/2019 17:51:59'!
Object subclass: #Cashier
	instanceVariableNames: ''
	classVariableNames: ''
	poolDictionaries: ''
	category: 'TusLibros'!
!CashierTest methodsFor: 'as yet unclassified' stamp: 'fz_md 11/4/2019 17:51:37' prior: 50780921!
test01cannotCheckoutEmptyCart
	
	self should: [Cashier toCheckout: Cart new] 
		raise: Error - MessageNotUnderstood 
		withExceptionDo: [:anError| self assert: anError messageText = Cashier cannotCheckoutEmptyCart]! !
!CashierTest methodsFor: 'as yet unclassified' stamp: 'fz_md 11/4/2019 17:52:37' prior: 50780932!
test01cannotCheckoutEmptyCart
	
	self should: [Cashier toCheckout: Cart new] 
		raise: Error - MessageNotUnderstood 
		withExceptionDo: [:anError| self assert: anError messageText = Cashier canNotCheckoutEmptyCart]! !
!CashierTest methodsFor: 'as yet unclassified' stamp: 'fz_md 11/4/2019 17:52:43'!
test01canNotCheckoutEmptyCart
	
	self should: [Cashier toCheckout: Cart new] 
		raise: Error - MessageNotUnderstood 
		withExceptionDo: [:anError| self assert: anError messageText = Cashier canNotCheckoutEmptyCart]! !

!methodRemoval: CashierTest #test01cannotCheckoutEmptyCart stamp: 'fz_md 11/4/2019 17:52:43'!
test01cannotCheckoutEmptyCart
	
	self should: [Cashier toCheckout: Cart new] 
		raise: Error - MessageNotUnderstood 
		withExceptionDo: [:anError| self assert: anError messageText = Cashier canNotCheckoutEmptyCart]!

!testRun: #CashierTest #test01canNotCheckoutEmptyCart stamp: 'fz_md 11/4/2019 17:52:48'!
ERROR!
!Cashier class methodsFor: 'instance creation' stamp: 'fz_md 11/4/2019 17:52:55'!
toCheckout: aCart 
	"DO NOT FORGET TO RENAME COLLABORATORS AND REMOVE THIS COMMENT!!!!"
	self shouldBeImplemented.
	^self new initializeToCheckout: aCart ! !
!Cashier class methodsFor: 'instance creation' stamp: 'fz_md 11/4/2019 17:53:11' prior: 50780975!
toCheckout: aCart 
	^self new initializeToCheckout: aCart ! !

!testRun: #CashierTest #test01canNotCheckoutEmptyCart stamp: 'fz_md 11/4/2019 17:53:13'!
ERROR!

!classDefinition: #Cashier category: #TusLibros stamp: 'fz_md 11/4/2019 17:53:27'!
Object subclass: #Cashier
	instanceVariableNames: 'cart'
	classVariableNames: ''
	poolDictionaries: ''
	category: 'TusLibros'!
!Cashier methodsFor: 'initialization' stamp: 'fz_md 11/4/2019 17:53:27'!
initializeToCheckout: aCart 
	self shouldBeImplemented.
	cart := aCart.! !
!Cashier methodsFor: 'initialization' stamp: 'fz_md 11/4/2019 17:57:09' prior: 50780997!
initializeToCheckout: aCart 
	cart := aCart.! !

!testRun: #CashierTest #test01canNotCheckoutEmptyCart stamp: 'fz_md 11/4/2019 17:57:12'!
FAILURE!
!Cashier class methodsFor: 'instance creation' stamp: 'fz_md 11/4/2019 17:58:00' prior: 50780983!
toCheckout: aCart 
	aCart isEmpty ifTrue:[^self error: self canNotCheckoutEmptyCart].
	^self new initializeToCheckout: aCart ! !
!Cashier class methodsFor: 'instance creation' stamp: 'fz_md 11/4/2019 17:58:05' prior: 50781011!
toCheckout: aCart 
	aCart isEmpty ifTrue:[self error: self canNotCheckoutEmptyCart].
	^self new initializeToCheckout: aCart ! !

!testRun: #CashierTest #test01canNotCheckoutEmptyCart stamp: 'fz_md 11/4/2019 17:58:06'!
ERROR!
!Cashier class methodsFor: 'instance creation' stamp: 'fz_md 11/4/2019 17:58:42' prior: 50781019!
toCheckout: aCart 
	aCart isEmpty ifTrue:[self error: self canNotCheckoutEmptyCart].
	^self new initializeToCheckout: aCart ! !

!testRun: #CashierTest #test01canNotCheckoutEmptyCart stamp: 'fz_md 11/4/2019 17:58:46'!
ERROR!
!CashierTest methodsFor: 'as yet unclassified' stamp: 'fz_md 11/4/2019 18:00:24' prior: 50780952!
test01canNotCheckoutEmptyCart
	"refactorizar la parte de llamar a cartTest, no?"
	
	self should: [Cashier toCheckout: (CartTest new createCart)] 
		raise: Error - MessageNotUnderstood 
		withExceptionDo: [:anError| self assert: anError messageText = Cashier canNotCheckoutEmptyCart]! !

!testRun: #CashierTest #test01canNotCheckoutEmptyCart stamp: 'fz_md 11/4/2019 18:00:26'!
ERROR!

!testRun: #CashierTest #test01canNotCheckoutEmptyCart stamp: 'fz_md 11/4/2019 18:00:37'!
ERROR!
!Cashier class methodsFor: 'error messages' stamp: 'fz_md 11/4/2019 18:01:01'!
canNotCheckoutEmptyCart
	self shouldBeImplemented.! !
!Cashier class methodsFor: 'error messages' stamp: 'fz_md 11/4/2019 18:01:13' prior: 50781059!
canNotCheckoutEmptyCart
	^'can not checkout an empty cart'! !

!testRun: #CashierTest #test01canNotCheckoutEmptyCart stamp: 'fz_md 11/4/2019 18:01:14'!
PASSED!

!testRun: #CashierTest #test01canNotCheckoutEmptyCart stamp: 'fz_md 11/4/2019 18:01:14'!
PASSED!
!CashierTest methodsFor: 'as yet unclassified' stamp: 'fz_md 11/4/2019 18:07:56' prior: 50781041!
test01canNotCheckoutEmptyCart
	"refactorizar la parte de llamar a cartTest, no?"
	
	self should: [Cashier toCheckout: (CartTest new createCart)]
		raise: Error - MessageNotUnderstood 
		withExceptionDo: [:anError| self assert: anError messageText = Cashier canNotCheckoutEmptyCart]! !
!CashierTest methodsFor: 'as yet unclassified' stamp: 'fz_md 11/4/2019 18:14:12' prior: 50781076!
test01canNotCheckoutEmptyCart
	"refactorizar la parte de llamar a cartTest, no?"
	|salesBook|
	
	salesBook := OrderedCollection new.
	
	self should: [Cashier toCheckout: (CartTest new createCart) registerOn: salesBook]
		raise: Error - MessageNotUnderstood 
		withExceptionDo: [:anError| self assert: anError messageText = Cashier canNotCheckoutEmptyCart.
								self assert: salesBook isEmpty]! !

!testRun: #CashierTest #test01canNotCheckoutEmptyCart stamp: 'fz_md 11/4/2019 18:14:15'!
ERROR!
!Cashier class methodsFor: 'instance creation' stamp: 'fz_md 11/4/2019 18:14:49'!
toCheckout: aCart registerOn: anOrderedCollection 
	"DO NOT FORGET TO RENAME COLLABORATORS AND REMOVE THIS COMMENT!!!!"
	self shouldBeImplemented.
	^self new initializeToCheckout: aCart registerOn: anOrderedCollection ! !
!Cashier class methodsFor: 'instance creation' stamp: 'fz_md 11/4/2019 18:15:03' prior: 50781107!
toCheckout: aCart registerOn: aSalesBook 
	^self new initializeToCheckout: aCart registerOn: aSalesBook ! !

!testRun: #CashierTest #test01canNotCheckoutEmptyCart stamp: 'fz_md 11/4/2019 18:15:05'!
ERROR!

!classDefinition: #Cashier category: #TusLibros stamp: 'fz_md 11/4/2019 18:15:17'!
Object subclass: #Cashier
	instanceVariableNames: 'cart salesBook'
	classVariableNames: ''
	poolDictionaries: ''
	category: 'TusLibros'!
!Cashier methodsFor: 'initialization' stamp: 'fz_md 11/4/2019 18:15:17'!
initializeToCheckout: aCart registerOn: aSalesBook 
	self shouldBeImplemented.
	cart := aCart.
	salesBook := aSalesBook.! !
!Cashier methodsFor: 'initialization' stamp: 'fz_md 11/4/2019 18:15:20' prior: 50781133!
initializeToCheckout: aCart registerOn: aSalesBook 
	cart := aCart.
	salesBook := aSalesBook.! !

!testRun: #CashierTest #test01canNotCheckoutEmptyCart stamp: 'fz_md 11/4/2019 18:15:22'!
FAILURE!
!Cashier class methodsFor: 'instance creation' stamp: 'fz_md 11/4/2019 18:15:45' prior: 50781117!
toCheckout: aCart registerOn: aSalesBook 
	aCart isEmpty ifTrue:[self error: self canNotCheckoutEmptyCart].
	^self new initializeToCheckout: aCart registerOn: aSalesBook ! !

!methodRemoval: Cashier class #toCheckout: stamp: 'fz_md 11/4/2019 18:15:48'!
toCheckout: aCart 
	aCart isEmpty ifTrue:[self error: self canNotCheckoutEmptyCart].
	^self new initializeToCheckout: aCart !

!methodRemoval: Cashier #initializeToCheckout: stamp: 'fz_md 11/4/2019 18:15:54'!
initializeToCheckout: aCart 
	cart := aCart.!

!testRun: #CashierTest #test01canNotCheckoutEmptyCart stamp: 'fz_md 11/4/2019 18:15:58'!
PASSED!

!testRun: #CashierTest #test01canNotCheckoutEmptyCart stamp: 'fz_md 11/4/2019 18:15:58'!
PASSED!
!CashierTest methodsFor: 'tests' stamp: 'fz_md 11/4/2019 18:18:06'!
test02TotalCheckoutAmmountIsCorrect
	| cartTester cart cashier |
	
	"refactorizar esto del cart tester"
	cartTester := CartTest new.
	cart := cartTester createCart.
	cart add: CartTest itemSellByTheStore.
	
	cashier :=  Cashier toCheckout: cart.
	
	self assert: (cashier checkout) equals: 10.! !

!testRun: #CashierTest #test02TotalCheckoutAmmountIsCorrect stamp: 'fz_md 11/4/2019 18:41:21'!
ERROR!

!testRun: #CashierTest #test02TotalCheckoutAmmountIsCorrect stamp: 'fz_md 11/4/2019 18:41:21'!
ERROR!
!CashierTest methodsFor: 'tests' stamp: 'fz_md 11/4/2019 18:42:00' prior: 50781175!
test02TotalCheckoutAmmountIsCorrect
	| cartTester cart cashier |
	
	"refactorizar esto del cart tester"
	cartTester := CartTest new.
	cart := cartTester createCart.
	cart add: cartTester itemSellByTheStore.
	
	cashier :=  Cashier toCheckout: cart.
	
	self assert: (cashier checkout) equals: 10.! !

!testRun: #CashierTest #test02TotalCheckoutAmmountIsCorrect stamp: 'fz_md 11/4/2019 18:42:01'!
ERROR!
!CashierTest methodsFor: 'tests' stamp: 'fz_md 11/4/2019 18:42:48' prior: 50781194!
test02TotalCheckoutAmmountIsCorrect
	| cartTester cart cashier salesBook |
	
	salesBook := OrderedCollection new.
	
	"refactorizar esto del cart tester"
	cartTester := CartTest new.
	
	cart := cartTester createCart.
	cart add: cartTester itemSellByTheStore.
	
	cashier :=  Cashier toCheckout: cart registerOn: salesBook.
	
	self assert: (cashier checkout) equals: 10.! !
!CashierTest methodsFor: 'tests' stamp: 'fz_md 11/4/2019 18:43:12' prior: 50781210!
test02TotalCheckoutAmmountIsCorrect
	| cartTester cart cashier salesBook |
	
	salesBook := OrderedCollection new.
	
	"refactorizar esto del cart tester"
	cartTester := CartTest new.
	
	cart := cartTester createCart.
	cart add: cartTester itemSellByTheStore.
	
	cashier :=  Cashier toCheckout: cart registerOn: salesBook.
	
	self assert: (cashier checkout) equals: 10.
	self assert: (salesBook at:0) equals: 10.! !

!testRun: #CashierTest #test02TotalCheckoutAmmountIsCorrect stamp: 'fz_md 11/4/2019 18:43:15'!
ERROR!
!Cashier methodsFor: 'as yet unclassified' stamp: 'fz_md 11/4/2019 18:43:23'!
checkout
	self shouldBeImplemented.! !
!Cashier methodsFor: 'as yet unclassified' stamp: 'fz_md 11/4/2019 18:45:18' prior: 50781244!
checkout
	self shouldBeImplemented.! !
!CashierTest methodsFor: 'tests' stamp: 'fz_md 11/4/2019 18:47:06' prior: 50781225!
test02TotalCheckoutAmmountIsCorrect
	| cartTester cart cashier salesBook |
	
	salesBook := OrderedCollection new.
	
	"refactorizar esto del cart tester"
	cartTester := CartTest new.
	
	cart := cartTester createCart.
	cart add: cartTester itemSellByTheStore.
	
	cashier :=  Cashier toCheckout: cart registerOn: salesBook priceList: (Dictionary new; at: cartTester itemSellByTheStore put: 10).
	
	self assert: (cashier checkout) equals: 10.
	self assert: (salesBook at:0) equals: 10.! !

!testRun: #CashierTest #test02TotalCheckoutAmmountIsCorrect stamp: 'fz_md 11/4/2019 18:47:12'!
ERROR!
!Cashier class methodsFor: 'instance creation' stamp: 'fz_md 11/4/2019 18:49:50'!
toCheckout: aCart registerOn: aSalesBook priceList: aPriceList  
	aCart isEmpty ifTrue:[self error: self canNotCheckoutEmptyCart].
	^self new initializeToCheckout: aCart registerOn: aSalesBook ! !
!CashierTest methodsFor: 'as yet unclassified' stamp: 'fz_md 11/4/2019 18:49:50' prior: 50781088!
test01canNotCheckoutEmptyCart
	"refactorizar la parte de llamar a cartTest, no?"
	|salesBook|
	
	salesBook := OrderedCollection new.
	
	self should: [Cashier toCheckout: (CartTest new createCart) registerOn: salesBook priceList: Dictionary new]
		raise: Error - MessageNotUnderstood 
		withExceptionDo: [:anError| self assert: anError messageText = Cashier canNotCheckoutEmptyCart.
								self assert: salesBook isEmpty]! !

!methodRemoval: Cashier class #toCheckout:registerOn: stamp: 'fz_md 11/4/2019 18:49:50'!
toCheckout: aCart registerOn: aSalesBook 
	aCart isEmpty ifTrue:[self error: self canNotCheckoutEmptyCart].
	^self new initializeToCheckout: aCart registerOn: aSalesBook !

!testRun: #CashierTest #test02TotalCheckoutAmmountIsCorrect stamp: 'fz_md 11/4/2019 18:50:00'!
ERROR!
!CashierTest methodsFor: 'tests' stamp: 'fz_md 11/4/2019 18:51:14' prior: 50781253!
test02TotalCheckoutAmmountIsCorrect
	| cartTester cart cashier salesBook priceList|
	
	salesBook := OrderedCollection new.
	
	"refactorizar esto del cart tester"
	cartTester := CartTest new.
	
	cart := cartTester createCart.
	cart add: cartTester itemSellByTheStore.
	
	priceList := Dictionary new.
	priceList at: cartTester itemSellByTheStore put: 10.
	
	cashier :=  Cashier toCheckout: cart registerOn: salesBook priceList: priceList.
	
	self assert: (cashier checkout) equals: 10.
	self assert: (salesBook at:0) equals: 10.! !

!testRun: #CashierTest #test02TotalCheckoutAmmountIsCorrect stamp: 'fz_md 11/4/2019 18:51:16'!
ERROR!
!Cashier methodsFor: 'initialization' stamp: 'fz_md 11/4/2019 18:52:24'!
initializeToCheckout: aCart registerOn: aSalesBook priceList: aPriceList  
	cart := aCart.
	salesBook := aSalesBook.! !
!Cashier class methodsFor: 'as yet unclassified' stamp: 'fz_md 11/4/2019 18:52:24' prior: 50781274!
toCheckout: aCart registerOn: aSalesBook priceList: aPriceList  
	aCart isEmpty ifTrue:[self error: self canNotCheckoutEmptyCart].
	^self new initializeToCheckout: aCart registerOn: aSalesBook priceList: Dictionary new ! !

!methodRemoval: Cashier #initializeToCheckout:registerOn: stamp: 'fz_md 11/4/2019 18:52:24'!
initializeToCheckout: aCart registerOn: aSalesBook 
	cart := aCart.
	salesBook := aSalesBook.!
!Cashier class methodsFor: 'instance creation' stamp: 'fz_md 11/4/2019 18:52:36' prior: 50781342!
toCheckout: aCart registerOn: aSalesBook priceList: aPriceList  
	
	aCart isEmpty ifTrue:[self error: self canNotCheckoutEmptyCart].
	
	^self new initializeToCheckout: aCart registerOn: aSalesBook priceList: aPriceList ! !

!classDefinition: #Cashier category: #TusLibros stamp: 'fz_md 11/4/2019 18:52:58'!
Object subclass: #Cashier
	instanceVariableNames: 'cart salesBook priceList'
	classVariableNames: ''
	poolDictionaries: ''
	category: 'TusLibros'!
!Cashier methodsFor: 'initialization' stamp: 'fz_md 11/4/2019 18:52:56' prior: 50781335!
initializeToCheckout: aCart registerOn: aSalesBook priceList: aPriceList  
	cart := aCart.
	salesBook := aSalesBook.
	priceList := aPriceList.! !

!testRun: #CashierTest #test02TotalCheckoutAmmountIsCorrect stamp: 'fz_md 11/4/2019 18:53:00'!
ERROR!
!Cashier methodsFor: 'as yet unclassified' stamp: 'fz_md 11/4/2019 18:56:12' prior: 50781249!
checkout
	^ cart items inject: 0 into: [:totalValue :item | totalValue + priceList at:item]! !

!testRun: #CashierTest #test02TotalCheckoutAmmountIsCorrect stamp: 'fz_md 11/4/2019 18:56:16'!
ERROR!
!Cart methodsFor: 'REFACTORIZAR' stamp: 'fz_md 11/4/2019 18:56:29'!
items
	self shouldBeImplemented.
	^items! !
!Cart methodsFor: 'REFACTORIZAR' stamp: 'fz_md 11/4/2019 18:56:53' prior: 50781395!
items
	^items! !

!testRun: #CashierTest #test02TotalCheckoutAmmountIsCorrect stamp: 'fz_md 11/4/2019 18:56:55'!
ERROR!
!Cashier methodsFor: 'as yet unclassified' stamp: 'fz_md 11/4/2019 18:58:00' prior: 50781386!
checkout
	|totalCheckout|
	
	totalCheckout := cart items inject: 0 into: [:totalValue :item | totalValue + priceList at:item].
	
	salesBook add: totalCheckout.
	
	^totalCheckout! !

!testRun: #CashierTest #test02TotalCheckoutAmmountIsCorrect stamp: 'fz_md 11/4/2019 18:58:03'!
ERROR!
!CashierTest methodsFor: 'tests' stamp: 'fz_md 11/4/2019 18:58:21' prior: 50781312!
test02TotalCheckoutAmmountIsCorrect
	| cartTester cart cashier salesBook priceList|
	
	salesBook := OrderedCollection new.
	
	"refactorizar esto del cart tester"
	cartTester := CartTest new.
	
	cart := cartTester createCart.
	cart add: cartTester itemSellByTheStore.
	
	priceList := Dictionary new.
	priceList at: cartTester itemSellByTheStore put: 10.
	
	cashier :=  Cashier toCheckout: cart registerOn: salesBook priceList: priceList.
	
	self assert: (cashier checkout) equals: 10.
	self assert: (salesBook top) equals: 10.! !

!testRun: #CashierTest #test02TotalCheckoutAmmountIsCorrect stamp: 'fz_md 11/4/2019 18:58:23'!
ERROR!
!CashierTest methodsFor: 'tests' stamp: 'fz_md 11/4/2019 18:58:38' prior: 50781418!
test02TotalCheckoutAmmountIsCorrect
	| cartTester cart cashier salesBook priceList|
	
	salesBook := OrderedCollection new.
	
	"refactorizar esto del cart tester"
	cartTester := CartTest new.
	
	cart := cartTester createCart.
	cart add: cartTester itemSellByTheStore.
	
	priceList := Dictionary new.
	priceList at: cartTester itemSellByTheStore put: 10.
	
	cashier :=  Cashier toCheckout: cart registerOn: salesBook priceList: priceList.
	
	self assert: (cashier checkout) equals: 10.
	self assert: (salesBook first) equals: 10.! !

!testRun: #CashierTest #test02TotalCheckoutAmmountIsCorrect stamp: 'fz_md 11/4/2019 18:58:39'!
PASSED!

!testRun: #CashierTest #test01canNotCheckoutEmptyCart stamp: 'fz_md 11/4/2019 18:58:39'!
PASSED!

!testRun: #CashierTest #test02TotalCheckoutAmmountIsCorrect stamp: 'fz_md 11/4/2019 18:58:39'!
PASSED!

----SNAPSHOT----(4 November 2019 18:58:43) CuisUniversity-3938.image priorSource: 14369824!
!CashierTest methodsFor: 'tests' stamp: 'fz_md 11/4/2019 19:01:01'!
test03cannotCheckoutWithExpiredCreditCard
	| cartTester cart cashier salesBook priceList|
	
	salesBook := OrderedCollection new.
	
	"refactorizar esto del cart tester"
	cartTester := CartTest new.
	
	cart := cartTester createCart.
	cart add: cartTester itemSellByTheStore.
	
	priceList := Dictionary new.
	priceList at: cartTester itemSellByTheStore put: 10.
	
	cashier :=  Cashier toCheckout: cart registerOn: salesBook priceList: priceList.
	
	self assert: (cashier checkout) equals: 10.
	self assert: (salesBook first) equals: 10.! !
!CashierTest methodsFor: 'tests' stamp: 'fz_md 11/4/2019 19:03:44' prior: 50781473!
test03cannotCheckoutWithExpiredCreditCard
	| cartTester cart cashier salesBook priceList aCreditCard |
	
	salesBook := OrderedCollection new.
	
	"refactorizar esto del cart tester"
	cartTester := CartTest new.
	
	cart := cartTester createCart.
	cart add: cartTester itemSellByTheStore.
	
	priceList := Dictionary new.
	priceList at: cartTester itemSellByTheStore put: 10.
	
	cashier :=  Cashier toCheckout: cart registerOn: salesBook priceList: priceList withCreditCard: aCreditCard.
	
	self assert: (cashier checkout) equals: 10.
	self assert: (salesBook first) equals: 10.! !

!classDefinition: #CreditCard category: #TusLibros stamp: 'fz_md 11/4/2019 19:05:53'!
Object subclass: #CreditCard
	instanceVariableNames: ''
	classVariableNames: ''
	poolDictionaries: ''
	category: 'TusLibros'!
!CashierTest methodsFor: 'tests' stamp: 'fz_md 11/4/2019 19:05:46' prior: 50781493!
test03cannotCheckoutWithExpiredCreditCard
	| cartTester cart cashier salesBook priceList aCreditCard |
	
	salesBook := OrderedCollection new.
	
	"refactorizar esto del cart tester"
	cartTester := CartTest new.
	
	cart := cartTester createCart.
	cart add: cartTester itemSellByTheStore.
	
	priceList := Dictionary new.
	priceList at: cartTester itemSellByTheStore put: 10.
	
	aCreditCard := CreditCard new.
	
	cashier :=  Cashier toCheckout: cart registerOn: salesBook priceList: priceList withCreditCard: aCreditCard.
	
	self assert: (cashier checkout) equals: 10.
	self assert: (salesBook first) equals: 10.! !
!CashierTest methodsFor: 'tests' stamp: 'fz_md 11/4/2019 19:10:36' prior: 50781521!
test03cannotCheckoutWithExpiredCreditCard
	| cartTester cart cashier salesBook priceList aCreditCard |
	
	salesBook := OrderedCollection new.
	
	"refactorizar esto del cart tester"
	cartTester := CartTest new.
	
	cart := cartTester createCart.
	cart add: cartTester itemSellByTheStore.
	
	priceList := Dictionary new.
	priceList at: cartTester itemSellByTheStore put: 10.
	
	aCreditCard := CreditCard expiresOn: (GregorianMonthOfYear yearNumber: 2004 monthNumber:1).
	
	cashier :=  Cashier toCheckout: cart registerOn: salesBook priceList: priceList withCreditCard: aCreditCard onDay: (FixedGregorianDate yearNumber: 2004 monthNumber: 1 dayNumber: 1).
	
	self assert: (cashier checkout) equals: 10.
	self assert: (salesBook first) equals: 10.! !
!CashierTest methodsFor: 'tests' stamp: 'fz_md 11/4/2019 19:12:35' prior: 50781543!
test03cannotCheckoutWithExpiredCreditCard
	| cartTester cart cashier salesBook priceList aCreditCard |
	
	salesBook := OrderedCollection new.
	
	"refactorizar esto del cart tester"
	cartTester := CartTest new.
	
	cart := cartTester createCart.
	cart add: cartTester itemSellByTheStore.
	
	priceList := Dictionary new.
	priceList at: cartTester itemSellByTheStore put: 10.
	
	aCreditCard := CreditCard expiresOn: (GregorianMonthOfYear yearNumber: 2000 monthNumber:1).
	
	cashier :=  Cashier toCheckout: cart registerOn: salesBook priceList: priceList withCreditCard: aCreditCard onDay: (FixedGregorianDate yearNumber: 2004 monthNumber: 1 dayNumber: 1).
	
	self should: [Cashier checkout ]
		raise: Error - MessageNotUnderstood 
		withExceptionDo: [:anError| self assert: anError messageText = Cashier canNotCheckoutEmptyCart.
								self assert: salesBook isEmpty]! !
!CashierTest methodsFor: 'tests' stamp: 'fz_md 11/4/2019 19:12:44' prior: 50781569!
test03cannotCheckoutWithExpiredCreditCard
	| cartTester cart cashier salesBook priceList aCreditCard |
	
	salesBook := OrderedCollection new.
	
	"refactorizar esto del cart tester"
	cartTester := CartTest new.
	
	cart := cartTester createCart.
	cart add: cartTester itemSellByTheStore.
	
	priceList := Dictionary new.
	priceList at: cartTester itemSellByTheStore put: 10.
	
	aCreditCard := CreditCard expiresOn: (GregorianMonthOfYear yearNumber: 2000 monthNumber:1).
	
	cashier :=  Cashier toCheckout: cart registerOn: salesBook priceList: priceList withCreditCard: aCreditCard onDay: (FixedGregorianDate yearNumber: 2004 monthNumber: 1 dayNumber: 1).
	
	self should: [cashier checkout ]
		raise: Error - MessageNotUnderstood 
		withExceptionDo: [:anError| self assert: anError messageText = Cashier canNotCheckoutEmptyCart.
								self assert: salesBook isEmpty]! !
!CashierTest methodsFor: 'tests' stamp: 'fz_md 11/4/2019 19:13:11' prior: 50781599!
test03cannotCheckoutWithExpiredCreditCard
	| cartTester cart cashier salesBook priceList aCreditCard |
	
	salesBook := OrderedCollection new.
	
	"refactorizar esto del cart tester"
	cartTester := CartTest new.
	
	cart := cartTester createCart.
	cart add: cartTester itemSellByTheStore.
	
	priceList := Dictionary new.
	priceList at: cartTester itemSellByTheStore put: 10.
	
	aCreditCard := CreditCard expiresOn: (GregorianMonthOfYear yearNumber: 2000 monthNumber:1).
	
	cashier :=  Cashier toCheckout: cart registerOn: salesBook priceList: priceList withCreditCard: aCreditCard onDay: (FixedGregorianDate yearNumber: 2004 monthNumber: 1 dayNumber: 1).
	
	self should: [cashier checkout ]
		raise: Error - MessageNotUnderstood 
		withExceptionDo: [:anError| self assert: anError messageText = Cashier canNotCheckoutWIthExpiredCreditCard.
								self assert: salesBook isEmpty]! !

!testRun: #CashierTest #test03cannotCheckoutWithExpiredCreditCard stamp: 'fz_md 11/4/2019 19:13:18'!
ERROR!
!CreditCard class methodsFor: 'instance creation' stamp: 'fz_md 11/4/2019 19:13:27'!
expiresOn: aGregorianMonthOfYear 
	"DO NOT FORGET TO RENAME COLLABORATORS AND REMOVE THIS COMMENT!!!!"
	self shouldBeImplemented.
	^self new initializeExpiresOn: aGregorianMonthOfYear ! !
!CreditCard class methodsFor: 'instance creation' stamp: 'fz_md 11/4/2019 19:13:44' prior: 50781663!
expiresOn: aGregorianMonthOfYear 
	^self new initializeExpiresOn: aGregorianMonthOfYear ! !
!CreditCard class methodsFor: 'instance creation' stamp: 'fz_md 11/4/2019 19:13:56' prior: 50781673!
expiresOn: expirationDate 
	^self new initializeExpiresOn: expirationDate ! !

!testRun: #CashierTest #test03cannotCheckoutWithExpiredCreditCard stamp: 'fz_md 11/4/2019 19:14:01'!
ERROR!

!classDefinition: #CreditCard category: #TusLibros stamp: 'fz_md 11/4/2019 19:14:11'!
Object subclass: #CreditCard
	instanceVariableNames: 'expirationDate_CHANGE_ME'
	classVariableNames: ''
	poolDictionaries: ''
	category: 'TusLibros'!
!CreditCard methodsFor: 'initialization' stamp: 'fz_md 11/4/2019 19:14:11'!
initializeExpiresOn: expirationDate 
	self shouldBeImplemented.
	expirationDate_CHANGE_ME := expirationDate.! !
!CreditCard methodsFor: 'initialization' stamp: 'fz_md 11/4/2019 19:14:15' prior: 50781696!
initializeExpiresOn: expirationDate 
	
	expirationDate_CHANGE_ME := expirationDate.! !
!CreditCard methodsFor: 'initialization' stamp: 'fz_md 11/4/2019 19:14:53' prior: 50781703!
initializeExpiresOn: anExpirationDate 
	! !

!classDefinition: #CreditCard category: #TusLibros stamp: 'fz_md 11/4/2019 19:14:56'!
Object subclass: #CreditCard
	instanceVariableNames: 'expirationDate_CHANGE_ME expirationDate'
	classVariableNames: ''
	poolDictionaries: ''
	category: 'TusLibros'!
!CreditCard methodsFor: 'initialization' stamp: 'fz_md 11/4/2019 19:14:55' prior: 50781709!
initializeExpiresOn: anExpirationDate 
	
	expirationDate := anExpirationDate.! !

!testRun: #CashierTest #test03cannotCheckoutWithExpiredCreditCard stamp: 'fz_md 11/4/2019 19:14:57'!
ERROR!
!Cashier class methodsFor: 'as yet unclassified' stamp: 'fz_md 11/4/2019 19:15:26'!
toCheckout: aCart registerOn: anOrderedCollection priceList: aDictionary withCreditCard: aCreditCard onDay: aFixedGregorianDate 
	self shouldBeImplemented.! !
!Cashier class methodsFor: 'instance creation' stamp: 'fz_md 11/4/2019 19:17:14'!
toCheckout: aCart registerOn: aSalesBook priceList: aPriceList withCreditCard: aCreditCard   
	
	aCart isEmpty ifTrue:[self error: self canNotCheckoutEmptyCart].
	
	^self new initializeToCheckout: aCart registerOn: aSalesBook priceList: aPriceList ! !
!CashierTest methodsFor: 'as yet unclassified' stamp: 'fz_md 11/4/2019 19:17:14' prior: 50781284!
test01canNotCheckoutEmptyCart
	"refactorizar la parte de llamar a cartTest, no?"
	|salesBook|
	
	salesBook := OrderedCollection new.
	
	self should: [Cashier toCheckout: (CartTest new createCart) registerOn: salesBook priceList: Dictionary new withCreditCard: ((CreditCard expiresOn: (GregorianMonthOfYear yearNumber: 2000 monthNumber:1)))]
		raise: Error - MessageNotUnderstood 
		withExceptionDo: [:anError| self assert: anError messageText = Cashier canNotCheckoutEmptyCart.
								self assert: salesBook isEmpty]! !
!CashierTest methodsFor: 'as yet unclassified' stamp: 'fz_md 11/4/2019 19:17:15' prior: 50781441!
test02TotalCheckoutAmmountIsCorrect
	| cartTester cart cashier salesBook priceList|
	
	salesBook := OrderedCollection new.
	
	"refactorizar esto del cart tester"
	cartTester := CartTest new.
	
	cart := cartTester createCart.
	cart add: cartTester itemSellByTheStore.
	
	priceList := Dictionary new.
	priceList at: cartTester itemSellByTheStore put: 10.
	
	cashier :=  Cashier toCheckout: cart registerOn: salesBook priceList: priceList withCreditCard: ((CreditCard expiresOn: (GregorianMonthOfYear yearNumber: 2000 monthNumber:1))).
	
	self assert: (cashier checkout) equals: 10.
	self assert: (salesBook first) equals: 10.! !

!methodRemoval: Cashier class #toCheckout:registerOn:priceList: stamp: 'fz_md 11/4/2019 19:17:15'!
toCheckout: aCart registerOn: aSalesBook priceList: aPriceList  
	
	aCart isEmpty ifTrue:[self error: self canNotCheckoutEmptyCart].
	
	^self new initializeToCheckout: aCart registerOn: aSalesBook priceList: aPriceList !

!methodRemoval: Cashier class #toCheckout:registerOn:priceList:withCreditCard:onDay: stamp: 'fz_md 11/4/2019 19:17:30'!
toCheckout: aCart registerOn: anOrderedCollection priceList: aDictionary withCreditCard: aCreditCard onDay: aFixedGregorianDate 
	self shouldBeImplemented.!
!Cashier class methodsFor: 'instance creation' stamp: 'fz_md 11/4/2019 19:18:08'!
toCheckout: aCart registerOn: aSalesBook priceList: aPriceList withCreditCard: aCreditCard onDay: aDay    
	
	aCart isEmpty ifTrue:[self error: self canNotCheckoutEmptyCart].
	
	^self new initializeToCheckout: aCart registerOn: aSalesBook priceList: aPriceList ! !
!CashierTest methodsFor: 'as yet unclassified' stamp: 'fz_md 11/4/2019 19:18:08' prior: 50781750!
test01canNotCheckoutEmptyCart
	"refactorizar la parte de llamar a cartTest, no?"
	|salesBook|
	
	salesBook := OrderedCollection new.
	
	self should: [Cashier toCheckout: (CartTest new createCart) registerOn: salesBook priceList: Dictionary new withCreditCard: ((CreditCard expiresOn: (GregorianMonthOfYear yearNumber: 2000 monthNumber:1))) onDay: ((FixedGregorianDate yearNumber: 2004 monthNumber: 1 dayNumber: 1))]
		raise: Error - MessageNotUnderstood 
		withExceptionDo: [:anError| self assert: anError messageText = Cashier canNotCheckoutEmptyCart.
								self assert: salesBook isEmpty]! !
!CashierTest methodsFor: 'as yet unclassified' stamp: 'fz_md 11/4/2019 19:18:08' prior: 50781770!
test02TotalCheckoutAmmountIsCorrect
	| cartTester cart cashier salesBook priceList|
	
	salesBook := OrderedCollection new.
	
	"refactorizar esto del cart tester"
	cartTester := CartTest new.
	
	cart := cartTester createCart.
	cart add: cartTester itemSellByTheStore.
	
	priceList := Dictionary new.
	priceList at: cartTester itemSellByTheStore put: 10.
	
	cashier :=  Cashier toCheckout: cart registerOn: salesBook priceList: priceList withCreditCard: ((CreditCard expiresOn: (GregorianMonthOfYear yearNumber: 2000 monthNumber:1))) onDay: ((FixedGregorianDate yearNumber: 2004 monthNumber: 1 dayNumber: 1)).
	
	self assert: (cashier checkout) equals: 10.
	self assert: (salesBook first) equals: 10.! !

!methodRemoval: Cashier class #toCheckout:registerOn:priceList:withCreditCard: stamp: 'fz_md 11/4/2019 19:18:08'!
toCheckout: aCart registerOn: aSalesBook priceList: aPriceList withCreditCard: aCreditCard   
	
	aCart isEmpty ifTrue:[self error: self canNotCheckoutEmptyCart].
	
	^self new initializeToCheckout: aCart registerOn: aSalesBook priceList: aPriceList !
!Cashier methodsFor: 'initialization' stamp: 'fz_md 11/4/2019 19:18:42'!
initializeToCheckout: aCart registerOn: aSalesBook priceList: aPriceList withCreditCard: aCreditCard onDay: aDay    
	cart := aCart.
	salesBook := aSalesBook.
	priceList := aPriceList.! !

!methodRemoval: Cashier #initializeToCheckout:registerOn:priceList: stamp: 'fz_md 11/4/2019 19:18:50'!
initializeToCheckout: aCart registerOn: aSalesBook priceList: aPriceList  
	cart := aCart.
	salesBook := aSalesBook.
	priceList := aPriceList.!
!Cashier class methodsFor: 'instance creation' stamp: 'fz_md 11/4/2019 19:19:02' prior: 50781811!
toCheckout: aCart registerOn: aSalesBook priceList: aPriceList withCreditCard: aCreditCard onDay: aDay    
	
	aCart isEmpty ifTrue:[self error: self canNotCheckoutEmptyCart].
	
	^self new initializeToCheckout: aCart registerOn: aSalesBook priceList: aPriceList withCreditCard: aCreditCard onDay: aDay    ! !

!classDefinition: #Cashier category: #TusLibros stamp: 'fz_md 11/4/2019 19:19:24'!
Object subclass: #Cashier
	instanceVariableNames: 'cart salesBook priceList creditCard'
	classVariableNames: ''
	poolDictionaries: ''
	category: 'TusLibros'!
!Cashier methodsFor: 'initialization' stamp: 'fz_md 11/4/2019 19:19:22' prior: 50781881!
initializeToCheckout: aCart registerOn: aSalesBook priceList: aPriceList withCreditCard: aCreditCard onDay: aDay    
	cart := aCart.
	salesBook := aSalesBook.
	priceList := aPriceList.
	creditCard := aCreditCard.
	day := aDay.! !

!classDefinition: #Cashier category: #TusLibros stamp: 'fz_md 11/4/2019 19:19:35'!
Object subclass: #Cashier
	instanceVariableNames: 'cart salesBook priceList creditCard date'
	classVariableNames: ''
	poolDictionaries: ''
	category: 'TusLibros'!
!Cashier methodsFor: 'initialization' stamp: 'fz_md 11/4/2019 19:19:31' prior: 50781918!
initializeToCheckout: aCart registerOn: aSalesBook priceList: aPriceList withCreditCard: aCreditCard onDay: aDay    
	cart := aCart.
	salesBook := aSalesBook.
	priceList := aPriceList.
	creditCard := aCreditCard.
	date := aDay.! !

!testRun: #CashierTest #test01canNotCheckoutEmptyCart stamp: 'fz_md 11/4/2019 19:19:40'!
PASSED!

!testRun: #CashierTest #test02TotalCheckoutAmmountIsCorrect stamp: 'fz_md 11/4/2019 19:19:40'!
PASSED!

!testRun: #CashierTest #test03cannotCheckoutWithExpiredCreditCard stamp: 'fz_md 11/4/2019 19:19:40'!
FAILURE!

!testRun: #CashierTest #test03cannotCheckoutWithExpiredCreditCard stamp: 'fz_md 11/4/2019 19:19:40'!
FAILURE!
!Cashier methodsFor: 'as yet unclassified' stamp: 'fz_md 11/4/2019 19:21:24' prior: 50781406!
checkout
	|totalCheckout|
	
	date > creditCard expirationDate ifTrue: [].
	
	totalCheckout := cart items inject: 0 into: [:totalValue :item | totalValue + priceList at:item].
	
	salesBook add: totalCheckout.
	
	^totalCheckout! !
!CreditCard methodsFor: 'nil' stamp: 'fz_md 11/4/2019 19:22:00'!
expirationDate

	^ expirationDate.! !

Object subclass: #CreditCard
	instanceVariableNames: ' expirationDate'
	classVariableNames: ''
	poolDictionaries: ''
	category: 'TusLibros'!

!classDefinition: #CreditCard category: #TusLibros stamp: 'fz_md 11/4/2019 19:22:04'!
Object subclass: #CreditCard
	instanceVariableNames: 'expirationDate'
	classVariableNames: ''
	poolDictionaries: ''
	category: 'TusLibros'!

(GregorianMonthOfYear yearNumber: 2000 monthNumber:1)	 lastDayOfMonth !

|asd|

asd := GregorianMonthOfYear yearNumber: 2000 monthNumber:1.
!

self lastDay !

self lastDayNumber !
!Cashier methodsFor: 'as yet unclassified' stamp: 'fz_md 11/4/2019 19:24:26' prior: 50781960!
checkout
	|totalCheckout|
	
	date > creditCard expirationDate ifTrue: [self error: self class canNotCheckoutWIthExpiredCreditCard ].
	
	totalCheckout := cart items inject: 0 into: [:totalValue :item | totalValue + priceList at:item].
	
	salesBook add: totalCheckout.
	
	^totalCheckout! !

!testRun: #CashierTest #test03cannotCheckoutWithExpiredCreditCard stamp: 'fz_md 11/4/2019 19:24:30'!
ERROR!
!Cashier class methodsFor: 'error messages' stamp: 'fz_md 11/4/2019 19:24:39'!
canNotCheckoutWIthExpiredCreditCard
	self shouldBeImplemented.! !
!Cashier class methodsFor: 'error messages' stamp: 'fz_md 11/4/2019 19:24:50' prior: 50782007!
canNotCheckoutWIthExpiredCreditCard
	^'the credit card is no longer valid'! !

!testRun: #CashierTest #test03cannotCheckoutWithExpiredCreditCard stamp: 'fz_md 11/4/2019 19:24:55'!
PASSED!

!testRun: #CashierTest #test01canNotCheckoutEmptyCart stamp: 'fz_md 11/4/2019 19:24:55'!
PASSED!

!testRun: #CashierTest #test02TotalCheckoutAmmountIsCorrect stamp: 'fz_md 11/4/2019 19:24:55'!
ERROR!

!testRun: #CashierTest #test03cannotCheckoutWithExpiredCreditCard stamp: 'fz_md 11/4/2019 19:24:55'!
PASSED!

!testRun: #CashierTest #test02TotalCheckoutAmmountIsCorrect stamp: 'fz_md 11/4/2019 19:24:55'!
ERROR!
!CashierTest methodsFor: 'tests' stamp: 'fz_md 11/4/2019 19:25:15' prior: 50781845!
test02TotalCheckoutAmmountIsCorrect
	| cartTester cart cashier salesBook priceList|
	
	salesBook := OrderedCollection new.
	
	"refactorizar esto del cart tester"
	cartTester := CartTest new.
	
	cart := cartTester createCart.
	cart add: cartTester itemSellByTheStore.
	
	priceList := Dictionary new.
	priceList at: cartTester itemSellByTheStore put: 10.
	
	cashier :=  Cashier toCheckout: cart registerOn: salesBook priceList: priceList withCreditCard: ((CreditCard expiresOn: (GregorianMonthOfYear yearNumber: 2020 monthNumber:1))) onDay: ((FixedGregorianDate yearNumber: 2004 monthNumber: 1 dayNumber: 1)).
	
	self assert: (cashier checkout) equals: 10.
	self assert: (salesBook first) equals: 10.! !

!testRun: #CashierTest #test02TotalCheckoutAmmountIsCorrect stamp: 'fz_md 11/4/2019 19:25:16'!
PASSED!

!testRun: #CashierTest #test01canNotCheckoutEmptyCart stamp: 'fz_md 11/4/2019 19:25:22'!
PASSED!

!testRun: #CashierTest #test02TotalCheckoutAmmountIsCorrect stamp: 'fz_md 11/4/2019 19:25:22'!
PASSED!

!testRun: #CashierTest #test03cannotCheckoutWithExpiredCreditCard stamp: 'fz_md 11/4/2019 19:25:22'!
PASSED!
!CashierTest methodsFor: 'nil' stamp: 'fz_md 11/4/2019 19:26:48'!
setUp! !

!classDefinition: #CashierTest category: #TusLibros stamp: 'fz_md 11/4/2019 19:27:21'!
TestCase subclass: #CashierTest
	instanceVariableNames: 'emptyCart'
	classVariableNames: ''
	poolDictionaries: ''
	category: 'TusLibros'!
!CashierTest methodsFor: 'tests' stamp: 'fz_md 11/4/2019 19:27:19' prior: 50781823!
test01canNotCheckoutEmptyCart
	"refactorizar la parte de llamar a cartTest, no?"
	|salesBook|
	
	salesBook := OrderedCollection new.
	
	self should: [Cashier toCheckout: emptyCart registerOn: salesBook priceList: Dictionary new withCreditCard: ((CreditCard expiresOn: (GregorianMonthOfYear yearNumber: 2000 monthNumber:1))) onDay: ((FixedGregorianDate yearNumber: 2004 monthNumber: 1 dayNumber: 1))]
		raise: Error - MessageNotUnderstood 
		withExceptionDo: [:anError| self assert: anError messageText = Cashier canNotCheckoutEmptyCart.
								self assert: salesBook isEmpty]! !
!CashierTest methodsFor: 'setUp' stamp: 'fz_md 11/4/2019 19:27:36' prior: 50782072!
setUp
	emptyCart := CartTest new createCart.! !
!CashierTest methodsFor: 'tests' stamp: 'fz_md 11/4/2019 19:27:44' prior: 50782082!
test01canNotCheckoutEmptyCart
	|salesBook|
	
	salesBook := OrderedCollection new.
	
	self should: [Cashier toCheckout: emptyCart registerOn: salesBook priceList: Dictionary new withCreditCard: ((CreditCard expiresOn: (GregorianMonthOfYear yearNumber: 2000 monthNumber:1))) onDay: ((FixedGregorianDate yearNumber: 2004 monthNumber: 1 dayNumber: 1))]
		raise: Error - MessageNotUnderstood 
		withExceptionDo: [:anError| self assert: anError messageText = Cashier canNotCheckoutEmptyCart.
								self assert: salesBook isEmpty]! !
!CashierTest methodsFor: 'setUp' stamp: 'fz_md 11/4/2019 19:27:50' prior: 50782103!
setUp
	"refactorizar la parte de llamar a cartTest"
	
	emptyCart := CartTest new createCart.! !

!classDefinition: #CashierTest category: #TusLibros stamp: 'fz_md 11/4/2019 19:28:06'!
TestCase subclass: #CashierTest
	instanceVariableNames: 'emptyCart emptySalesBook'
	classVariableNames: ''
	poolDictionaries: ''
	category: 'TusLibros'!
!CashierTest methodsFor: 'tests' stamp: 'fz_md 11/4/2019 19:28:05' prior: 50782108!
test01canNotCheckoutEmptyCart
	|salesBook|
	
	salesBook := OrderedCollection new.
	
	self should: [Cashier toCheckout: emptyCart registerOn: emptySalesBook priceList: Dictionary new withCreditCard: ((CreditCard expiresOn: (GregorianMonthOfYear yearNumber: 2000 monthNumber:1))) onDay: ((FixedGregorianDate yearNumber: 2004 monthNumber: 1 dayNumber: 1))]
		raise: Error - MessageNotUnderstood 
		withExceptionDo: [:anError| self assert: anError messageText = Cashier canNotCheckoutEmptyCart.
								self assert: salesBook isEmpty]! !
!CashierTest methodsFor: 'setUp' stamp: 'fz_md 11/4/2019 19:28:20' prior: 50782128!
setUp
	"refactorizar la parte de llamar a cartTest"
	
	emptyCart := CartTest new createCart.
	emptySalesBook := OrderedCollection new.! !

!classDefinition: #CashierTest category: #TusLibros stamp: 'fz_md 11/4/2019 19:29:23'!
TestCase subclass: #CashierTest
	instanceVariableNames: 'emptyCart emptySalesBook expiredCreditCard'
	classVariableNames: ''
	poolDictionaries: ''
	category: 'TusLibros'!
!CashierTest methodsFor: 'setUp' stamp: 'fz_md 11/4/2019 19:29:22' prior: 50782162!
setUp
	"refactorizar la parte de llamar a cartTest"
	
	emptyCart := CartTest new createCart.
	emptySalesBook := OrderedCollection new.
	
	expiredCreditCard := CreditCard expiresOn: (GregorianMonthOfYear yearNumber: 2000 monthNumber:1).! !

!classDefinition: #CashierTest category: #TusLibros stamp: 'fz_md 11/4/2019 19:29:36'!
TestCase subclass: #CashierTest
	instanceVariableNames: 'emptyCart emptySalesBook expiredCreditCard validCreditCard'
	classVariableNames: ''
	poolDictionaries: ''
	category: 'TusLibros'!
!CashierTest methodsFor: 'setUp' stamp: 'fz_md 11/4/2019 19:29:35' prior: 50782178!
setUp
	"refactorizar la parte de llamar a cartTest"
	
	emptyCart := CartTest new createCart.
	emptySalesBook := OrderedCollection new.
	
	expiredCreditCard := CreditCard expiresOn: (GregorianMonthOfYear yearNumber: 2000 monthNumber:1).
	
	validCreditCard := CreditCard expiresOn: (GregorianMonthOfYear yearNumber: 2000 monthNumber:1).! !
!CashierTest methodsFor: 'setUp' stamp: 'fz_md 11/4/2019 19:29:42' prior: 50782197!
setUp
	"refactorizar la parte de llamar a cartTest"
	
	emptyCart := CartTest new createCart.
	emptySalesBook := OrderedCollection new.
	
	expiredCreditCard := CreditCard expiresOn: (GregorianMonthOfYear yearNumber: 2000 monthNumber:1).
	
	validCreditCard := CreditCard expiresOn: (GregorianMonthOfYear yearNumber: 2200 monthNumber:1).! !

!classDefinition: #CashierTest category: #TusLibros stamp: 'fz_md 11/4/2019 19:30:02'!
TestCase subclass: #CashierTest
	instanceVariableNames: 'emptyCart emptySalesBook expiredCreditCard validCreditCard date'
	classVariableNames: ''
	poolDictionaries: ''
	category: 'TusLibros'!
!CashierTest methodsFor: 'tests' stamp: 'fz_md 11/4/2019 19:30:01' prior: 50782142!
test01canNotCheckoutEmptyCart
	|salesBook|
	
	salesBook := OrderedCollection new.
	
	self should: [Cashier toCheckout: emptyCart registerOn: emptySalesBook priceList: Dictionary new withCreditCard: validCreditCard onDay: date]
		raise: Error - MessageNotUnderstood 
		withExceptionDo: [:anError| self assert: anError messageText = Cashier canNotCheckoutEmptyCart.
								self assert: salesBook isEmpty]! !
!CashierTest methodsFor: 'setUp' stamp: 'fz_md 11/4/2019 19:30:15' prior: 50782211!
setUp
	"refactorizar la parte de llamar a cartTest"
	
	emptyCart := CartTest new createCart.
	emptySalesBook := OrderedCollection new.
	
	expiredCreditCard := CreditCard expiresOn: (GregorianMonthOfYear yearNumber: 2000 monthNumber:1).
	
	validCreditCard := CreditCard expiresOn: (GregorianMonthOfYear yearNumber: 2200 monthNumber:1).
	
	date := FixedGregorianDate yearNumber: 2004 monthNumber: 1 dayNumber: 1.! !
!CashierTest methodsFor: 'setUp' stamp: 'fz_md 11/4/2019 19:30:28' prior: 50782249!
setUp
	"refactorizar la parte de llamar a cartTest"
	
	emptyCart := CartTest new createCart.
	emptySalesBook := OrderedCollection new.
	
	expiredCreditCard := CreditCard expiresOn: (GregorianMonthOfYear yearNumber: 2000 monthNumber:1).
	
	validCreditCard := CreditCard expiresOn: (GregorianMonthOfYear yearNumber: 2200 monthNumber:1).
	
	date := FixedGregorianDate yearNumber: 2019 monthNumber: 12 dayNumber: 31.! !

!classDefinition: #CashierTest category: #TusLibros stamp: 'fz_md 11/4/2019 19:30:36'!
TestCase subclass: #CashierTest
	instanceVariableNames: 'emptyCart emptySalesBook expiredCreditCard validCreditCard testingDate'
	classVariableNames: ''
	poolDictionaries: ''
	category: 'TusLibros'!
!CashierTest methodsFor: 'as yet unclassified' stamp: 'fz_md 11/4/2019 19:30:36' prior: 50782265!
setUp
	"refactorizar la parte de llamar a cartTest"
	
	emptyCart := CartTest new createCart.
	emptySalesBook := OrderedCollection new.
	
	expiredCreditCard := CreditCard expiresOn: (GregorianMonthOfYear yearNumber: 2000 monthNumber:1).
	
	validCreditCard := CreditCard expiresOn: (GregorianMonthOfYear yearNumber: 2200 monthNumber:1).
	
	testingDate := FixedGregorianDate yearNumber: 2019 monthNumber: 12 dayNumber: 31.! !
!CashierTest methodsFor: 'as yet unclassified' stamp: 'fz_md 11/4/2019 19:30:36' prior: 50782233!
test01canNotCheckoutEmptyCart
	|salesBook|
	
	salesBook := OrderedCollection new.
	
	self should: [Cashier toCheckout: emptyCart registerOn: emptySalesBook priceList: Dictionary new withCreditCard: validCreditCard onDay: testingDate]
		raise: Error - MessageNotUnderstood 
		withExceptionDo: [:anError| self assert: anError messageText = Cashier canNotCheckoutEmptyCart.
								self assert: salesBook isEmpty]! !

!testRun: #CashierTest #test01canNotCheckoutEmptyCart stamp: 'fz_md 11/4/2019 19:30:43'!
PASSED!

!classDefinition: #CashierTest category: #TusLibros stamp: 'fz_md 11/4/2019 19:32:47'!
TestCase subclass: #CashierTest
	instanceVariableNames: 'emptyCart emptySalesBook expiredCreditCard validCreditCard testingDate item'
	classVariableNames: ''
	poolDictionaries: ''
	category: 'TusLibros'!

!classDefinition: #CashierTest category: #TusLibros stamp: 'fz_md 11/4/2019 19:32:48'!
TestCase subclass: #CashierTest
	instanceVariableNames: 'emptyCart emptySalesBook expiredCreditCard validCreditCard testingDate item cartWithItems'
	classVariableNames: ''
	poolDictionaries: ''
	category: 'TusLibros'!
!CashierTest methodsFor: 'setUp' stamp: 'fz_md 11/4/2019 19:32:46' prior: 50782291!
setUp
	"refactorizar la parte de llamar a cartTest"
	
	emptyCart := CartTest new createCart.
	
	item := CartTest new itemSellByTheStore.
	cartWithItems := CartTest new createCart.
	cartWithItems add: item.
	
	emptySalesBook := OrderedCollection new.
	
	expiredCreditCard := CreditCard expiresOn: (GregorianMonthOfYear yearNumber: 2000 monthNumber:1).
	
	validCreditCard := CreditCard expiresOn: (GregorianMonthOfYear yearNumber: 2200 monthNumber:1).
	
	testingDate := FixedGregorianDate yearNumber: 2019 monthNumber: 12 dayNumber: 31.! !
!CashierTest methodsFor: 'setUp' stamp: 'fz_md 11/4/2019 19:32:58' prior: 50782346!
setUp
	"refactorizar la parte de llamar a cartTest"
	item := CartTest new itemSellByTheStore.
	
	emptyCart := CartTest new createCart.
	
	cartWithItems := CartTest new createCart.
	cartWithItems add: item.
	
	emptySalesBook := OrderedCollection new.
	
	expiredCreditCard := CreditCard expiresOn: (GregorianMonthOfYear yearNumber: 2000 monthNumber:1).
	
	validCreditCard := CreditCard expiresOn: (GregorianMonthOfYear yearNumber: 2200 monthNumber:1).
	
	testingDate := FixedGregorianDate yearNumber: 2019 monthNumber: 12 dayNumber: 31.! !

TestCase subclass: #CashierTest
	instanceVariableNames: 'emptyCart emptySalesBook expiredCreditCard validCreditCard testingDate item cartWithItems priceList'
	classVariableNames: ''
	poolDictionaries: ''
	category: 'TusLibros'!

!classDefinition: #CashierTest category: #TusLibros stamp: 'fz_md 11/4/2019 19:34:44'!
TestCase subclass: #CashierTest
	instanceVariableNames: 'emptyCart emptySalesBook expiredCreditCard validCreditCard testingDate item cartWithItems pricesList'
	classVariableNames: ''
	poolDictionaries: ''
	category: 'TusLibros'!
!CashierTest methodsFor: 'setUp' stamp: 'fz_md 11/4/2019 19:34:43' prior: 50782366!
setUp
	"refactorizar la parte de llamar a cartTest"
	item := CartTest new itemSellByTheStore.
	
	emptyCart := CartTest new createCart.
	
	cartWithItems := CartTest new createCart.
	cartWithItems add: item.
	
	emptySalesBook := OrderedCollection new.
	
	expiredCreditCard := CreditCard expiresOn: (GregorianMonthOfYear yearNumber: 2000 monthNumber:1).
	
	validCreditCard := CreditCard expiresOn: (GregorianMonthOfYear yearNumber: 2200 monthNumber:1).
	
	testingDate := FixedGregorianDate yearNumber: 2019 monthNumber: 12 dayNumber: 31.
	
	pricesList := Dictionary new.
	pricesList at: item put: 10.! !
!CashierTest methodsFor: 'tests' stamp: 'fz_md 11/4/2019 19:36:16' prior: 50782035!
test02TotalCheckoutAmmountIsCorrect
	| cashier|
	
	cashier :=  Cashier toCheckout: cartWithItems registerOn: emptySalesBook priceList: pricesList withCreditCard: validCreditCard onDay: testingDate.
	
	self assert: (cashier checkout) equals: 10.
	self assert: (emptySalesBook first) equals: 10.! !

!testRun: #CashierTest #test02TotalCheckoutAmmountIsCorrect stamp: 'fz_md 11/4/2019 19:36:23'!
PASSED!

!testRun: #CashierTest #test01canNotCheckoutEmptyCart stamp: 'fz_md 11/4/2019 19:36:23'!
PASSED!

!testRun: #CashierTest #test02TotalCheckoutAmmountIsCorrect stamp: 'fz_md 11/4/2019 19:36:23'!
PASSED!

!testRun: #CashierTest #test03cannotCheckoutWithExpiredCreditCard stamp: 'fz_md 11/4/2019 19:36:23'!
PASSED!
!CashierTest methodsFor: 'tests' stamp: 'fz_md 11/4/2019 19:36:35' prior: 50782308!
test01canNotCheckoutEmptyCart
	
	self should: [Cashier toCheckout: emptyCart registerOn: emptySalesBook priceList: Dictionary new withCreditCard: validCreditCard onDay: testingDate]
		raise: Error - MessageNotUnderstood 
		withExceptionDo: [:anError| self assert: anError messageText = Cashier canNotCheckoutEmptyCart.
								self assert: emptySalesBook isEmpty]! !

!testRun: #CashierTest #test01canNotCheckoutEmptyCart stamp: 'fz_md 11/4/2019 19:36:37'!
PASSED!

!testRun: #CashierTest #test01canNotCheckoutEmptyCart stamp: 'fz_md 11/4/2019 19:36:37'!
PASSED!

!testRun: #CashierTest #test02TotalCheckoutAmmountIsCorrect stamp: 'fz_md 11/4/2019 19:36:37'!
PASSED!

!testRun: #CashierTest #test03cannotCheckoutWithExpiredCreditCard stamp: 'fz_md 11/4/2019 19:36:37'!
PASSED!
!CashierTest methodsFor: 'tests' stamp: 'fz_md 11/4/2019 19:38:28' prior: 50781629!
test03cannotCheckoutWithExpiredCreditCard
	| cashier|
	
	cashier :=  Cashier toCheckout: cartWithItems registerOn: emptySalesBook priceList: pricesList withCreditCard: expiredCreditCard onDay: testingDate.
	
	self should: [cashier checkout ]
		raise: Error - MessageNotUnderstood 
		withExceptionDo: [:anError| self assert: anError messageText = Cashier canNotCheckoutWIthExpiredCreditCard.
								self assert: emptySalesBook isEmpty]! !

!testRun: #CashierTest #test03cannotCheckoutWithExpiredCreditCard stamp: 'fz_md 11/4/2019 19:38:30'!
PASSED!

!testRun: #CashierTest #test01canNotCheckoutEmptyCart stamp: 'fz_md 11/4/2019 19:38:30'!
PASSED!

!testRun: #CashierTest #test02TotalCheckoutAmmountIsCorrect stamp: 'fz_md 11/4/2019 19:38:30'!
PASSED!

!testRun: #CashierTest #test03cannotCheckoutWithExpiredCreditCard stamp: 'fz_md 11/4/2019 19:38:30'!
PASSED!

----SNAPSHOT----(4 November 2019 19:38:34) CuisUniversity-3938.image priorSource: 14394212!

Object subclass: #TusLibrosTestObjectFactory
	instanceVariableNames: 'expirationDate'
	classVariableNames: ''
	poolDictionaries: ''
	category: 'TusLibros'!

!classDefinition: #TusLibrosTestObjectFactory category: #TusLibros stamp: 'fz_md 11/4/2019 19:40:02'!
Object subclass: #TusLibrosTestObjectFactory
	instanceVariableNames: 'expirationDate'
	classVariableNames: ''
	poolDictionaries: ''
	category: 'TusLibros'!
!TusLibrosTestObjectFactory methodsFor: 'nil' stamp: 'fz_md 11/4/2019 19:40:49'!
createCart
	
	^Cart acceptingItemsOf: self defaultCatalog! !
!TusLibrosTestObjectFactory methodsFor: 'as yet unclassified' stamp: 'fz_md 11/4/2019 19:40:57'!
defaultCatalog
	
	^ Array with: self itemSellByTheStore! !
!TusLibrosTestObjectFactory methodsFor: 'as yet unclassified' stamp: 'fz_md 11/4/2019 19:41:03'!
itemNotSellByTheStore
	
	^'invalidBook'! !
!TusLibrosTestObjectFactory methodsFor: 'as yet unclassified' stamp: 'fz_md 11/4/2019 19:41:13'!
itemSellByTheStore
	
	^ 'validBook'! !

!methodRemoval: CartTest #itemSellByTheStore stamp: 'fz_md 11/4/2019 19:41:42'!
itemSellByTheStore
	
	^ 'validBook'!
!CartTest methodsFor: 'support' stamp: 'fz_md 11/4/2019 19:42:09'!
itemSellByTheStore
	^TusLibrosTestObjectFactory itemSellByTheStore! !
!TusLibrosTestObjectFactory class methodsFor: 'nil' stamp: 'fz_md 11/4/2019 19:42:38'!
createCart
	
	^Cart acceptingItemsOf: self defaultCatalog! !
!TusLibrosTestObjectFactory class methodsFor: 'as yet unclassified' stamp: 'fz_md 11/4/2019 19:42:43'!
defaultCatalog
	
	^ Array with: self itemSellByTheStore! !
!TusLibrosTestObjectFactory class methodsFor: 'as yet unclassified' stamp: 'fz_md 11/4/2019 19:42:50'!
itemNotSellByTheStore
	
	^'invalidBook'! !
!TusLibrosTestObjectFactory class methodsFor: 'as yet unclassified' stamp: 'fz_md 11/4/2019 19:43:00'!
itemSellByTheStore
	^'valid book'! !
!TusLibrosTestObjectFactory class methodsFor: 'as yet unclassified' stamp: 'fz_md 11/4/2019 19:43:07' prior: 50782567!
itemSellByTheStore

	^'validBook'! !

!methodRemoval: TusLibrosTestObjectFactory #createCart stamp: 'fz_md 11/4/2019 19:43:10'!
createCart
	
	^Cart acceptingItemsOf: self defaultCatalog!

!methodRemoval: TusLibrosTestObjectFactory #defaultCatalog stamp: 'fz_md 11/4/2019 19:43:10'!
defaultCatalog
	
	^ Array with: self itemSellByTheStore!

!methodRemoval: TusLibrosTestObjectFactory #itemNotSellByTheStore stamp: 'fz_md 11/4/2019 19:43:10'!
itemNotSellByTheStore
	
	^'invalidBook'!

!methodRemoval: TusLibrosTestObjectFactory #itemSellByTheStore stamp: 'fz_md 11/4/2019 19:43:10'!
itemSellByTheStore
	
	^ 'validBook'!
!CartTest methodsFor: 'support' stamp: 'fz_md 11/4/2019 19:43:46' prior: 50780890!
itemNotSellByTheStore
	
	^TusLibrosTestObjectFactory itemNotSellByTheStore ! !
!CartTest methodsFor: 'support' stamp: 'fz_md 11/4/2019 19:43:52' prior: 50780899!
defaultCatalog
	
	^ TusLibrosTestObjectFactory defaultCatalog ! !
!CartTest methodsFor: 'support' stamp: 'fz_md 11/4/2019 19:43:58' prior: 50780894!
createCart
	
	^TusLibrosTestObjectFactory createCart ! !
!CashierTest methodsFor: 'setUp' stamp: 'fz_md 11/4/2019 19:44:31' prior: 50782403!
setUp
	item := TusLibrosTestObjectFactory itemSellByTheStore.
	
	emptyCart := TusLibrosTestObjectFactory createCart.
	
	cartWithItems := TusLibrosTestObjectFactory createCart.
	cartWithItems add: item.
	
	emptySalesBook := OrderedCollection new.
	
	expiredCreditCard := CreditCard expiresOn: (GregorianMonthOfYear yearNumber: 2000 monthNumber:1).
	
	validCreditCard := CreditCard expiresOn: (GregorianMonthOfYear yearNumber: 2200 monthNumber:1).
	
	testingDate := FixedGregorianDate yearNumber: 2019 monthNumber: 12 dayNumber: 31.
	
	pricesList := Dictionary new.
	pricesList at: item put: 10.! !

!classDefinition: #CashierTest category: #TusLibros stamp: 'fz_md 11/4/2019 19:45:06'!
TestCase subclass: #CashierTest
	instanceVariableNames: 'emptyCart emptySalesBook expiredCreditCard validCreditCard testingDate item cartWithItems pricesList itemPrice'
	classVariableNames: ''
	poolDictionaries: ''
	category: 'TusLibros'!
!CashierTest methodsFor: 'setUp' stamp: 'fz_md 11/4/2019 19:45:05' prior: 50782610!
setUp
	item := TusLibrosTestObjectFactory itemSellByTheStore.
	itemPrice := 10.
	
	emptyCart := TusLibrosTestObjectFactory createCart.
	
	cartWithItems := TusLibrosTestObjectFactory createCart.
	cartWithItems add: item.
	
	emptySalesBook := OrderedCollection new.
	
	expiredCreditCard := CreditCard expiresOn: (GregorianMonthOfYear yearNumber: 2000 monthNumber:1).
	
	validCreditCard := CreditCard expiresOn: (GregorianMonthOfYear yearNumber: 2200 monthNumber:1).
	
	testingDate := FixedGregorianDate yearNumber: 2019 monthNumber: 12 dayNumber: 31.
	
	pricesList := Dictionary new.
	pricesList at: item put: 10.! !
!CashierTest methodsFor: 'setUp' stamp: 'fz_md 11/4/2019 19:45:11' prior: 50782642!
setUp
	item := TusLibrosTestObjectFactory itemSellByTheStore.
	itemPrice := 10.
	
	emptyCart := TusLibrosTestObjectFactory createCart.
	
	cartWithItems := TusLibrosTestObjectFactory createCart.
	cartWithItems add: item.
	
	emptySalesBook := OrderedCollection new.
	
	expiredCreditCard := CreditCard expiresOn: (GregorianMonthOfYear yearNumber: 2000 monthNumber:1).
	
	validCreditCard := CreditCard expiresOn: (GregorianMonthOfYear yearNumber: 2200 monthNumber:1).
	
	testingDate := FixedGregorianDate yearNumber: 2019 monthNumber: 12 dayNumber: 31.
	
	pricesList := Dictionary new.
	pricesList at: item put: itemPrice.! !
!CashierTest methodsFor: 'tests' stamp: 'fz_md 11/4/2019 19:45:16' prior: 50782425!
test02TotalCheckoutAmmountIsCorrect
	| cashier|
	
	cashier :=  Cashier toCheckout: cartWithItems registerOn: emptySalesBook priceList: pricesList withCreditCard: validCreditCard onDay: testingDate.
	
	self assert: (cashier checkout) equals: itemPrice.
	self assert: (emptySalesBook first) equals: itemPrice.! !

!testRun: #CashierTest #test01canNotCheckoutEmptyCart stamp: 'fz_md 11/4/2019 19:45:25'!
PASSED!

!testRun: #CashierTest #test02TotalCheckoutAmmountIsCorrect stamp: 'fz_md 11/4/2019 19:45:25'!
PASSED!

!testRun: #CashierTest #test03cannotCheckoutWithExpiredCreditCard stamp: 'fz_md 11/4/2019 19:45:25'!
PASSED!
!Cashier methodsFor: 'as yet unclassified' stamp: 'fz_md 11/4/2019 19:48:00' prior: 50781992!
checkout
	|totalCheckout|
	
	date > creditCard expirationDate ifTrue: [self error: self class canNotCheckoutWIthExpiredCreditCard ].
	
	totalCheckout := cart totalPrice.
	
	salesBook add: totalCheckout.
	
	^totalCheckout! !

!methodRemoval: Cart #items stamp: 'fz_md 11/4/2019 19:48:08'!
items
	^items!
!Cart methodsFor: 'queries' stamp: 'fz_md 11/4/2019 19:48:36'!
totalPrice
	items inject: 0 into: [:totalValue :item | totalValue + catalog at:item].! !
!Cart methodsFor: 'queries' stamp: 'fz_md 11/4/2019 19:48:39' prior: 50782722!
totalPrice
	^items inject: 0 into: [:totalValue :item | totalValue + catalog at:item].! !
!TusLibrosTestObjectFactory class methodsFor: 'as yet unclassified' stamp: 'fz_md 11/4/2019 19:49:38' prior: 50782556!
defaultCatalog

	^ Dictionary new; at: self itemSellByTheStore put: 10.! !
!TusLibrosTestObjectFactory class methodsFor: 'as yet unclassified' stamp: 'fz_md 11/4/2019 19:49:49' prior: 50782735!
defaultCatalog

	^ Dictionary new; at: self itemSellByTheStore put: self itemPrice.! !
!TusLibrosTestObjectFactory class methodsFor: 'as yet unclassified' stamp: 'fz_md 11/4/2019 19:49:57'!
itemPrice
	^10.! !
!CashierTest methodsFor: 'setUp' stamp: 'fz_md 11/4/2019 19:50:32' prior: 50782664!
setUp
	item := TusLibrosTestObjectFactory itemSellByTheStore.
	itemPrice := TusLibrosTestObjectFactory itemPrice.
	
	emptyCart := TusLibrosTestObjectFactory createCart.
	
	cartWithItems := TusLibrosTestObjectFactory createCart.
	cartWithItems add: item.
	
	emptySalesBook := OrderedCollection new.
	
	expiredCreditCard := CreditCard expiresOn: (GregorianMonthOfYear yearNumber: 2000 monthNumber:1).
	
	validCreditCard := CreditCard expiresOn: (GregorianMonthOfYear yearNumber: 2200 monthNumber:1).
	
	testingDate := FixedGregorianDate yearNumber: 2019 monthNumber: 12 dayNumber: 31.
	
	pricesList := Dictionary new.
	pricesList at: item put: itemPrice.! !
!CashierTest methodsFor: 'setUp' stamp: 'fz_md 11/4/2019 19:50:46' prior: 50782752!
setUp
	item := TusLibrosTestObjectFactory itemSellByTheStore.
	
	emptyCart := TusLibrosTestObjectFactory createCart.
	
	cartWithItems := TusLibrosTestObjectFactory createCart.
	cartWithItems add: item.
	
	emptySalesBook := OrderedCollection new.
	
	expiredCreditCard := CreditCard expiresOn: (GregorianMonthOfYear yearNumber: 2000 monthNumber:1).
	
	validCreditCard := CreditCard expiresOn: (GregorianMonthOfYear yearNumber: 2200 monthNumber:1).
	
	testingDate := FixedGregorianDate yearNumber: 2019 monthNumber: 12 dayNumber: 31.! !

TestCase subclass: #CashierTest
	instanceVariableNames: 'emptyCart emptySalesBook expiredCreditCard validCreditCard testingDate item cartWithItems'
	classVariableNames: ''
	poolDictionaries: ''
	category: 'TusLibros'!

!classDefinition: #CashierTest category: #TusLibros stamp: 'fz_md 11/4/2019 19:51:07'!
TestCase subclass: #CashierTest
	instanceVariableNames: 'emptyCart emptySalesBook expiredCreditCard validCreditCard testingDate item cartWithItems'
	classVariableNames: ''
	poolDictionaries: ''
	category: 'TusLibros'!
!Cart methodsFor: 'assertions' stamp: 'fz_md 11/4/2019 19:52:09' prior: 50780747!
assertIsValidItem: anItem

	(catalog includesKey: anItem) ifFalse: [ self error: self invalidItemErrorMessage ]! !

!testRun: #CartTest #test01NewCartsAreCreatedEmpty stamp: 'fz_md 11/4/2019 19:52:35'!
ERROR!

!testRun: #CartTest #test02CanNotAddItemsThatDoNotBelongToStore stamp: 'fz_md 11/4/2019 19:52:35'!
ERROR!

!testRun: #CartTest #test03AfterAddingAnItemTheCartIsNotEmptyAnymore stamp: 'fz_md 11/4/2019 19:52:35'!
ERROR!

!testRun: #CartTest #test04CanNotAddNonPositiveNumberOfItems stamp: 'fz_md 11/4/2019 19:52:35'!
ERROR!

!testRun: #CartTest #test05CanNotAddMoreThanOneItemNotSellByTheStore stamp: 'fz_md 11/4/2019 19:52:35'!
ERROR!

!testRun: #CartTest #test06CartRemembersAddedItems stamp: 'fz_md 11/4/2019 19:52:35'!
ERROR!

!testRun: #CartTest #test07CartDoesNotHoldNotAddedItems stamp: 'fz_md 11/4/2019 19:52:35'!
ERROR!

!testRun: #CartTest #test08CartRemembersTheNumberOfAddedItems stamp: 'fz_md 11/4/2019 19:52:35'!
ERROR!

!testRun: #CartTest #test01NewCartsAreCreatedEmpty stamp: 'fz_md 11/4/2019 19:52:38'!
ERROR!
!TusLibrosTestObjectFactory class methodsFor: 'as yet unclassified' stamp: 'fz_md 11/4/2019 19:53:49' prior: 50782742!
defaultCatalog
	|catalog|
	
	catalog := Dictionary new.
	catalog at: self itemSellByTheStore put: self itemPrice.
	^ catalog ! !

!testRun: #CartTest #test01NewCartsAreCreatedEmpty stamp: 'fz_md 11/4/2019 19:53:50'!
PASSED!

!testRun: #CartTest #test01NewCartsAreCreatedEmpty stamp: 'fz_md 11/4/2019 19:53:52'!
PASSED!

!testRun: #CartTest #test02CanNotAddItemsThatDoNotBelongToStore stamp: 'fz_md 11/4/2019 19:53:52'!
PASSED!

!testRun: #CartTest #test03AfterAddingAnItemTheCartIsNotEmptyAnymore stamp: 'fz_md 11/4/2019 19:53:52'!
PASSED!

!testRun: #CartTest #test04CanNotAddNonPositiveNumberOfItems stamp: 'fz_md 11/4/2019 19:53:52'!
PASSED!

!testRun: #CartTest #test05CanNotAddMoreThanOneItemNotSellByTheStore stamp: 'fz_md 11/4/2019 19:53:52'!
PASSED!

!testRun: #CartTest #test06CartRemembersAddedItems stamp: 'fz_md 11/4/2019 19:53:52'!
PASSED!

!testRun: #CartTest #test07CartDoesNotHoldNotAddedItems stamp: 'fz_md 11/4/2019 19:53:52'!
PASSED!

!testRun: #CartTest #test08CartRemembersTheNumberOfAddedItems stamp: 'fz_md 11/4/2019 19:53:52'!
PASSED!

!testRun: #CashierTest #test01canNotCheckoutEmptyCart stamp: 'fz_md 11/4/2019 19:53:56'!
PASSED!

!testRun: #CashierTest #test02TotalCheckoutAmmountIsCorrect stamp: 'fz_md 11/4/2019 19:53:56'!
FAILURE!

!testRun: #CashierTest #test03cannotCheckoutWithExpiredCreditCard stamp: 'fz_md 11/4/2019 19:53:56'!
PASSED!

!testRun: #CashierTest #test02TotalCheckoutAmmountIsCorrect stamp: 'fz_md 11/4/2019 19:53:56'!
FAILURE!

!testRun: #CashierTest #test02TotalCheckoutAmmountIsCorrect stamp: 'fz_md 11/4/2019 19:55:04'!
FAILURE!

----SNAPSHOT----(4 November 2019 19:55:14) CuisUniversity-3938.image priorSource: 14427388!
!CashierTest methodsFor: 'tests' stamp: 'fz_md 11/4/2019 19:55:51' prior: 50782687!
test02TotalCheckoutAmmountIsCorrect
	| cashier|
	
	cashier :=  Cashier toCheckout: cartWithItems registerOn: emptySalesBook withCreditCard: validCreditCard onDay: testingDate.
	
	self assert: (cashier checkout) equals: TusLibrosTestObjectFactory itemPrice.
	self assert: (emptySalesBook first) equals: TusLibrosTestObjectFactory itemPrice.! !
!CashierTest methodsFor: 'tests' stamp: 'fz_md 11/4/2019 19:57:02' prior: 50782477!
test03cannotCheckoutWithExpiredCreditCard
	| cashier|
	
	cashier :=  Cashier toCheckout: cartWithItems registerOn: emptySalesBook withCreditCard: expiredCreditCard onDay: testingDate.
	
	self should: [cashier checkout ]
		raise: Error - MessageNotUnderstood 
		withExceptionDo: [:anError| self assert: anError messageText = Cashier canNotCheckoutWIthExpiredCreditCard.
								self assert: emptySalesBook isEmpty]! !
!CashierTest methodsFor: 'tests' stamp: 'fz_md 11/4/2019 19:57:12' prior: 50782450!
test01canNotCheckoutEmptyCart
	
	self should: [Cashier toCheckout: emptyCart registerOn: emptySalesBook withCreditCard: validCreditCard onDay: testingDate]
		raise: Error - MessageNotUnderstood 
		withExceptionDo: [:anError| self assert: anError messageText = Cashier canNotCheckoutEmptyCart.
								self assert: emptySalesBook isEmpty]! !
!Cashier methodsFor: 'initialization' stamp: 'fz_md 11/4/2019 19:57:48' prior: 50781936!
initializeToCheckout: aCart registerOn: aSalesBook priceList: aPriceList withCreditCard: aCreditCard onDay: aDay    
	cart := aCart.
	salesBook := aSalesBook.
	creditCard := aCreditCard.
	date := aDay.! !
!Cashier methodsFor: 'initialization' stamp: 'fz_md 11/4/2019 19:57:55'!
initializeToCheckout: aCart registerOn: aSalesBook withCreditCard: aCreditCard onDay: aDay    
	cart := aCart.
	salesBook := aSalesBook.
	creditCard := aCreditCard.
	date := aDay.! !
!Cashier class methodsFor: 'as yet unclassified' stamp: 'fz_md 11/4/2019 19:57:55' prior: 50781898!
toCheckout: aCart registerOn: aSalesBook priceList: aPriceList withCreditCard: aCreditCard onDay: aDay    
	
	aCart isEmpty ifTrue:[self error: self canNotCheckoutEmptyCart].
	
	^self new initializeToCheckout: aCart registerOn: aSalesBook withCreditCard: aCreditCard onDay: aDay    ! !

!methodRemoval: Cashier #initializeToCheckout:registerOn:priceList:withCreditCard:onDay: stamp: 'fz_md 11/4/2019 19:57:55'!
initializeToCheckout: aCart registerOn: aSalesBook priceList: aPriceList withCreditCard: aCreditCard onDay: aDay    
	cart := aCart.
	salesBook := aSalesBook.
	creditCard := aCreditCard.
	date := aDay.!

Object subclass: #Cashier
	instanceVariableNames: 'cart salesBook creditCard date'
	classVariableNames: ''
	poolDictionaries: ''
	category: 'TusLibros'!

!classDefinition: #Cashier category: #TusLibros stamp: 'fz_md 11/4/2019 19:58:01'!
Object subclass: #Cashier
	instanceVariableNames: 'cart salesBook creditCard date'
	classVariableNames: ''
	poolDictionaries: ''
	category: 'TusLibros'!
!Cashier class methodsFor: 'instance creation' stamp: 'fz_md 11/4/2019 19:58:06'!
toCheckout: aCart registerOn: aSalesBook withCreditCard: aCreditCard onDay: aDay    
	
	aCart isEmpty ifTrue:[self error: self canNotCheckoutEmptyCart].
	
	^self new initializeToCheckout: aCart registerOn: aSalesBook withCreditCard: aCreditCard onDay: aDay    ! !

!methodRemoval: Cashier class #toCheckout:registerOn:priceList:withCreditCard:onDay: stamp: 'fz_md 11/4/2019 19:58:06'!
toCheckout: aCart registerOn: aSalesBook priceList: aPriceList withCreditCard: aCreditCard onDay: aDay    
	
	aCart isEmpty ifTrue:[self error: self canNotCheckoutEmptyCart].
	
	^self new initializeToCheckout: aCart registerOn: aSalesBook withCreditCard: aCreditCard onDay: aDay    !

----SNAPSHOT----(4 November 2019 19:58:17) CuisUniversity-3938.image priorSource: 14440013!

!testRun: #CashierTest #test01canNotCheckoutEmptyCart stamp: 'fz_md 11/4/2019 19:58:20'!
PASSED!

!testRun: #CashierTest #test02TotalCheckoutAmmountIsCorrect stamp: 'fz_md 11/4/2019 19:58:20'!
PASSED!

!testRun: #CashierTest #test03cannotCheckoutWithExpiredCreditCard stamp: 'fz_md 11/4/2019 19:58:20'!
PASSED!

!testRun: #CartTest #test01NewCartsAreCreatedEmpty stamp: 'fz_md 11/4/2019 19:58:22'!
PASSED!

!testRun: #CartTest #test02CanNotAddItemsThatDoNotBelongToStore stamp: 'fz_md 11/4/2019 19:58:22'!
PASSED!

!testRun: #CartTest #test03AfterAddingAnItemTheCartIsNotEmptyAnymore stamp: 'fz_md 11/4/2019 19:58:22'!
PASSED!

!testRun: #CartTest #test04CanNotAddNonPositiveNumberOfItems stamp: 'fz_md 11/4/2019 19:58:22'!
PASSED!

!testRun: #CartTest #test05CanNotAddMoreThanOneItemNotSellByTheStore stamp: 'fz_md 11/4/2019 19:58:22'!
PASSED!

!testRun: #CartTest #test06CartRemembersAddedItems stamp: 'fz_md 11/4/2019 19:58:22'!
PASSED!

!testRun: #CartTest #test07CartDoesNotHoldNotAddedItems stamp: 'fz_md 11/4/2019 19:58:22'!
PASSED!

!testRun: #CartTest #test08CartRemembersTheNumberOfAddedItems stamp: 'fz_md 11/4/2019 19:58:22'!
PASSED!
!CashierTest methodsFor: 'tests' stamp: 'fz_md 11/4/2019 20:00:58'!
test02TotalCheckoutAmmountIsCorrectAndIsRegistered
	| cashier|
	
	cashier :=  Cashier toCheckout: cartWithItems registerOn: emptySalesBook withCreditCard: validCreditCard onDay: testingDate.
	
	self assert: (cashier checkout) equals: TusLibrosTestObjectFactory itemPrice.
	self assert: (emptySalesBook first) equals: TusLibrosTestObjectFactory itemPrice.! !

!methodRemoval: CashierTest #test02TotalCheckoutAmmountIsCorrect stamp: 'fz_md 11/4/2019 20:00:59'!
test02TotalCheckoutAmmountIsCorrect
	| cashier|
	
	cashier :=  Cashier toCheckout: cartWithItems registerOn: emptySalesBook withCreditCard: validCreditCard onDay: testingDate.
	
	self assert: (cashier checkout) equals: TusLibrosTestObjectFactory itemPrice.
	self assert: (emptySalesBook first) equals: TusLibrosTestObjectFactory itemPrice.!
!CashierTest methodsFor: 'tests' stamp: 'fz_md 11/4/2019 20:01:44'!
test04validCheckoutCallsMP
	| cashier|
	
	cashier :=  Cashier toCheckout: cartWithItems registerOn: emptySalesBook withCreditCard: validCreditCard onDay: testingDate.
	
	self assert: (cashier checkout) equals: TusLibrosTestObjectFactory itemPrice.
	self assert: (emptySalesBook first) equals: TusLibrosTestObjectFactory itemPrice.! !
!CashierTest methodsFor: 'tests' stamp: 'fz_md 11/4/2019 20:12:52' prior: 50783090!
test04validCheckoutCallsMP
	| cashier aMP |
	
	cashier :=  Cashier toCheckout: cartWithItems registerOn: emptySalesBook withCreditCard: validCreditCard onDay: testingDate withMerchantProcessor: aMP.
	
	self assert: (cashier checkout) equals: TusLibrosTestObjectFactory itemPrice.
	self assert: (emptySalesBook first) equals: TusLibrosTestObjectFactory itemPrice.! !

!classDefinition: #MerchantProcessor category: #TusLibros stamp: 'fz_md 11/4/2019 20:13:51'!
Object subclass: #MerchantProcessor
	instanceVariableNames: ''
	classVariableNames: ''
	poolDictionaries: ''
	category: 'TusLibros'!
!CashierTest methodsFor: 'tests' stamp: 'fz_md 11/4/2019 20:13:46' prior: 50783104!
test04validCheckoutCallsMP
	| cashier aMP |
	
	aMP := MerchantProcessor tester.
	cashier :=  Cashier toCheckout: cartWithItems registerOn: emptySalesBook withCreditCard: validCreditCard onDay: testingDate withMerchantProcessor: aMP.
	
	self assert: (cashier checkout) equals: TusLibrosTestObjectFactory itemPrice.
	self assert: (emptySalesBook first) equals: TusLibrosTestObjectFactory itemPrice.! !
!CashierTest methodsFor: 'tests' stamp: 'fz_md 11/4/2019 20:14:01' prior: 50783126!
test04validCheckoutCallsMP
	| cashier aMP |
	
	aMP := MerchantProcessor newTester.
	cashier :=  Cashier toCheckout: cartWithItems registerOn: emptySalesBook withCreditCard: validCreditCard onDay: testingDate withMerchantProcessor: aMP.
	
	self assert: (cashier checkout) equals: TusLibrosTestObjectFactory itemPrice.
	self assert: (emptySalesBook first) equals: TusLibrosTestObjectFactory itemPrice.! !

!testRun: #CashierTest #test04validCheckoutCallsMP stamp: 'fz_md 11/4/2019 20:14:46'!
ERROR!
!MerchantProcessor class methodsFor: 'instance creation' stamp: 'fz_md 11/4/2019 20:14:51'!
newTester
	"DO NOT FORGET TO RENAME COLLABORATORS AND REMOVE THIS COMMENT!!!!"
	self shouldBeImplemented.
	^self new initializeNewTester! !
!MerchantProcessor class methodsFor: 'instance creation' stamp: 'fz_md 11/4/2019 20:15:00' prior: 50783161!
newTester
	^self new initializeNewTester! !

!testRun: #CashierTest #test04validCheckoutCallsMP stamp: 'fz_md 11/4/2019 20:15:03'!
ERROR!

!testRun: #CashierTest #test04validCheckoutCallsMP stamp: 'fz_md 11/4/2019 20:15:25'!
ERROR!

!testRun: #CashierTest #test04validCheckoutCallsMP stamp: 'fz_md 11/4/2019 20:15:25'!
ERROR!

!testRun: #CashierTest #test04validCheckoutCallsMP stamp: 'fz_md 11/4/2019 20:16:13'!
ERROR!

!testRun: #CashierTest #test04validCheckoutCallsMP stamp: 'fz_md 11/4/2019 20:16:13'!
ERROR!
!MerchantProcessor class methodsFor: 'instance creation' stamp: 'fz_md 11/4/2019 20:17:25' prior: 50783169!
newTester
	^self new! !

!testRun: #CashierTest #test04validCheckoutCallsMP stamp: 'fz_md 11/4/2019 20:17:33'!
ERROR!
!CashierTest methodsFor: 'tests' stamp: 'fz_md 11/4/2019 20:23:13' prior: 50783142!
test04validCheckoutCallsMP
	| cashier aMP |
	
	aMP := MerchantProcessor newTester.
	cashier :=  Cashier toCheckout: cartWithItems registerOn: emptySalesBook withCreditCard: validCreditCard onDay: testingDate through: aMP.
	
	self assert: (cashier checkout) equals: TusLibrosTestObjectFactory itemPrice.
	self assert: (emptySalesBook first) equals: TusLibrosTestObjectFactory itemPrice.! !
!CashierTest methodsFor: 'tests' stamp: 'fz_md 11/4/2019 20:24:11' prior: 50783196!
test04validCheckoutCallsMP
	| cashier aMP |
	
	aMP := MerchantProcessor new.
	cashier :=  Cashier toCheckout: cartWithItems registerOn: emptySalesBook withCreditCard: validCreditCard onDay: testingDate through: aMP.
	
	self assert: (cashier checkout) equals: TusLibrosTestObjectFactory itemPrice.
	self assert: (emptySalesBook first) equals: TusLibrosTestObjectFactory itemPrice.! !

!methodRemoval: MerchantProcessor class #newTester stamp: 'fz_md 11/4/2019 20:24:16'!
newTester
	^self new!
!CashierTest methodsFor: 'tests' stamp: 'fz_md 11/4/2019 20:25:07' prior: 50783211!
test04validCheckoutCallsMP
	| cashier aMP |
	
	aMP := MerchantProcessor new.
	cashier :=  Cashier toCheckout: cartWithItems registerOn: emptySalesBook withCreditCard: validCreditCard onDay: testingDate through: aMP.
	
	self assert: (cashier checkout) equals: TusLibrosTestObjectFactory itemPrice.
	self assert: (emptySalesBook first) equals: TusLibrosTestObjectFactory itemPrice.! !
!CashierTest methodsFor: 'tests' stamp: 'fz_md 11/4/2019 20:25:52'!
test04canNotChargeInvalidCreditCard
	| cashier aMP |
	
	aMP := MerchantProcessor new.
	cashier :=  Cashier toCheckout: cartWithItems registerOn: emptySalesBook withCreditCard: validCreditCard onDay: testingDate through: aMP.
	
	self assert: (cashier checkout) equals: TusLibrosTestObjectFactory itemPrice.
	self assert: (emptySalesBook first) equals: TusLibrosTestObjectFactory itemPrice.! !

!methodRemoval: CashierTest #test04validCheckoutCallsMP stamp: 'fz_md 11/4/2019 20:25:52'!
test04validCheckoutCallsMP
	| cashier aMP |
	
	aMP := MerchantProcessor new.
	cashier :=  Cashier toCheckout: cartWithItems registerOn: emptySalesBook withCreditCard: validCreditCard onDay: testingDate through: aMP.
	
	self assert: (cashier checkout) equals: TusLibrosTestObjectFactory itemPrice.
	self assert: (emptySalesBook first) equals: TusLibrosTestObjectFactory itemPrice.!
!CashierTest methodsFor: 'tests' stamp: 'fz_md 11/4/2019 20:26:30' prior: 50783244!
test04canNotChargeInvalidCreditCard
	| cashier aMP |
	
	aMP := MerchantProcessor new.
	cashier :=  Cashier toCheckout: cartWithItems registerOn: emptySalesBook withCreditCard: validCreditCard onDay: testingDate through: aMP.
	
	self should: []
		raise: Error - MessageNotUnderstood 
		withExceptionDo: [:anError | ]! !
!CashierTest methodsFor: 'tests' stamp: 'fz_md 11/4/2019 20:30:04'!
test04canNotChargeInvalidCreditCardOwner
	| cashier aMP |
	
	aMP := MerchantProcessor new.
	cashier :=  Cashier toCheckout: cartWithItems registerOn: emptySalesBook withCreditCard: validCreditCard onDay: testingDate through: aMP.
	
	self should: []
		raise: Error - MessageNotUnderstood 
		withExceptionDo: [:anError | ]! !

!methodRemoval: CashierTest #test04canNotChargeInvalidCreditCard stamp: 'fz_md 11/4/2019 20:30:04'!
test04canNotChargeInvalidCreditCard
	| cashier aMP |
	
	aMP := MerchantProcessor new.
	cashier :=  Cashier toCheckout: cartWithItems registerOn: emptySalesBook withCreditCard: validCreditCard onDay: testingDate through: aMP.
	
	self should: []
		raise: Error - MessageNotUnderstood 
		withExceptionDo: [:anError | ]!

!classDefinition: #CashierTest category: #TusLibros stamp: 'fz_md 11/4/2019 20:32:47'!
TestCase subclass: #CashierTest
	instanceVariableNames: 'emptyCart emptySalesBook expiredCreditCard validCreditCard testingDate item cartWithItems cardWithInvalidOwnerName'
	classVariableNames: ''
	poolDictionaries: ''
	category: 'TusLibros'!
!CashierTest methodsFor: 'setUp' stamp: 'fz_md 11/4/2019 20:32:46' prior: 50782776!
setUp
	item := TusLibrosTestObjectFactory itemSellByTheStore.
	
	emptyCart := TusLibrosTestObjectFactory createCart.
	
	cartWithItems := TusLibrosTestObjectFactory createCart.
	cartWithItems add: item.
	
	emptySalesBook := OrderedCollection new.
	
	expiredCreditCard := CreditCard expiresOn: (GregorianMonthOfYear yearNumber: 2000 monthNumber:1).
	
	validCreditCard := CreditCard expiresOn: (GregorianMonthOfYear yearNumber: 2200 monthNumber:1).
	cardWithInvalidOwnerName := CreditCard blankCopyOf: (GregorianMonthOfYear yearNumber: 2200 monthNumber:1) scaledBy: 'aaaaaaaaaaaaaaaaaaaaaaaaaaaaaaa'.
		
	testingDate := FixedGregorianDate yearNumber: 2019 monthNumber: 12 dayNumber: 31.! !
!CashierTest methodsFor: 'setUp' stamp: 'fz_md 11/4/2019 20:33:15' prior: 50783324!
setUp
	item := TusLibrosTestObjectFactory itemSellByTheStore.
	
	emptyCart := TusLibrosTestObjectFactory createCart.
	
	cartWithItems := TusLibrosTestObjectFactory createCart.
	cartWithItems add: item.
	
	emptySalesBook := OrderedCollection new.
	
	expiredCreditCard := CreditCard expiresOn: (GregorianMonthOfYear yearNumber: 2000 monthNumber:1).
	
	validCreditCard := CreditCard expiresOn: (GregorianMonthOfYear yearNumber: 2200 monthNumber:1).
	cardWithInvalidOwnerName := CreditCard blankCopyOf: (GregorianMonthOfYear yearNumber: 2200 monthNumber:1) scaledBy: 'tooLongOfAStringlolaaaaaaaaaaaaaaaaaaa'.
		
	testingDate := FixedGregorianDate yearNumber: 2019 monthNumber: 12 dayNumber: 31.! !
!CashierTest methodsFor: 'setUp' stamp: 'fz_md 11/4/2019 20:34:02' prior: 50783349!
setUp
	item := TusLibrosTestObjectFactory itemSellByTheStore.
	
	emptyCart := TusLibrosTestObjectFactory createCart.
	
	cartWithItems := TusLibrosTestObjectFactory createCart.
	cartWithItems add: item.
	
	emptySalesBook := OrderedCollection new.
	
	expiredCreditCard := CreditCard expiresOn: (GregorianMonthOfYear yearNumber: 2000 monthNumber:1).
	
	validCreditCard := CreditCard expiresOn: (GregorianMonthOfYear yearNumber: 2200 monthNumber:1).
	cardWithInvalidOwnerName := CreditCard expiresOn: (GregorianMonthOfYear yearNumber: 2200 monthNumber:1) ownedBy: 'tooLongOfAString_lol_aaaaaaaaaaaaaaaaaa'.
		
	testingDate := FixedGregorianDate yearNumber: 2019 monthNumber: 12 dayNumber: 31.! !
!CashierTest methodsFor: 'setUp' stamp: 'fz_md 11/4/2019 20:34:40' prior: 50783374!
setUp
	item := TusLibrosTestObjectFactory itemSellByTheStore.
	
	emptyCart := TusLibrosTestObjectFactory createCart.
	
	cartWithItems := TusLibrosTestObjectFactory createCart.
	cartWithItems add: item.
	
	emptySalesBook := OrderedCollection new.
	
	expiredCreditCard := CreditCard expiresOn: (GregorianMonthOfYear yearNumber: 2000 monthNumber:1).
	
	validCreditCard := CreditCard expiresOn: (GregorianMonthOfYear yearNumber: 2200 monthNumber:1).
	cardWithInvalidOwnerName := CreditCard expiresOn: (GregorianMonthOfYear yearNumber: 2200 monthNumber:1) ownedBy: 'tooLongOfAString_lol_aaaaaaaaaaaaaaaaaa' withNumber: 1.
		
	testingDate := FixedGregorianDate yearNumber: 2019 monthNumber: 12 dayNumber: 31.! !
!CreditCard class methodsFor: 'instance creation' stamp: 'fz_md 11/4/2019 20:35:55'!
expiresOn: expirationDate ownedBy: anOwner  
	^self new initializeExpiresOn: expirationDate ! !
!CashierTest methodsFor: 'as yet unclassified' stamp: 'fz_md 11/4/2019 20:35:55' prior: 50783399!
setUp
	item := TusLibrosTestObjectFactory itemSellByTheStore.
	
	emptyCart := TusLibrosTestObjectFactory createCart.
	
	cartWithItems := TusLibrosTestObjectFactory createCart.
	cartWithItems add: item.
	
	emptySalesBook := OrderedCollection new.
	
	expiredCreditCard := CreditCard expiresOn: (GregorianMonthOfYear yearNumber: 2000 monthNumber:1) ownedBy: 'owner'.
	
	validCreditCard := CreditCard expiresOn: (GregorianMonthOfYear yearNumber: 2200 monthNumber:1) ownedBy: 'owner'.
	cardWithInvalidOwnerName := CreditCard expiresOn: (GregorianMonthOfYear yearNumber: 2200 monthNumber:1) ownedBy: 'tooLongOfAString_lol_aaaaaaaaaaaaaaaaaa' withNumber: 1.
		
	testingDate := FixedGregorianDate yearNumber: 2019 monthNumber: 12 dayNumber: 31.! !

!methodRemoval: CreditCard class #expiresOn: stamp: 'fz_md 11/4/2019 20:35:55'!
expiresOn: expirationDate 
	^self new initializeExpiresOn: expirationDate !
!CreditCard class methodsFor: 'instance creation' stamp: 'fz_md 11/4/2019 20:36:23'!
expiresOn: expirationDate ownedBy: anOwner withNumber: aNumber   
	^self new initializeExpiresOn: expirationDate ! !
!CashierTest methodsFor: 'as yet unclassified' stamp: 'fz_md 11/4/2019 20:36:23' prior: 50783431!
setUp
	item := TusLibrosTestObjectFactory itemSellByTheStore.
	
	emptyCart := TusLibrosTestObjectFactory createCart.
	
	cartWithItems := TusLibrosTestObjectFactory createCart.
	cartWithItems add: item.
	
	emptySalesBook := OrderedCollection new.
	
	expiredCreditCard := CreditCard expiresOn: (GregorianMonthOfYear yearNumber: 2000 monthNumber:1) ownedBy: 'owner' withNumber: 1.
	
	validCreditCard := CreditCard expiresOn: (GregorianMonthOfYear yearNumber: 2200 monthNumber:1) ownedBy: 'owner' withNumber: 1.
	cardWithInvalidOwnerName := CreditCard expiresOn: (GregorianMonthOfYear yearNumber: 2200 monthNumber:1) ownedBy: 'tooLongOfAString_lol_aaaaaaaaaaaaaaaaaa' withNumber: 1.
		
	testingDate := FixedGregorianDate yearNumber: 2019 monthNumber: 12 dayNumber: 31.! !

!methodRemoval: CreditCard class #expiresOn:ownedBy: stamp: 'fz_md 11/4/2019 20:36:23'!
expiresOn: expirationDate ownedBy: anOwner  
	^self new initializeExpiresOn: expirationDate !
!CreditCard class methodsFor: 'instance creation' stamp: 'fz_md 11/4/2019 20:36:50' prior: 50783462!
expiresOn: expirationDate ownedBy: anOwner withNumber: aNumber   
	^self new initializeExpiresOn: expirationDate ownedBy: anOwner withNumber: aNumber   ! !

!classDefinition: #CreditCard category: #TusLibros stamp: 'fz_md 11/4/2019 20:37:23'!
Object subclass: #CreditCard
	instanceVariableNames: 'expirationDate owner'
	classVariableNames: ''
	poolDictionaries: ''
	category: 'TusLibros'!

!classDefinition: #CreditCard category: #TusLibros stamp: 'fz_md 11/4/2019 20:37:24'!
Object subclass: #CreditCard
	instanceVariableNames: 'expirationDate owner number'
	classVariableNames: ''
	poolDictionaries: ''
	category: 'TusLibros'!
!CreditCard methodsFor: 'initialization' stamp: 'fz_md 11/4/2019 20:37:22'!
initializeExpiresOn: anExpirationDate ownedBy: anOwner withNumber: aNumber   
	expirationDate := anExpirationDate.
	owner := anOwner.
	number := aNumber.! !

!methodRemoval: CreditCard #initializeExpiresOn: stamp: 'fz_md 11/4/2019 20:37:28'!
initializeExpiresOn: anExpirationDate 
	
	expirationDate := anExpirationDate.!
!Cashier methodsFor: 'as yet unclassified' stamp: 'fz_md 11/4/2019 20:37:51' prior: 50782710!
checkout
	|totalCheckout|
	
	date > creditCard expirationDate ifTrue: [self error: self class canNotCheckoutWIthExpiredCreditCard ].
	
	totalCheckout := cart totalPrice.
	
	salesBook add: totalCheckout.
	
	^totalCheckout! !
!CashierTest methodsFor: 'setUp' stamp: 'fz_md 11/4/2019 20:38:53' prior: 50783469!
setUp
	item := TusLibrosTestObjectFactory itemSellByTheStore.
	
	emptyCart := TusLibrosTestObjectFactory createCart.
	
	cartWithItems := TusLibrosTestObjectFactory createCart.
	cartWithItems add: item.
	
	emptySalesBook := OrderedCollection new.
	
	expiredCreditCard := CreditCard expiresOn: (GregorianMonthOfYear yearNumber: 2000 monthNumber:1) ownedBy: 'owner' withNumber: 1.
	
	validCreditCard := CreditCard expiresOn: (GregorianMonthOfYear yearNumber: 2200 monthNumber:1) ownedBy: 'owner' withNumber: 1.
	cardWithInvalidOwnerName := CreditCard expiresOn: (GregorianMonthOfYear yearNumber: 2200 monthNumber:1) ownedBy: 'tooLongOfAString_lol_aaaaaaaaaaaaaaaaaa' withNumber: 1.
		
	testingDate := FixedGregorianDate yearNumber: 2019 monthNumber: 12 dayNumber: 31.! !

!classDefinition: #CashierTest category: #TusLibros stamp: 'fz_md 11/4/2019 20:43:24'!
TestCase subclass: #CashierTest
	instanceVariableNames: 'emptyCart emptySalesBook expiredCreditCard validCreditCard testingDate item cartWithItems cardWithInvalidOwnerName cardWithInvalidNumber'
	classVariableNames: ''
	poolDictionaries: ''
	category: 'TusLibros'!
!CashierTest methodsFor: 'setUp' stamp: 'fz_md 11/4/2019 20:39:21' prior: 50783548!
setUp
	item := TusLibrosTestObjectFactory itemSellByTheStore.
	
	emptyCart := TusLibrosTestObjectFactory createCart.
	
	cartWithItems := TusLibrosTestObjectFactory createCart.
	cartWithItems add: item.
	
	emptySalesBook := OrderedCollection new.
	
	expiredCreditCard := CreditCard expiresOn: (GregorianMonthOfYear yearNumber: 2000 monthNumber:1) ownedBy: 'owner' withNumber: 1.
	
	validCreditCard := CreditCard expiresOn: (GregorianMonthOfYear yearNumber: 2200 monthNumber:1) ownedBy: 'owner' withNumber: 1.
	cardWithInvalidOwnerName := CreditCard expiresOn: (GregorianMonthOfYear yearNumber: 2200 monthNumber:1) ownedBy: 'tooLongOfAString_lol_aaaaaaaaaaaaaaaaaa' withNumber: 1.
	cardWithInvalidNumber := CreditCard expiresOn: (GregorianMonthOfYear yearNumber: 2200 monthNumber:1) ownedBy: 'tooLongOfAString_lol_aaaaaaaaaaaaaaaaaa' withNumber: -1.		
	testingDate := FixedGregorianDate yearNumber: 2019 monthNumber: 12 dayNumber: 31.! !
!CashierTest methodsFor: 'setUp' stamp: 'fz_md 11/4/2019 20:43:28' prior: 50783586!
setUp
	item := TusLibrosTestObjectFactory itemSellByTheStore.
	
	emptyCart := TusLibrosTestObjectFactory createCart.
	
	cartWithItems := TusLibrosTestObjectFactory createCart.
	cartWithItems add: item.
	
	emptySalesBook := OrderedCollection new.
	
	expiredCreditCard := CreditCard expiresOn: (GregorianMonthOfYear yearNumber: 2000 monthNumber:1) ownedBy: 'owner' withNumber: 1.
	
	validCreditCard := CreditCard expiresOn: (GregorianMonthOfYear yearNumber: 2200 monthNumber:1) ownedBy: 'owner' withNumber: 1.
	cardWithInvalidOwnerName := CreditCard expiresOn: (GregorianMonthOfYear yearNumber: 2200 monthNumber:1) ownedBy: 'tooLongOfAString_lol_aaaaaaaaaaaaaaaaaa' withNumber: 1.
	cardWithInvalidNumber := CreditCard expiresOn: (GregorianMonthOfYear yearNumber: 2200 monthNumber:1) ownedBy: 'tooLongOfAString_lol_aaaaaaaaaaaaaaaaaa' withNumber: -1.		
	testingDate := FixedGregorianDate yearNumber: 2019 monthNumber: 12 dayNumber: 31.! !
!CashierTest methodsFor: 'setUp' stamp: 'fz_md 11/4/2019 20:43:32' prior: 50783618!
setUp
	item := TusLibrosTestObjectFactory itemSellByTheStore.
	
	emptyCart := TusLibrosTestObjectFactory createCart.
	
	cartWithItems := TusLibrosTestObjectFactory createCart.
	cartWithItems add: item.
	
	emptySalesBook := OrderedCollection new.
	
	expiredCreditCard := CreditCard expiresOn: (GregorianMonthOfYear yearNumber: 2000 monthNumber:1) ownedBy: 'owner' withNumber: 1.
	
	validCreditCard := CreditCard expiresOn: (GregorianMonthOfYear yearNumber: 2200 monthNumber:1) ownedBy: 'owner' withNumber: 1.
	cardWithInvalidOwnerName := CreditCard expiresOn: (GregorianMonthOfYear yearNumber: 2200 monthNumber:1) ownedBy: 'tooLongOfAString_lol_aaaaaaaaaaaaaaaaaa' withNumber: 1.
	cardWithInvalidNumber := CreditCard expiresOn: (GregorianMonthOfYear yearNumber: 2200 monthNumber:1) ownedBy: 'tooLongOfAString_lol_aaaaaaaaaaaaaaaaaa' withNumber: -1.
	
	testingDate := FixedGregorianDate yearNumber: 2019 monthNumber: 12 dayNumber: 31.! !
!CashierTest methodsFor: 'setUp' stamp: 'fz_md 11/4/2019 20:44:14' prior: 50783650!
setUp
	item := TusLibrosTestObjectFactory itemSellByTheStore.
	
	emptyCart := TusLibrosTestObjectFactory createCart.
	
	cartWithItems := TusLibrosTestObjectFactory createCart.
	cartWithItems add: item.
	
	emptySalesBook := OrderedCollection new.
	
	expiredCreditCard := CreditCard expiresOn: (GregorianMonthOfYear yearNumber: 2000 monthNumber:1) ownedBy: 'owner' withNumber: 1.
	
	validCreditCard := CreditCard expiresOn: (GregorianMonthOfYear yearNumber: 2200 monthNumber:1) ownedBy: 'owner' withNumber: 1.
	cardWithInvalidOwnerName := CreditCard expiresOn: (GregorianMonthOfYear yearNumber: 2200 monthNumber:1) ownedBy: 'tooLongOfAString_lol_aaaaaaaaaaaaaaaaaa' withNumber: 1.
	cardWithInvalidNumber := CreditCard expiresOn: (GregorianMonthOfYear yearNumber: 2200 monthNumber:1) ownedBy: 'Juan Perez' withNumber: -1.
	
	testingDate := FixedGregorianDate yearNumber: 2019 monthNumber: 12 dayNumber: 31.! !
!CashierTest methodsFor: 'setUp' stamp: 'fz_md 11/4/2019 20:45:18' prior: 50783682!
setUp
	|validCardDate|
	item := TusLibrosTestObjectFactory itemSellByTheStore.
	
	emptyCart := TusLibrosTestObjectFactory createCart.
	
	cartWithItems := TusLibrosTestObjectFactory createCart.
	cartWithItems add: item.
	
	emptySalesBook := OrderedCollection new.
	testingDate := FixedGregorianDate yearNumber: 2019 monthNumber: 12 dayNumber: 31.
	
	expiredCreditCard := CreditCard expiresOn: (GregorianMonthOfYear yearNumber: 2000 monthNumber:1) ownedBy: 'owner' withNumber: 1.
	
	validCardDate := (GregorianMonthOfYear yearNumber: 2200 monthNumber:1).
	
	validCreditCard := CreditCard expiresOn: validCardDate ownedBy: 'owner' withNumber: 1.
	cardWithInvalidOwnerName := CreditCard expiresOn: validCardDate ownedBy: 'tooLongOfAString_lol_aaaaaaaaaaaaaaaaaa' withNumber: 1.
	cardWithInvalidNumber := CreditCard expiresOn: validCardDate ownedBy: 'Juan Perez' withNumber: -1.! !
!CashierTest methodsFor: 'tests' stamp: 'fz_md 11/4/2019 20:50:11' prior: 50783287!
test04canNotChargeInvalidCreditCardOwner
	| cashier |
	
	cashier :=  Cashier toCheckout: cartWithItems registerOn: emptySalesBook withCreditCard: validCreditCard onDay: testingDate.
	
	self should: []
		raise: Error - MessageNotUnderstood 
		withExceptionDo: [:anError | ]! !
!CashierTest methodsFor: 'tests' stamp: 'fz_md 11/4/2019 20:50:51' prior: 50783744!
test04canNotChargeInvalidCreditCardOwner
	| cashier |
	
	cashier :=  Cashier toCheckout: cartWithItems registerOn: emptySalesBook withCreditCard: validCreditCard onDay: testingDate.
	
	self should: [cashier checkout ]
		raise: Error - MessageNotUnderstood 
		withExceptionDo: [:anError| self assert: anError messageText = Cashier canNotCheckoutCardWithInvalidOwner.
								self assert: emptySalesBook isEmpty]! !
!CashierTest methodsFor: 'tests' stamp: 'fz_md 11/4/2019 20:51:11'!
test04canNotCheckoutCreditCardWithInvalidOwner
	| cashier |
	
	cashier :=  Cashier toCheckout: cartWithItems registerOn: emptySalesBook withCreditCard: validCreditCard onDay: testingDate.
	
	self should: [cashier checkout ]
		raise: Error - MessageNotUnderstood 
		withExceptionDo: [:anError| self assert: anError messageText = Cashier canNotCheckoutCardWithInvalidOwner.
								self assert: emptySalesBook isEmpty]! !

!methodRemoval: CashierTest #test04canNotChargeInvalidCreditCardOwner stamp: 'fz_md 11/4/2019 20:51:11'!
test04canNotChargeInvalidCreditCardOwner
	| cashier |
	
	cashier :=  Cashier toCheckout: cartWithItems registerOn: emptySalesBook withCreditCard: validCreditCard onDay: testingDate.
	
	self should: [cashier checkout ]
		raise: Error - MessageNotUnderstood 
		withExceptionDo: [:anError| self assert: anError messageText = Cashier canNotCheckoutCardWithInvalidOwner.
								self assert: emptySalesBook isEmpty]!

!testRun: #CashierTest #test04canNotCheckoutCreditCardWithInvalidOwner stamp: 'fz_md 11/4/2019 20:51:14'!
FAILURE!
!Cashier methodsFor: 'as yet unclassified' stamp: 'fz_md 11/4/2019 20:51:51' prior: 50783538!
checkout
	|totalCheckout|
	
	creditCard owner size > 30 ifTrue: [self error: self class canNotCheckoutCardWithInvalidOwner].
	date > creditCard expirationDate ifTrue: [self error: self class canNotCheckoutWIthExpiredCreditCard ].
	
	totalCheckout := cart totalPrice.
	
	salesBook add: totalCheckout.
	
	^totalCheckout! !

!testRun: #CashierTest #test04canNotCheckoutCreditCardWithInvalidOwner stamp: 'fz_md 11/4/2019 20:51:53'!
ERROR!
!CreditCard methodsFor: 'as yet unclassified' stamp: 'fz_md 11/4/2019 20:52:01'!
owner
	self shouldBeImplemented.
	^owner! !
!CreditCard methodsFor: 'as yet unclassified' stamp: 'fz_md 11/4/2019 20:52:03' prior: 50783825!
owner
	^owner! !

!testRun: #CashierTest #test04canNotCheckoutCreditCardWithInvalidOwner stamp: 'fz_md 11/4/2019 20:52:09'!
FAILURE!
!CashierTest methodsFor: 'tests' stamp: 'fz_md 11/4/2019 20:52:25' prior: 50783772!
test04canNotCheckoutCreditCardWithInvalidOwner
	| cashier |
	
	cashier :=  Cashier toCheckout: cartWithItems registerOn: emptySalesBook withCreditCard: cardWithInvalidOwnerName onDay: testingDate.
	
	self should: [cashier checkout ]
		raise: Error - MessageNotUnderstood 
		withExceptionDo: [:anError| self assert: anError messageText = Cashier canNotCheckoutCardWithInvalidOwner.
								self assert: emptySalesBook isEmpty]! !

!testRun: #CashierTest #test04canNotCheckoutCreditCardWithInvalidOwner stamp: 'fz_md 11/4/2019 20:52:27'!
ERROR!
!Cashier class methodsFor: 'error messages' stamp: 'fz_md 11/4/2019 20:52:34'!
canNotCheckoutCardWithInvalidOwner
	self shouldBeImplemented.! !
!Cashier class methodsFor: 'error messages' stamp: 'fz_md 11/4/2019 20:52:47' prior: 50783857!
canNotCheckoutCardWithInvalidOwner
	^'can not checkout card with invalid owner'! !

!testRun: #CashierTest #test04canNotCheckoutCreditCardWithInvalidOwner stamp: 'fz_md 11/4/2019 20:52:48'!
FAILURE!

!testRun: #CashierTest #test04canNotCheckoutCreditCardWithInvalidOwner stamp: 'fz_md 11/4/2019 20:53:06'!
PASSED!

!testRun: #CashierTest #test01canNotCheckoutEmptyCart stamp: 'fz_md 11/4/2019 20:53:06'!
PASSED!

!testRun: #CashierTest #test02TotalCheckoutAmmountIsCorrectAndIsRegistered stamp: 'fz_md 11/4/2019 20:53:06'!
PASSED!

!testRun: #CashierTest #test03cannotCheckoutWithExpiredCreditCard stamp: 'fz_md 11/4/2019 20:53:06'!
PASSED!

!testRun: #CashierTest #test04canNotCheckoutCreditCardWithInvalidOwner stamp: 'fz_md 11/4/2019 20:53:06'!
PASSED!

----SNAPSHOT----(4 November 2019 20:53:20) CuisUniversity-3938.image priorSource: 14443932!
!CashierTest methodsFor: 'tests' stamp: 'fz_md 11/4/2019 20:58:46'!
test05canNotCheckoutCreditCardWithInvalidNumber
	| cashier |
	
	cashier :=  Cashier toCheckout: cartWithItems registerOn: emptySalesBook withCreditCard: cardWithInvalidNumber onDay: testingDate.
	
	self should: [cashier checkout ]
		raise: Error - MessageNotUnderstood 
		withExceptionDo: [:anError| self assert: anError messageText = Cashier canNotCheckoutCardWithInvalidNumber.
								self assert: emptySalesBook isEmpty]! !

!testRun: #CashierTest #test05canNotCheckoutCreditCardWithInvalidNumber stamp: 'fz_md 11/4/2019 20:58:53'!
FAILURE!
!Cashier methodsFor: 'as yet unclassified' stamp: 'fz_md 11/4/2019 20:59:45' prior: 50783808!
checkout
	|totalCheckout|
	
	creditCard number < 0 ifTrue: [self error: self class canNotCheckoutCardWithInvalidNumber].
	creditCard owner size > 30 ifTrue: [self error: self class canNotCheckoutCardWithInvalidOwner].
	date > creditCard expirationDate ifTrue: [self error: self class canNotCheckoutWIthExpiredCreditCard ].
	
	totalCheckout := cart totalPrice.
	
	salesBook add: totalCheckout.
	
	^totalCheckout! !

!testRun: #CashierTest #test05canNotCheckoutCreditCardWithInvalidNumber stamp: 'fz_md 11/4/2019 20:59:47'!
ERROR!
!CreditCard methodsFor: 'as yet unclassified' stamp: 'fz_md 11/4/2019 20:59:53'!
number
	self shouldBeImplemented.
	^number! !
!CreditCard methodsFor: 'as yet unclassified' stamp: 'fz_md 11/4/2019 20:59:55' prior: 50783931!
number
	^number! !

!testRun: #CashierTest #test05canNotCheckoutCreditCardWithInvalidNumber stamp: 'fz_md 11/4/2019 20:59:58'!
ERROR!
!Cashier class methodsFor: 'error messages' stamp: 'fz_md 11/4/2019 21:00:05'!
canNotCheckoutCardWithInvalidNumber
	self shouldBeImplemented.! !
!Cashier class methodsFor: 'error messages' stamp: 'fz_md 11/4/2019 21:00:17' prior: 50783943!
canNotCheckoutCardWithInvalidNumber
	^'can not checkout card with invalid number'! !

!testRun: #CashierTest #test05canNotCheckoutCreditCardWithInvalidNumber stamp: 'fz_md 11/4/2019 21:00:18'!
FAILURE!

!testRun: #CashierTest #test05canNotCheckoutCreditCardWithInvalidNumber stamp: 'fz_md 11/4/2019 21:00:22'!
PASSED!

!testRun: #CashierTest #test01canNotCheckoutEmptyCart stamp: 'fz_md 11/4/2019 21:00:24'!
PASSED!

!testRun: #CashierTest #test02TotalCheckoutAmmountIsCorrectAndIsRegistered stamp: 'fz_md 11/4/2019 21:00:24'!
PASSED!

!testRun: #CashierTest #test03cannotCheckoutWithExpiredCreditCard stamp: 'fz_md 11/4/2019 21:00:24'!
PASSED!

!testRun: #CashierTest #test04canNotCheckoutCreditCardWithInvalidOwner stamp: 'fz_md 11/4/2019 21:00:24'!
PASSED!

!testRun: #CashierTest #test05canNotCheckoutCreditCardWithInvalidNumber stamp: 'fz_md 11/4/2019 21:00:24'!
PASSED!

----SNAPSHOT----(4 November 2019 21:00:27) CuisUniversity-3938.image priorSource: 14471603!
!Cashier methodsFor: 'as yet unclassified' stamp: 'fz_md 11/4/2019 21:01:03' prior: 50783911!
checkout
	|totalCheckout|
	
	self isValidCreditCard.
	
	totalCheckout := cart totalPrice.
	
	salesBook add: totalCheckout.
	
	^totalCheckout! !
!Cashier methodsFor: 'as yet unclassified' stamp: 'fz_md 11/4/2019 21:01:11'!
isValidCreditCard
	creditCard number < 0 ifTrue: [self error: self class canNotCheckoutCardWithInvalidNumber].
	creditCard owner size > 30 ifTrue: [self error: self class canNotCheckoutCardWithInvalidOwner].
	date > creditCard expirationDate ifTrue: [self error: self class canNotCheckoutWIthExpiredCreditCard ].
	! !
!Cashier methodsFor: 'asserts' stamp: 'fz_md 11/4/2019 21:01:36'!
assertValidCreditCard
	creditCard number < 0 ifTrue: [self error: self class canNotCheckoutCardWithInvalidNumber].
	creditCard owner size > 30 ifTrue: [self error: self class canNotCheckoutCardWithInvalidOwner].
	date > creditCard expirationDate ifTrue: [self error: self class canNotCheckoutWIthExpiredCreditCard ].
	! !
!Cashier methodsFor: 'as yet unclassified' stamp: 'fz_md 11/4/2019 21:01:36' prior: 50783983!
checkout
	|totalCheckout|
	
	self assertValidCreditCard.
	
	totalCheckout := cart totalPrice.
	
	salesBook add: totalCheckout.
	
	^totalCheckout! !

!methodRemoval: Cashier #isValidCreditCard stamp: 'fz_md 11/4/2019 21:01:36'!
isValidCreditCard
	creditCard number < 0 ifTrue: [self error: self class canNotCheckoutCardWithInvalidNumber].
	creditCard owner size > 30 ifTrue: [self error: self class canNotCheckoutCardWithInvalidOwner].
	date > creditCard expirationDate ifTrue: [self error: self class canNotCheckoutWIthExpiredCreditCard ].
	!

!testRun: #CartTest #test01NewCartsAreCreatedEmpty stamp: 'fz_md 11/4/2019 21:01:55'!
PASSED!

!testRun: #CartTest #test02CanNotAddItemsThatDoNotBelongToStore stamp: 'fz_md 11/4/2019 21:01:55'!
PASSED!

!testRun: #CartTest #test03AfterAddingAnItemTheCartIsNotEmptyAnymore stamp: 'fz_md 11/4/2019 21:01:55'!
PASSED!

!testRun: #CartTest #test04CanNotAddNonPositiveNumberOfItems stamp: 'fz_md 11/4/2019 21:01:56'!
PASSED!

!testRun: #CartTest #test05CanNotAddMoreThanOneItemNotSellByTheStore stamp: 'fz_md 11/4/2019 21:01:56'!
PASSED!

!testRun: #CartTest #test06CartRemembersAddedItems stamp: 'fz_md 11/4/2019 21:01:56'!
PASSED!

!testRun: #CartTest #test07CartDoesNotHoldNotAddedItems stamp: 'fz_md 11/4/2019 21:01:56'!
PASSED!

!testRun: #CartTest #test08CartRemembersTheNumberOfAddedItems stamp: 'fz_md 11/4/2019 21:01:56'!
PASSED!

!testRun: #CashierTest #test01canNotCheckoutEmptyCart stamp: 'fz_md 11/4/2019 21:01:56'!
PASSED!

!testRun: #CashierTest #test02TotalCheckoutAmmountIsCorrectAndIsRegistered stamp: 'fz_md 11/4/2019 21:01:56'!
PASSED!

!testRun: #CashierTest #test03cannotCheckoutWithExpiredCreditCard stamp: 'fz_md 11/4/2019 21:01:56'!
PASSED!

!testRun: #CashierTest #test04canNotCheckoutCreditCardWithInvalidOwner stamp: 'fz_md 11/4/2019 21:01:56'!
PASSED!

!testRun: #CashierTest #test05canNotCheckoutCreditCardWithInvalidNumber stamp: 'fz_md 11/4/2019 21:01:56'!
PASSED!
!CashierTest methodsFor: 'tests' stamp: 'fz_md 11/4/2019 21:04:58'!
test06validPurchaseIsChargedThroughMP
	| cashier |
	
	cashier :=  Cashier toCheckout: cartWithItems registerOn: emptySalesBook withCreditCard: cardWithInvalidNumber onDay: testingDate.
	
	self should: [cashier checkout ]
		raise: Error - MessageNotUnderstood 
		withExceptionDo: [:anError| self assert: anError messageText = Cashier canNotCheckoutCardWithInvalidNumber.
								self assert: emptySalesBook isEmpty]! !
!CashierTest methodsFor: 'tests' stamp: 'fz_md 11/4/2019 21:05:04' prior: 50784078!
test06validPurchaseIsChargedThroughMP
	| cashier |
	
	cashier :=  Cashier toCheckout: cartWithItems registerOn: emptySalesBook withCreditCard: cardWithInvalidNumber onDay: testingDate.
	
	! !

!classRemoval: #MerchantProcessor stamp: 'fz_md 11/4/2019 21:08:57'!
Object subclass: #MerchantProcessor
	instanceVariableNames: ''
	classVariableNames: ''
	poolDictionaries: ''
	category: 'TusLibros'!
!Cashier class methodsFor: 'instance creation' stamp: 'fz_md 11/4/2019 21:13:12'!
toCheckout: aCart registerOn: aSalesBook withCreditCard: aCreditCard onDay: aDay through: aMerchantProcessor     
	
	aCart isEmpty ifTrue:[self error: self canNotCheckoutEmptyCart].
	
	^self new initializeToCheckout: aCart registerOn: aSalesBook withCreditCard: aCreditCard onDay: aDay    ! !
!CashierTest methodsFor: 'as yet unclassified' stamp: 'fz_md 11/4/2019 21:13:12' prior: 50783062!
test02TotalCheckoutAmmountIsCorrectAndIsRegistered
	| cashier|
	
	cashier :=  Cashier toCheckout: cartWithItems registerOn: emptySalesBook withCreditCard: validCreditCard onDay: testingDate through: self.
	
	self assert: (cashier checkout) equals: TusLibrosTestObjectFactory itemPrice.
	self assert: (emptySalesBook first) equals: TusLibrosTestObjectFactory itemPrice.! !
!CashierTest methodsFor: 'as yet unclassified' stamp: 'fz_md 11/4/2019 21:13:12' prior: 50782934!
test01canNotCheckoutEmptyCart
	
	self should: [Cashier toCheckout: emptyCart registerOn: emptySalesBook withCreditCard: validCreditCard onDay: testingDate through: self]
		raise: Error - MessageNotUnderstood 
		withExceptionDo: [:anError| self assert: anError messageText = Cashier canNotCheckoutEmptyCart.
								self assert: emptySalesBook isEmpty]! !
!CashierTest methodsFor: 'as yet unclassified' stamp: 'fz_md 11/4/2019 21:13:12' prior: 50783837!
test04canNotCheckoutCreditCardWithInvalidOwner
	| cashier |
	
	cashier :=  Cashier toCheckout: cartWithItems registerOn: emptySalesBook withCreditCard: cardWithInvalidOwnerName onDay: testingDate through: self.
	
	self should: [cashier checkout ]
		raise: Error - MessageNotUnderstood 
		withExceptionDo: [:anError| self assert: anError messageText = Cashier canNotCheckoutCardWithInvalidOwner.
								self assert: emptySalesBook isEmpty]! !
!CashierTest methodsFor: 'as yet unclassified' stamp: 'fz_md 11/4/2019 21:13:12' prior: 50784094!
test06validPurchaseIsChargedThroughMP
	| cashier |
	
	cashier :=  Cashier toCheckout: cartWithItems registerOn: emptySalesBook withCreditCard: cardWithInvalidNumber onDay: testingDate through: self.
	
	! !
!CashierTest methodsFor: 'as yet unclassified' stamp: 'fz_md 11/4/2019 21:13:12' prior: 50782918!
test03cannotCheckoutWithExpiredCreditCard
	| cashier|
	
	cashier :=  Cashier toCheckout: cartWithItems registerOn: emptySalesBook withCreditCard: expiredCreditCard onDay: testingDate through: self.
	
	self should: [cashier checkout ]
		raise: Error - MessageNotUnderstood 
		withExceptionDo: [:anError| self assert: anError messageText = Cashier canNotCheckoutWIthExpiredCreditCard.
								self assert: emptySalesBook isEmpty]! !
!CashierTest methodsFor: 'as yet unclassified' stamp: 'fz_md 11/4/2019 21:13:12' prior: 50783891!
test05canNotCheckoutCreditCardWithInvalidNumber
	| cashier |
	
	cashier :=  Cashier toCheckout: cartWithItems registerOn: emptySalesBook withCreditCard: cardWithInvalidNumber onDay: testingDate through: self.
	
	self should: [cashier checkout ]
		raise: Error - MessageNotUnderstood 
		withExceptionDo: [:anError| self assert: anError messageText = Cashier canNotCheckoutCardWithInvalidNumber.
								self assert: emptySalesBook isEmpty]! !

!methodRemoval: Cashier class #toCheckout:registerOn:withCreditCard:onDay: stamp: 'fz_md 11/4/2019 21:13:12'!
toCheckout: aCart registerOn: aSalesBook withCreditCard: aCreditCard onDay: aDay    
	
	aCart isEmpty ifTrue:[self error: self canNotCheckoutEmptyCart].
	
	^self new initializeToCheckout: aCart registerOn: aSalesBook withCreditCard: aCreditCard onDay: aDay    !
!Cashier methodsFor: 'initialization' stamp: 'fz_md 11/4/2019 21:13:50'!
initializeToCheckout: aCart registerOn: aSalesBook withCreditCard: aCreditCard onDay: aDay through: aMerchantProcessor     
	cart := aCart.
	salesBook := aSalesBook.
	creditCard := aCreditCard.
	date := aDay.! !
!Cashier class methodsFor: 'as yet unclassified' stamp: 'fz_md 11/4/2019 21:13:50' prior: 50784109!
toCheckout: aCart registerOn: aSalesBook withCreditCard: aCreditCard onDay: aDay through: aMerchantProcessor     
	
	aCart isEmpty ifTrue:[self error: self canNotCheckoutEmptyCart].
	
	^self new initializeToCheckout: aCart registerOn: aSalesBook withCreditCard: aCreditCard onDay: aDay through: aMerchantProcessor    ! !

!methodRemoval: Cashier #initializeToCheckout:registerOn:withCreditCard:onDay: stamp: 'fz_md 11/4/2019 21:13:50'!
initializeToCheckout: aCart registerOn: aSalesBook withCreditCard: aCreditCard onDay: aDay    
	cart := aCart.
	salesBook := aSalesBook.
	creditCard := aCreditCard.
	date := aDay.!
!CashierTest methodsFor: 'tests' stamp: 'fz_md 11/4/2019 21:14:34'!
debit: anAmmount from: aCreditCard! !

!classDefinition: #CashierTest category: #TusLibros stamp: 'fz_md 11/4/2019 21:15:12'!
TestCase subclass: #CashierTest
	instanceVariableNames: 'emptyCart emptySalesBook expiredCreditCard validCreditCard testingDate item cartWithItems cardWithInvalidOwnerName cardWithInvalidNumber merchantProcessorBehaviour'
	classVariableNames: ''
	poolDictionaries: ''
	category: 'TusLibros'!
!CashierTest methodsFor: 'tests' stamp: 'fz_md 11/4/2019 21:15:10' prior: 50784256!
debit: anAmmount from: aCreditCard
	merchantProcessorBehaviour value.! !
!CashierTest methodsFor: 'tests' stamp: 'fz_md 11/4/2019 21:15:36' prior: 50784169!
test06validPurchaseIsChargedThroughMP
	| cashier |
	
	merchantProcessorBehaviour := [].
	
	cashier :=  Cashier toCheckout: cartWithItems registerOn: emptySalesBook withCreditCard: cardWithInvalidNumber onDay: testingDate through: self.
	
	! !
!CashierTest methodsFor: 'setUp' stamp: 'fz_md 11/4/2019 21:15:44' prior: 50783713!
setUp
	|validCardDate|
	item := TusLibrosTestObjectFactory itemSellByTheStore.
	
	emptyCart := TusLibrosTestObjectFactory createCart.
	
	cartWithItems := TusLibrosTestObjectFactory createCart.
	cartWithItems add: item.
	
	emptySalesBook := OrderedCollection new.
	testingDate := FixedGregorianDate yearNumber: 2019 monthNumber: 12 dayNumber: 31.
	
	expiredCreditCard := CreditCard expiresOn: (GregorianMonthOfYear yearNumber: 2000 monthNumber:1) ownedBy: 'owner' withNumber: 1.
	
	validCardDate := (GregorianMonthOfYear yearNumber: 2200 monthNumber:1).
	
	validCreditCard := CreditCard expiresOn: validCardDate ownedBy: 'owner' withNumber: 1.
	cardWithInvalidOwnerName := CreditCard expiresOn: validCardDate ownedBy: 'tooLongOfAString_lol_aaaaaaaaaaaaaaaaaa' withNumber: 1.
	cardWithInvalidNumber := CreditCard expiresOn: validCardDate ownedBy: 'Juan Perez' withNumber: -1.
	
	merchantProcessorBehaviour := []! !

!classDefinition: #CashierTest category: #TusLibros stamp: 'fz_md 11/4/2019 21:17:07'!
TestCase subclass: #CashierTest
	instanceVariableNames: 'emptyCart emptySalesBook expiredCreditCard validCreditCard testingDate item cartWithItems cardWithInvalidOwnerName cardWithInvalidNumber merchantProcessorBehaviour debitedCard'
	classVariableNames: ''
	poolDictionaries: ''
	category: 'TusLibros'!

!classDefinition: #CashierTest category: #TusLibros stamp: 'fz_md 11/4/2019 21:17:08'!
TestCase subclass: #CashierTest
	instanceVariableNames: 'emptyCart emptySalesBook expiredCreditCard validCreditCard testingDate item cartWithItems cardWithInvalidOwnerName cardWithInvalidNumber merchantProcessorBehaviour debitedCard debitedAmmount'
	classVariableNames: ''
	poolDictionaries: ''
	category: 'TusLibros'!
!CashierTest methodsFor: 'tests' stamp: 'fz_md 11/4/2019 21:17:06' prior: 50784277!
test06validPurchaseIsChargedThroughMP
	| cashier |
	
	merchantProcessorBehaviour := [:anAmmount :aCreditCard | 
		debitedCard := aCreditCard.
		debitedAmmount := anAmmount ].
	
	cashier :=  Cashier toCheckout: cartWithItems registerOn: emptySalesBook withCreditCard: cardWithInvalidNumber onDay: testingDate through: self.
	
	! !
!CashierTest methodsFor: 'tests' stamp: 'fz_md 11/4/2019 21:17:44' prior: 50784345!
test06validPurchaseIsChargedThroughMP
	| cashier |
	
	merchantProcessorBehaviour := [:anAmmount :aCreditCard | 
		debitedCard := aCreditCard.
		debitedAmmount := anAmmount ].
	
	cashier :=  Cashier toCheckout: cartWithItems registerOn: emptySalesBook withCreditCard: cardWithInvalidNumber onDay: testingDate through: self.
	cashier checkout.
	
	! !

TestCase subclass: #CashierTest
	instanceVariableNames: 'emptyCart emptySalesBook expiredCreditCard validCreditCard testingDate item cartWithItems cardWithInvalidOwnerName cardWithInvalidNumber merchantProcessorBehaviour '
	classVariableNames: ''
	poolDictionaries: ''
	category: 'TusLibros'!

!classDefinition: #CashierTest category: #TusLibros stamp: 'fz_md 11/4/2019 21:17:50'!
TestCase subclass: #CashierTest
	instanceVariableNames: 'emptyCart emptySalesBook expiredCreditCard validCreditCard testingDate item cartWithItems cardWithInvalidOwnerName cardWithInvalidNumber merchantProcessorBehaviour'
	classVariableNames: ''
	poolDictionaries: ''
	category: 'TusLibros'!
!CashierTest methodsFor: 'tests' stamp: 'fz_md 11/4/2019 21:18:38' prior: 50784358!
test06validPurchaseIsChargedThroughMP
	| cashier debitedCard debitedAmmount|
	
	merchantProcessorBehaviour := [:anAmmount :aCreditCard | 
		debitedCard := aCreditCard.
		debitedAmmount := anAmmount ].
	
	cashier :=  Cashier toCheckout: cartWithItems registerOn: emptySalesBook withCreditCard: cardWithInvalidNumber onDay: testingDate through: self.
	cashier checkout.
	
	! !
!CashierTest methodsFor: 'tests' stamp: 'fz_md 11/4/2019 21:19:43' prior: 50784393!
test06validPurchaseIsChargedThroughMP
	| cashier debitedCard debitedAmmount ammount|
	
	merchantProcessorBehaviour := [:anAmmount :aCreditCard | 
		debitedCard := aCreditCard.
		debitedAmmount := anAmmount ].
	
	cashier :=  Cashier toCheckout: cartWithItems registerOn: emptySalesBook withCreditCard: validCreditCard onDay: testingDate through: self.
	ammount := cashier checkout.
	
	self assert: debitedCard equals: validCreditCard.
	self assert: debitedAmmount equals: ammount.! !

!testRun: #CashierTest #test06validPurchaseIsChargedThroughMP stamp: 'fz_md 11/4/2019 21:19:45'!
FAILURE!

!classDefinition: #Cashier category: #TusLibros stamp: 'fz_md 11/4/2019 21:20:26'!
Object subclass: #Cashier
	instanceVariableNames: 'cart salesBook creditCard date merchantProcessor'
	classVariableNames: ''
	poolDictionaries: ''
	category: 'TusLibros'!
!Cashier methodsFor: 'initialization' stamp: 'fz_md 11/4/2019 21:20:24' prior: 50784224!
initializeToCheckout: aCart registerOn: aSalesBook withCreditCard: aCreditCard onDay: aDay through: aMerchantProcessor     
	cart := aCart.
	salesBook := aSalesBook.
	creditCard := aCreditCard.
	date := aDay.
	merchantProcessor := aMerchantProcessor! !

!testRun: #CashierTest #test06validPurchaseIsChargedThroughMP stamp: 'fz_md 11/4/2019 21:20:34'!
FAILURE!
!Cashier methodsFor: 'checkout' stamp: 'fz_md 11/4/2019 21:21:09' prior: 50784015!
checkout
	|totalCheckout|
	
	self assertValidCreditCard.
	
	totalCheckout := cart totalPrice.
	merchantProcessor debit: totalCheckout from: creditCard.
	
	salesBook add: totalCheckout.
	
	^totalCheckout! !
!Cashier methodsFor: 'checkout' stamp: 'fz_md 11/4/2019 21:21:11' prior: 50784452!
checkout
	|totalCheckout|
	
	self assertValidCreditCard.
	
	totalCheckout := cart totalPrice.
	
	merchantProcessor debit: totalCheckout from: creditCard.
	
	salesBook add: totalCheckout.
	
	^totalCheckout! !

!testRun: #CashierTest #test06validPurchaseIsChargedThroughMP stamp: 'fz_md 11/4/2019 21:21:20'!
ERROR!
!CashierTest methodsFor: 'fake messages' stamp: 'fz_md 11/4/2019 21:21:54' prior: 50784272!
debit: anAmmount from: aCreditCard
	merchantProcessorBehaviour value: anAmmount value: aCreditCard.! !
!CashierTest methodsFor: 'setUp' stamp: 'fz_md 11/4/2019 21:22:22' prior: 50784288!
setUp
	|validCardDate|
	item := TusLibrosTestObjectFactory itemSellByTheStore.
	
	emptyCart := TusLibrosTestObjectFactory createCart.
	
	cartWithItems := TusLibrosTestObjectFactory createCart.
	cartWithItems add: item.
	
	emptySalesBook := OrderedCollection new.
	testingDate := FixedGregorianDate yearNumber: 2019 monthNumber: 12 dayNumber: 31.
	
	expiredCreditCard := CreditCard expiresOn: (GregorianMonthOfYear yearNumber: 2000 monthNumber:1) ownedBy: 'owner' withNumber: 1.
	
	validCardDate := (GregorianMonthOfYear yearNumber: 2200 monthNumber:1).
	
	validCreditCard := CreditCard expiresOn: validCardDate ownedBy: 'owner' withNumber: 1.
	cardWithInvalidOwnerName := CreditCard expiresOn: validCardDate ownedBy: 'tooLongOfAString_lol_aaaaaaaaaaaaaaaaaa' withNumber: 1.
	cardWithInvalidNumber := CreditCard expiresOn: validCardDate ownedBy: 'Juan Perez' withNumber: -1.
	
	merchantProcessorBehaviour := [:anAmmount :aCreditCard|]! !

[]value:1!

!testRun: #CashierTest #test06validPurchaseIsChargedThroughMP stamp: 'fz_md 11/4/2019 21:22:42'!
PASSED!

!testRun: #CashierTest #test01canNotCheckoutEmptyCart stamp: 'fz_md 11/4/2019 21:22:44'!
PASSED!

!testRun: #CashierTest #test02TotalCheckoutAmmountIsCorrectAndIsRegistered stamp: 'fz_md 11/4/2019 21:22:44'!
PASSED!

!testRun: #CashierTest #test03cannotCheckoutWithExpiredCreditCard stamp: 'fz_md 11/4/2019 21:22:44'!
PASSED!

!testRun: #CashierTest #test04canNotCheckoutCreditCardWithInvalidOwner stamp: 'fz_md 11/4/2019 21:22:44'!
PASSED!

!testRun: #CashierTest #test05canNotCheckoutCreditCardWithInvalidNumber stamp: 'fz_md 11/4/2019 21:22:44'!
PASSED!

!testRun: #CashierTest #test06validPurchaseIsChargedThroughMP stamp: 'fz_md 11/4/2019 21:22:44'!
PASSED!

----SNAPSHOT----(4 November 2019 21:22:47) CuisUniversity-3938.image priorSource: 14474507!
!CashierTest methodsFor: 'tests' stamp: 'fz_md 11/4/2019 21:23:16' prior: 50784408!
test06validPurchaseIsChargedThroughMP
	| cashier debitedCard debitedAmmount ammount|
	
	merchantProcessorBehaviour := [:anAmmount :aCreditCard | 
		debitedCard := aCreditCard.
		debitedAmmount := anAmmount ].
	
	cashier :=  Cashier toCheckout: cartWithItems registerOn: emptySalesBook withCreditCard: validCreditCard onDay: testingDate through: self.
	ammount := cashier checkout.
	
	self assert: debitedCard equals: validCreditCard.
	self assert: debitedAmmount equals: ammount.
	
	"test07: el mp se trula"! !

----QUIT----(4 November 2019 21:23:24) CuisUniversity-3938.image priorSource: 14492374!

----STARTUP---- (7 November 2019 13:45:19) as /home/akima/Documents/ing_II/repo/cuis/CuisUniversity-3938.image!

!CashierTest methodsFor: 'tests' stamp: 'fz 11/7/2019 13:47:00'!
test07doesNotCheckoutWhenMPThrowsError
	| cashier |
	
	cashier :=  Cashier toCheckout: cartWithItems registerOn: emptySalesBook withCreditCard: cardWithInvalidNumber onDay: testingDate through: self.
	
	self should: [cashier checkout ]
		raise: Error - MessageNotUnderstood 
		withExceptionDo: [:anError| self assert: anError messageText = Cashier canNotCheckoutCardWithInvalidNumber.
								self assert: emptySalesBook isEmpty]! !
!CashierTest methodsFor: 'tests' stamp: 'fz 11/7/2019 13:47:30' prior: 50784541!
test06validPurchaseIsChargedThroughMP
	| cashier debitedCard debitedAmmount ammount|
	
	merchantProcessorBehaviour := [:anAmmount :aCreditCard | 
		debitedCard := aCreditCard.
		debitedAmmount := anAmmount ].
	
	cashier :=  Cashier toCheckout: cartWithItems registerOn: emptySalesBook withCreditCard: validCreditCard onDay: testingDate through: self.
	ammount := cashier checkout.
	
	self assert: debitedCard equals: validCreditCard.
	self assert: debitedAmmount equals: ammount.! !
!CashierTest methodsFor: 'tests' stamp: 'fz 11/7/2019 13:48:52' prior: 50784566!
test07doesNotCheckoutWhenMPThrowsError
	| cashier debitedCard debitedAmmount ammount|
	
	merchantProcessorBehaviour := [:anAmmount :aCreditCard | 
		self error: 'el MP se trul' ].
	
	cashier :=  Cashier toCheckout: cartWithItems registerOn: emptySalesBook withCreditCard: validCreditCard onDay: testingDate through: self.
	
	self should: [cashier checkout ]
		raise: Error - MessageNotUnderstood 
		withExceptionDo: [:anError| self assert: anError messageText = Cashier canNotCheckoutCardWithInvalidNumber.
								self assert: emptySalesBook isEmpty]! !
!CashierTest methodsFor: 'tests' stamp: 'fz 11/7/2019 13:49:11' prior: 50784601!
test07doesNotCheckoutWhenMPThrowsError
	| cashier|
	
	merchantProcessorBehaviour := [:anAmmount :aCreditCard | 
		self error: 'el MP se trul' ].
	
	cashier :=  Cashier toCheckout: cartWithItems registerOn: emptySalesBook withCreditCard: validCreditCard onDay: testingDate through: self.
	
	self should: [cashier checkout ]
		raise: Error - MessageNotUnderstood 
		withExceptionDo: [:anError| self assert: anError messageText = Cashier canNotCheckoutCardWithInvalidNumber.
								self assert: emptySalesBook isEmpty]! !
!CashierTest methodsFor: 'tests' stamp: 'fz 11/7/2019 13:54:35' prior: 50784621!
test07doesNotCheckoutWhenMPThrowsError
	| cashier|
	
	merchantProcessorBehaviour := [:anAmmount :aCreditCard | 
		self error: 'el MP se trul' ].
	
	cashier :=  Cashier toCheckout: cartWithItems registerOn: emptySalesBook withCreditCard: validCreditCard onDay: testingDate through: self.
	
	self should: [cashier checkout ]
		raise: Error - MessageNotUnderstood 
		withExceptionDo: [:anError| self assert: anError messageText = Cashier canNotCheckoutCardWithInvalidNumber.
								self assert: emptySalesBook isEmpty]! !
!CashierTest methodsFor: 'tests' stamp: 'fz 11/7/2019 13:57:32' prior: 50784640!
test07doesNotCheckoutWhenMPThrowsError
	| cashier|
	
	merchantProcessorBehaviour := [:anAmmount :aCreditCard | 
		self error: 'el MP se trul' ].
	
	cashier :=  Cashier toCheckout: cartWithItems registerOn: emptySalesBook withCreditCard: validCreditCard onDay: testingDate through: self.
	
	self should: [cashier checkout ]
		raise: Error - MessageNotUnderstood 
		withExceptionDo: [:anError| self assert: anError messageText = Cashier merchantProcessorNotWorkingErrorMessage.
								self assert: emptySalesBook isEmpty]! !

!testRun: #CashierTest #test07doesNotCheckoutWhenMPThrowsError stamp: 'fz 11/7/2019 13:57:44'!
ERROR!
!Cashier class methodsFor: 'as yet unclassified' stamp: 'fz 11/7/2019 13:58:04'!
merchantProcessorNotWorkingErrorMessage
	self shouldBeImplemented.! !
!Cashier class methodsFor: 'as yet unclassified' stamp: 'fz 11/7/2019 13:58:52' prior: 50784682!
merchantProcessorNotWorkingErrorMessage
	^'asd'! !

!testRun: #CashierTest #test07doesNotCheckoutWhenMPThrowsError stamp: 'fz 11/7/2019 13:58:54'!
FAILURE!
!Cashier methodsFor: 'checkout' stamp: 'fz 11/7/2019 14:01:27' prior: 50784462!
checkout
	|totalCheckout|
	
	self assertValidCreditCard.
	
	totalCheckout := cart totalPrice.
	
	[merchantProcessor debit: totalCheckout from: creditCard] on: Error do:[:error | self error: self class merchantProcessorNotWorkingErrorMessage].
	
	salesBook add: totalCheckout.
	
	^totalCheckout! !

!testRun: #CashierTest #test01canNotCheckoutEmptyCart stamp: 'fz 11/7/2019 14:01:33'!
PASSED!

!testRun: #CashierTest #test02TotalCheckoutAmmountIsCorrectAndIsRegistered stamp: 'fz 11/7/2019 14:01:33'!
PASSED!

!testRun: #CashierTest #test03cannotCheckoutWithExpiredCreditCard stamp: 'fz 11/7/2019 14:01:33'!
PASSED!

!testRun: #CashierTest #test04canNotCheckoutCreditCardWithInvalidOwner stamp: 'fz 11/7/2019 14:01:33'!
PASSED!

!testRun: #CashierTest #test05canNotCheckoutCreditCardWithInvalidNumber stamp: 'fz 11/7/2019 14:01:33'!
PASSED!

!testRun: #CashierTest #test06validPurchaseIsChargedThroughMP stamp: 'fz 11/7/2019 14:01:33'!
PASSED!

!testRun: #CashierTest #test07doesNotCheckoutWhenMPThrowsError stamp: 'fz 11/7/2019 14:01:33'!
PASSED!
!Cashier class methodsFor: 'as yet unclassified' stamp: 'fz 11/7/2019 14:02:20'!
merchantProcessorNotWorkingErrorMessage: anErrorDescription
	^'asd'! !
!Cashier methodsFor: 'as yet unclassified' stamp: 'fz 11/7/2019 14:02:20' prior: 50784696!
checkout
	|totalCheckout|
	
	self assertValidCreditCard.
	
	totalCheckout := cart totalPrice.
	
	[merchantProcessor debit: totalCheckout from: creditCard] on: Error do:[:error | self error: self class merchantProcessorNotWorkingErrorMessage: ''].
	
	salesBook add: totalCheckout.
	
	^totalCheckout! !
!CashierTest methodsFor: 'as yet unclassified' stamp: 'fz 11/7/2019 14:02:20' prior: 50784659!
test07doesNotCheckoutWhenMPThrowsError
	| cashier|
	
	merchantProcessorBehaviour := [:anAmmount :aCreditCard | 
		self error: 'el MP se trul' ].
	
	cashier :=  Cashier toCheckout: cartWithItems registerOn: emptySalesBook withCreditCard: validCreditCard onDay: testingDate through: self.
	
	self should: [cashier checkout ]
		raise: Error - MessageNotUnderstood 
		withExceptionDo: [:anError| self assert: anError messageText = Cashier merchantProcessorNotWorkingErrorMessage: ''.
								self assert: emptySalesBook isEmpty]! !

!methodRemoval: Cashier class #merchantProcessorNotWorkingErrorMessage stamp: 'fz 11/7/2019 14:02:20'!
merchantProcessorNotWorkingErrorMessage
	^'asd'!
!Cashier class methodsFor: 'as yet unclassified' stamp: 'fz 11/7/2019 14:02:27' prior: 50784732!
merchantProcessorNotWorkingErrorMessage: anErrorDescription
	^anErrorDescription! !
!CashierTest methodsFor: 'tests' stamp: 'fz 11/7/2019 14:03:46' prior: 50784751!
test07doesNotCheckoutWhenMPThrowsError
	| cashier errorDescription |
	
	errorDescription := 'el MP se trul'.
	
	merchantProcessorBehaviour := [:anAmmount :aCreditCard | 
		self error: errorDescription].
	
	cashier :=  Cashier toCheckout: cartWithItems registerOn: emptySalesBook withCreditCard: validCreditCard onDay: testingDate through: self.
	
	self should: [cashier checkout ]
		raise: Error - MessageNotUnderstood 
		withExceptionDo: [:anError| self assert: anError messageText = Cashier merchantProcessorNotWorkingErrorMessage: errorDescription.
								self assert: emptySalesBook isEmpty]! !
!Cashier methodsFor: 'asserts' stamp: 'fz 11/7/2019 14:05:43' prior: 50784002!
assertValidCreditCard
	creditCard number < 0 ifTrue: [self error: self class canNotCheckoutCardWithInvalidNumber].
	creditCard owner size > 30 ifTrue: [self error: self class canNotCheckoutCardWithInvalidOwner].
	(creditCard isExpiredOn: date) ifTrue: [self error: self class canNotCheckoutWIthExpiredCreditCard ].
	! !

!testRun: #CashierTest #test01canNotCheckoutEmptyCart stamp: 'fz 11/7/2019 14:05:49'!
PASSED!

!testRun: #CashierTest #test02TotalCheckoutAmmountIsCorrectAndIsRegistered stamp: 'fz 11/7/2019 14:05:49'!
ERROR!

!testRun: #CashierTest #test03cannotCheckoutWithExpiredCreditCard stamp: 'fz 11/7/2019 14:05:49'!
ERROR!

!testRun: #CashierTest #test04canNotCheckoutCreditCardWithInvalidOwner stamp: 'fz 11/7/2019 14:05:49'!
PASSED!

!testRun: #CashierTest #test05canNotCheckoutCreditCardWithInvalidNumber stamp: 'fz 11/7/2019 14:05:49'!
PASSED!

!testRun: #CashierTest #test06validPurchaseIsChargedThroughMP stamp: 'fz 11/7/2019 14:05:49'!
ERROR!

!testRun: #CashierTest #test07doesNotCheckoutWhenMPThrowsError stamp: 'fz 11/7/2019 14:05:49'!
ERROR!

!testRun: #CashierTest #test02TotalCheckoutAmmountIsCorrectAndIsRegistered stamp: 'fz 11/7/2019 14:05:52'!
ERROR!
!CreditCard methodsFor: 'as yet unclassified' stamp: 'fz 11/7/2019 14:06:08'!
isExpiredOn: aFixedGregorianDate 
	self shouldBeImplemented.! !
!CreditCard methodsFor: 'as yet unclassified' stamp: 'fz 11/7/2019 14:07:17' prior: 50784844!
isExpiredOn: aDate 
	^ aDate > expirationDate ! !

!testRun: #CashierTest #test02TotalCheckoutAmmountIsCorrectAndIsRegistered stamp: 'fz 11/7/2019 14:07:18'!
PASSED!

!testRun: #CashierTest #test01canNotCheckoutEmptyCart stamp: 'fz 11/7/2019 14:07:22'!
PASSED!

!testRun: #CashierTest #test02TotalCheckoutAmmountIsCorrectAndIsRegistered stamp: 'fz 11/7/2019 14:07:22'!
PASSED!

!testRun: #CashierTest #test03cannotCheckoutWithExpiredCreditCard stamp: 'fz 11/7/2019 14:07:22'!
PASSED!

!testRun: #CashierTest #test04canNotCheckoutCreditCardWithInvalidOwner stamp: 'fz 11/7/2019 14:07:22'!
PASSED!

!testRun: #CashierTest #test05canNotCheckoutCreditCardWithInvalidNumber stamp: 'fz 11/7/2019 14:07:22'!
PASSED!

!testRun: #CashierTest #test06validPurchaseIsChargedThroughMP stamp: 'fz 11/7/2019 14:07:22'!
PASSED!

!testRun: #CashierTest #test07doesNotCheckoutWhenMPThrowsError stamp: 'fz 11/7/2019 14:07:22'!
ERROR!

!testRun: #CashierTest #test07doesNotCheckoutWhenMPThrowsError stamp: 'fz 11/7/2019 14:07:22'!
ERROR!
!Cashier methodsFor: 'checkout' stamp: 'fz 11/7/2019 14:08:10' prior: 50784738!
checkout
	|totalCheckout|
	
	self assertValidCreditCard.
	
	totalCheckout := cart totalPrice.
	
	[merchantProcessor debit: totalCheckout from: creditCard] on: Error do:[:error | self error: (self class merchantProcessorNotWorkingErrorMessage: error messageText)].
	
	salesBook add: totalCheckout.
	
	^totalCheckout! !

!testRun: #CashierTest #test07doesNotCheckoutWhenMPThrowsError stamp: 'fz 11/7/2019 14:08:17'!
ERROR!

!testRun: #CashierTest #test07doesNotCheckoutWhenMPThrowsError stamp: 'fz 11/7/2019 14:08:17'!
ERROR!
!CashierTest methodsFor: 'tests' stamp: 'fz 11/7/2019 14:08:38' prior: 50784782!
test07doesNotCheckoutWhenMPThrowsError
	| cashier errorDescription |
	
	errorDescription := 'el MP se trul'.
	
	merchantProcessorBehaviour := [:anAmmount :aCreditCard | 
		self error: errorDescription].
	
	cashier :=  Cashier toCheckout: cartWithItems registerOn: emptySalesBook withCreditCard: validCreditCard onDay: testingDate through: self.
	
	self should: [cashier checkout ]
		raise: Error - MessageNotUnderstood 
		withExceptionDo: [:anError| self assert: anError messageText = (Cashier merchantProcessorNotWorkingErrorMessage: errorDescription).
								self assert: emptySalesBook isEmpty]! !

!testRun: #CashierTest #test07doesNotCheckoutWhenMPThrowsError stamp: 'fz 11/7/2019 14:08:40'!
PASSED!

!testRun: #CashierTest #test01canNotCheckoutEmptyCart stamp: 'fz 11/7/2019 14:08:42'!
PASSED!

!testRun: #CashierTest #test02TotalCheckoutAmmountIsCorrectAndIsRegistered stamp: 'fz 11/7/2019 14:08:42'!
PASSED!

!testRun: #CashierTest #test03cannotCheckoutWithExpiredCreditCard stamp: 'fz 11/7/2019 14:08:42'!
PASSED!

!testRun: #CashierTest #test04canNotCheckoutCreditCardWithInvalidOwner stamp: 'fz 11/7/2019 14:08:42'!
PASSED!

!testRun: #CashierTest #test05canNotCheckoutCreditCardWithInvalidNumber stamp: 'fz 11/7/2019 14:08:42'!
PASSED!

!testRun: #CashierTest #test06validPurchaseIsChargedThroughMP stamp: 'fz 11/7/2019 14:08:42'!
PASSED!

!testRun: #CashierTest #test07doesNotCheckoutWhenMPThrowsError stamp: 'fz 11/7/2019 14:08:42'!
PASSED!
!Cashier methodsFor: 'asserts' stamp: 'fz 11/7/2019 14:09:20' prior: 50784804!
assertValidCreditCard
	(creditCard isValidNumber) ifTrue: [self error: self class canNotCheckoutCardWithInvalidNumber].
	creditCard owner size > 30 ifTrue: [self error: self class canNotCheckoutCardWithInvalidOwner].
	(creditCard isExpiredOn: date) ifTrue: [self error: self class canNotCheckoutWIthExpiredCreditCard ].
	! !

!testRun: #CashierTest #test01canNotCheckoutEmptyCart stamp: 'fz 11/7/2019 14:09:24'!
PASSED!

!testRun: #CashierTest #test02TotalCheckoutAmmountIsCorrectAndIsRegistered stamp: 'fz 11/7/2019 14:09:24'!
ERROR!

!testRun: #CashierTest #test03cannotCheckoutWithExpiredCreditCard stamp: 'fz 11/7/2019 14:09:24'!
ERROR!

!testRun: #CashierTest #test04canNotCheckoutCreditCardWithInvalidOwner stamp: 'fz 11/7/2019 14:09:24'!
ERROR!

!testRun: #CashierTest #test05canNotCheckoutCreditCardWithInvalidNumber stamp: 'fz 11/7/2019 14:09:24'!
ERROR!

!testRun: #CashierTest #test06validPurchaseIsChargedThroughMP stamp: 'fz 11/7/2019 14:09:24'!
ERROR!

!testRun: #CashierTest #test07doesNotCheckoutWhenMPThrowsError stamp: 'fz 11/7/2019 14:09:24'!
ERROR!

!testRun: #CashierTest #test02TotalCheckoutAmmountIsCorrectAndIsRegistered stamp: 'fz 11/7/2019 14:09:26'!
ERROR!
!CreditCard methodsFor: 'as yet unclassified' stamp: 'fz 11/7/2019 14:09:32'!
isValidNumber
	self shouldBeImplemented.! !
!CreditCard methodsFor: 'as yet unclassified' stamp: 'fz 11/7/2019 14:09:43' prior: 50784991!
isValidNumber
	^number >= 0! !
!CreditCard methodsFor: 'as yet unclassified' stamp: 'fz 11/7/2019 14:10:13' prior: 50784996!
isValidNumber
	^number >= 0 and:[number isKindOf: Integer]! !

4 isKindOf: Integer!

-4 isKindOf: Integer!

-4.0 isKindOf: Integer!

!testRun: #CashierTest #test02TotalCheckoutAmmountIsCorrectAndIsRegistered stamp: 'fz 11/7/2019 14:10:48'!
ERROR!

!testRun: #CashierTest #test02TotalCheckoutAmmountIsCorrectAndIsRegistered stamp: 'fz 11/7/2019 14:10:49'!
PASSED!

!testRun: #CashierTest #test01canNotCheckoutEmptyCart stamp: 'fz 11/7/2019 14:10:51'!
PASSED!

!testRun: #CashierTest #test02TotalCheckoutAmmountIsCorrectAndIsRegistered stamp: 'fz 11/7/2019 14:10:51'!
ERROR!

!testRun: #CashierTest #test03cannotCheckoutWithExpiredCreditCard stamp: 'fz 11/7/2019 14:10:51'!
FAILURE!

!testRun: #CashierTest #test04canNotCheckoutCreditCardWithInvalidOwner stamp: 'fz 11/7/2019 14:10:51'!
FAILURE!

!testRun: #CashierTest #test05canNotCheckoutCreditCardWithInvalidNumber stamp: 'fz 11/7/2019 14:10:51'!
FAILURE!

!testRun: #CashierTest #test06validPurchaseIsChargedThroughMP stamp: 'fz 11/7/2019 14:10:51'!
ERROR!

!testRun: #CashierTest #test07doesNotCheckoutWhenMPThrowsError stamp: 'fz 11/7/2019 14:10:51'!
FAILURE!

!testRun: #CashierTest #test02TotalCheckoutAmmountIsCorrectAndIsRegistered stamp: 'fz 11/7/2019 14:10:53'!
ERROR!
!Cashier methodsFor: 'asserts' stamp: 'fz 11/7/2019 14:11:25' prior: 50784951!
assertValidCreditCard
	(creditCard isValidNumber) ifFalse: [self error: self class canNotCheckoutCardWithInvalidNumber].
	creditCard owner size > 30 ifTrue: [self error: self class canNotCheckoutCardWithInvalidOwner].
	(creditCard isExpiredOn: date) ifTrue: [self error: self class canNotCheckoutWIthExpiredCreditCard ].
	! !

!testRun: #CashierTest #test01canNotCheckoutEmptyCart stamp: 'fz 11/7/2019 14:11:28'!
PASSED!

!testRun: #CashierTest #test02TotalCheckoutAmmountIsCorrectAndIsRegistered stamp: 'fz 11/7/2019 14:11:28'!
PASSED!

!testRun: #CashierTest #test03cannotCheckoutWithExpiredCreditCard stamp: 'fz 11/7/2019 14:11:28'!
PASSED!

!testRun: #CashierTest #test04canNotCheckoutCreditCardWithInvalidOwner stamp: 'fz 11/7/2019 14:11:28'!
PASSED!

!testRun: #CashierTest #test05canNotCheckoutCreditCardWithInvalidNumber stamp: 'fz 11/7/2019 14:11:28'!
PASSED!

!testRun: #CashierTest #test06validPurchaseIsChargedThroughMP stamp: 'fz 11/7/2019 14:11:28'!
PASSED!

!testRun: #CashierTest #test07doesNotCheckoutWhenMPThrowsError stamp: 'fz 11/7/2019 14:11:28'!
PASSED!
!Cashier methodsFor: 'asserts' stamp: 'fz 11/7/2019 14:11:52' prior: 50785041!
assertValidCreditCard
	(creditCard isValidNumber) ifFalse: [self error: self class canNotCheckoutCardWithInvalidNumber].
	creditCard owner size > 30 ifTrue: [self error: self class canNotCheckoutCardWithInvalidOwner].
	(creditCard isValidOn: date) ifTrue: [self error: self class canNotCheckoutWIthExpiredCreditCard ].
	! !
!Cashier methodsFor: 'asserts' stamp: 'fz 11/7/2019 14:12:16' prior: 50785078!
assertValidCreditCard
	(creditCard isValidNumber) ifFalse: [self error: self class canNotCheckoutCardWithInvalidNumber].
	creditCard owner size > 30 ifTrue: [self error: self class canNotCheckoutCardWithInvalidOwner].
	(creditCard isExpiredOn: date) ifTrue: [self error: self class canNotCheckoutWIthExpiredCreditCard ].
	! !
!Cashier methodsFor: 'asserts' stamp: 'fz 11/7/2019 14:12:57' prior: 50785091!
assertValidCreditCard
	(creditCard isValidNumber) ifFalse: [self error: self class canNotCheckoutCardWithInvalidNumber].
	(creditCard isValidNumber) ifFalse: [self error: self class canNotCheckoutCardWithInvalidOwner].
	(creditCard isExpiredOn: date) ifTrue: [self error: self class canNotCheckoutWIthExpiredCreditCard ].
	! !

!testRun: #CashierTest #test01canNotCheckoutEmptyCart stamp: 'fz 11/7/2019 14:12:59'!
PASSED!

!testRun: #CashierTest #test02TotalCheckoutAmmountIsCorrectAndIsRegistered stamp: 'fz 11/7/2019 14:12:59'!
PASSED!

!testRun: #CashierTest #test03cannotCheckoutWithExpiredCreditCard stamp: 'fz 11/7/2019 14:12:59'!
PASSED!

!testRun: #CashierTest #test04canNotCheckoutCreditCardWithInvalidOwner stamp: 'fz 11/7/2019 14:12:59'!
FAILURE!

!testRun: #CashierTest #test05canNotCheckoutCreditCardWithInvalidNumber stamp: 'fz 11/7/2019 14:12:59'!
PASSED!

!testRun: #CashierTest #test06validPurchaseIsChargedThroughMP stamp: 'fz 11/7/2019 14:12:59'!
PASSED!

!testRun: #CashierTest #test07doesNotCheckoutWhenMPThrowsError stamp: 'fz 11/7/2019 14:12:59'!
PASSED!

!testRun: #CashierTest #test04canNotCheckoutCreditCardWithInvalidOwner stamp: 'fz 11/7/2019 14:12:59'!
FAILURE!
!Cashier methodsFor: 'asserts' stamp: 'fz 11/7/2019 14:13:26' prior: 50785104!
assertValidCreditCard
	(creditCard isValidNumber) ifFalse: [self error: self class canNotCheckoutCardWithInvalidNumber].
	(creditCard isValidOwner) ifFalse: [self error: self class canNotCheckoutCardWithInvalidOwner].
	(creditCard isExpiredOn: date) ifTrue: [self error: self class canNotCheckoutWIthExpiredCreditCard ].
	! !

!testRun: #CashierTest #test01canNotCheckoutEmptyCart stamp: 'fz 11/7/2019 14:13:29'!
PASSED!

!testRun: #CashierTest #test02TotalCheckoutAmmountIsCorrectAndIsRegistered stamp: 'fz 11/7/2019 14:13:29'!
ERROR!

!testRun: #CashierTest #test03cannotCheckoutWithExpiredCreditCard stamp: 'fz 11/7/2019 14:13:29'!
ERROR!

!testRun: #CashierTest #test04canNotCheckoutCreditCardWithInvalidOwner stamp: 'fz 11/7/2019 14:13:29'!
ERROR!

!testRun: #CashierTest #test05canNotCheckoutCreditCardWithInvalidNumber stamp: 'fz 11/7/2019 14:13:29'!
PASSED!

!testRun: #CashierTest #test06validPurchaseIsChargedThroughMP stamp: 'fz 11/7/2019 14:13:29'!
ERROR!

!testRun: #CashierTest #test07doesNotCheckoutWhenMPThrowsError stamp: 'fz 11/7/2019 14:13:29'!
ERROR!

!testRun: #CashierTest #test02TotalCheckoutAmmountIsCorrectAndIsRegistered stamp: 'fz 11/7/2019 14:13:31'!
ERROR!
!CreditCard methodsFor: 'as yet unclassified' stamp: 'fz 11/7/2019 14:13:37'!
isValidOwner
	self shouldBeImplemented.! !
!CreditCard methodsFor: 'as yet unclassified' stamp: 'fz 11/7/2019 14:13:51' prior: 50785184!
isValidOwner
	^owner size <= 30! !

!testRun: #CashierTest #test02TotalCheckoutAmmountIsCorrectAndIsRegistered stamp: 'fz 11/7/2019 14:13:54'!
PASSED!

!testRun: #CashierTest #test01canNotCheckoutEmptyCart stamp: 'fz 11/7/2019 14:13:56'!
PASSED!

!testRun: #CashierTest #test05canNotCheckoutCreditCardWithInvalidNumber stamp: 'fz 11/7/2019 14:13:56'!
PASSED!

!testRun: #CashierTest #test02TotalCheckoutAmmountIsCorrectAndIsRegistered stamp: 'fz 11/7/2019 14:13:56'!
PASSED!

!testRun: #CashierTest #test03cannotCheckoutWithExpiredCreditCard stamp: 'fz 11/7/2019 14:13:56'!
PASSED!

!testRun: #CashierTest #test04canNotCheckoutCreditCardWithInvalidOwner stamp: 'fz 11/7/2019 14:13:56'!
PASSED!

!testRun: #CashierTest #test06validPurchaseIsChargedThroughMP stamp: 'fz 11/7/2019 14:13:56'!
PASSED!

!testRun: #CashierTest #test07doesNotCheckoutWhenMPThrowsError stamp: 'fz 11/7/2019 14:13:56'!
PASSED!

!methodRemoval: CreditCard #number stamp: 'fz 11/7/2019 14:14:05'!
number
	^number!

!methodRemoval: CreditCard #owner stamp: 'fz 11/7/2019 14:14:08'!
owner
	^owner!

!methodRemoval: CreditCard #expirationDate stamp: 'fz 11/7/2019 14:14:10'!
expirationDate

	^ expirationDate.!

!testRun: #CashierTest #test01canNotCheckoutEmptyCart stamp: 'fz 11/7/2019 14:14:33'!
PASSED!

!testRun: #CashierTest #test02TotalCheckoutAmmountIsCorrectAndIsRegistered stamp: 'fz 11/7/2019 14:14:33'!
PASSED!

!testRun: #CashierTest #test03cannotCheckoutWithExpiredCreditCard stamp: 'fz 11/7/2019 14:14:33'!
PASSED!

!testRun: #CashierTest #test04canNotCheckoutCreditCardWithInvalidOwner stamp: 'fz 11/7/2019 14:14:33'!
PASSED!

!testRun: #CashierTest #test05canNotCheckoutCreditCardWithInvalidNumber stamp: 'fz 11/7/2019 14:14:33'!
PASSED!

!testRun: #CashierTest #test06validPurchaseIsChargedThroughMP stamp: 'fz 11/7/2019 14:14:33'!
PASSED!

!testRun: #CashierTest #test07doesNotCheckoutWhenMPThrowsError stamp: 'fz 11/7/2019 14:14:33'!
PASSED!

----SNAPSHOT----(7 November 2019 14:16:12) CuisUniversity-3938.image priorSource: 14493086!

----SNAPSHOT----(7 November 2019 16:05:39) CuisUniversity-3938.image priorSource: 14515241!

----SNAPSHOT----(7 November 2019 16:08:35) CuisUniversity-3938.image priorSource: 14515334!

----QUIT----(7 November 2019 16:08:41) CuisUniversity-3938.image priorSource: 14515427!

----STARTUP---- (7 November 2019 19:02:15) as /home/akima/Documents/ing_II/repo/cuis/CuisUniversity-3938.image!


!classRemoval: #TusLibrosTestObjectFactory stamp: 'fz 11/7/2019 19:02:28'!
Object subclass: #TusLibrosTestObjectFactory
	instanceVariableNames: 'expirationDate'
	classVariableNames: ''
	poolDictionaries: ''
	category: 'TusLibros'!

!classRemoval: #CreditCard stamp: 'fz 11/7/2019 19:02:28'!
Object subclass: #CreditCard
	instanceVariableNames: 'expirationDate owner number'
	classVariableNames: ''
	poolDictionaries: ''
	category: 'TusLibros'!

!classRemoval: #Cashier stamp: 'fz 11/7/2019 19:02:29'!
Object subclass: #Cashier
	instanceVariableNames: 'cart salesBook creditCard date merchantProcessor'
	classVariableNames: ''
	poolDictionaries: ''
	category: 'TusLibros'!

!classRemoval: #Cart stamp: 'fz 11/7/2019 19:02:29'!
Object subclass: #Cart
	instanceVariableNames: 'catalog items'
	classVariableNames: ''
	poolDictionaries: ''
	category: 'TusLibros'!

!classRemoval: #CashierTest stamp: 'fz 11/7/2019 19:02:30'!
TestCase subclass: #CashierTest
	instanceVariableNames: 'emptyCart emptySalesBook expiredCreditCard validCreditCard testingDate item cartWithItems cardWithInvalidOwnerName cardWithInvalidNumber merchantProcessorBehaviour'
	classVariableNames: ''
	poolDictionaries: ''
	category: 'TusLibros'!

!classRemoval: #CartTest stamp: 'fz 11/7/2019 19:02:30'!
TestCase subclass: #CartTest
	instanceVariableNames: ''
	classVariableNames: ''
	poolDictionaries: ''
	category: 'TusLibros'!

----End fileIn of /home/akima/Documents/ing_II/repo/25-TusLibros/3/TusLibros.st----!

Object subclass: #UserAPI
	instanceVariableNames: ''
	classVariableNames: ''
	poolDictionaries: ''
	category: 'TusLibros'!

!classDefinition: #UserAPI category: #TusLibros stamp: 'fz 11/7/2019 19:04:52'!
Object subclass: #UserAPI
	instanceVariableNames: ''
	classVariableNames: ''
	poolDictionaries: ''
	category: 'TusLibros'!

TestCase subclass: #UserAPITest
	instanceVariableNames: 'testObjectsFactory debitBehavior'
	classVariableNames: ''
	poolDictionaries: ''
	category: 'TusLibros'!

!classDefinition: #UserAPITest category: #TusLibros stamp: 'fz 11/7/2019 19:05:26'!
TestCase subclass: #UserAPITest
	instanceVariableNames: 'testObjectsFactory debitBehavior'
	classVariableNames: ''
	poolDictionaries: ''
	category: 'TusLibros'!
!UserAPITest methodsFor: 'no messages' stamp: 'fz 11/7/2019 19:07:03'!
test01CreateCartFailsWithUnknownUser! !
!UserAPITest methodsFor: 'as yet unclassified' stamp: 'fz 11/7/2019 19:08:09' prior: 50785885!
test01CreateCartFailsWithUnknownUser

	self should: []
	 raise: Error - MessageNotUnderstood 
	 withExceptionDo: [].! !
!UserAPITest methodsFor: 'as yet unclassified' stamp: 'fz 11/7/2019 19:17:40' prior: 50785890!
test01CreateCartFailsWithUnknownUser

	self should: [UserAPI createCartOf: 'user' withPassword: 'password'.]
	 raise: Error - MessageNotUnderstood 
	 withExceptionDo: [ :anError | 
			self assert: anError messageText = Cashier canNotCreateCartWithWongUser. ].! !
!UserAPITest methodsFor: 'as yet unclassified' stamp: 'fz 11/7/2019 19:30:43' prior: 50785897!
test01CreateCartFailsWithUnknownUser
	|userAPI|
	
	userAPI := UserAPI new.
	
	self should: [userAPI createCartOf: 'user' withPassword: 'password'.]
	 raise: Error - MessageNotUnderstood 
	 withExceptionDo: [ :anError | 
			self assert: anError messageText = Cashier canNotCreateCartWithWongUser].! !

!testRun: #UserAPITest #test01CreateCartFailsWithUnknownUser stamp: 'fz 11/7/2019 19:30:51'!
ERROR!
!UserAPI methodsFor: 'API' stamp: 'fz 11/7/2019 19:31:14'!
createCartOf: aString withPassword: aString2 
	self shouldBeImplemented.! !
!UserAPITest methodsFor: 'as yet unclassified' stamp: 'fz 11/7/2019 19:32:07' prior: 50785909!
test01CreateCartFailsWithUnknownUser
	|userAPI|
	
	userAPI := UserAPI new.
	
	self should: [userAPI createCartOf: 'user' withPassword: 'password'.]
	 raise: Error - MessageNotUnderstood 
	 withExceptionDo: [ :anError | 
			self assert: anError messageText = UserAPI canNotCreateCartWithWongUser].! !
!UserAPI methodsFor: 'API' stamp: 'fz 11/7/2019 19:32:15' prior: 50785924!
createCartOf: aString withPassword: aString2 
	^ self error: self class canNotCreateCartWithWongUser.! !

!testRun: #UserAPITest #test01CreateCartFailsWithUnknownUser stamp: 'fz 11/7/2019 19:32:18'!
ERROR!
!UserAPI class methodsFor: 'error messages' stamp: 'fz 11/7/2019 19:32:32'!
canNotCreateCartWithWongUser
	self shouldBeImplemented.! !
!UserAPI class methodsFor: 'error messages' stamp: 'fz 11/7/2019 19:33:20' prior: 50785951!
canNotCreateCartWithWongUser
	^ 'no se pueden crear carritos con usuarios que no esten inscriptos en el sistema'! !

!testRun: #UserAPITest #test01CreateCartFailsWithUnknownUser stamp: 'fz 11/7/2019 19:33:21'!
ERROR!

!testRun: #UserAPITest #test01CreateCartFailsWithUnknownUser stamp: 'fz 11/7/2019 19:33:29'!
PASSED!
!UserAPITest methodsFor: 'as yet unclassified' stamp: 'fz 11/7/2019 19:34:18'!
test01CreatedCartIsEmpty
	|userAPI|
	
	userAPI := UserAPI new.
	
	self should: [userAPI createCartOf: 'user' withPassword: 'password'.]
	 raise: Error - MessageNotUnderstood 
	 withExceptionDo: [ :anError | 
			self assert: anError messageText = UserAPI canNotCreateCartWithWongUser].! !
!UserAPITest methodsFor: 'as yet unclassified' stamp: 'fz 11/7/2019 19:34:24'!
test02CreatedCartIsEmpty
	|userAPI|
	
	userAPI := UserAPI new.
	
	self should: [userAPI createCartOf: 'user' withPassword: 'password'.]
	 raise: Error - MessageNotUnderstood 
	 withExceptionDo: [ :anError | 
			self assert: anError messageText = UserAPI canNotCreateCartWithWongUser].! !

!methodRemoval: UserAPITest #test01CreatedCartIsEmpty stamp: 'fz 11/7/2019 19:34:24'!
test01CreatedCartIsEmpty
	|userAPI|
	
	userAPI := UserAPI new.
	
	self should: [userAPI createCartOf: 'user' withPassword: 'password'.]
	 raise: Error - MessageNotUnderstood 
	 withExceptionDo: [ :anError | 
			self assert: anError messageText = UserAPI canNotCreateCartWithWongUser].!
!UserAPITest methodsFor: 'as yet unclassified' stamp: 'fz 11/7/2019 19:35:52' prior: 50785981!
test02CreatedCartIsEmpty
	|userAPI cartID |
	
	userAPI := UserAPI new.
	
	cartID := userAPI createCartOf: 'user' withPassword: 'password'.
	
	self assert: userAPI cartOfID: cartID .! !
!UserAPITest methodsFor: 'as yet unclassified' stamp: 'fz 11/7/2019 19:36:08' prior: 50786005!
test02CreatedCartIsEmpty
	|userAPI cartID |
	
	userAPI := UserAPI new.
	
	cartID := userAPI createCartOf: 'user' withPassword: 'password'.
	
	self assert: (userAPI cartOfID: cartID ).! !
!UserAPITest methodsFor: 'as yet unclassified' stamp: 'fz 11/7/2019 19:36:25' prior: 50786014!
test02CreatedCartIsEmpty
	|userAPI cartID |
	
	userAPI := UserAPI new.
	
	cartID := userAPI createCartOf: 'user' withPassword: 'password'.
	
	self assert: (userAPI cartOfID: cartID isEmpty).! !
!UserAPITest methodsFor: 'tests' stamp: 'fz 11/7/2019 19:39:30'!
test02CartIsCreatedForValidUser
	|userAPI cartID |
	
	userAPI := UserAPI new.
	
	cartID := userAPI createCartOf: 'user' withPassword: 'password'.
	
	self assert: (userAPI cartOfID: cartID isEmpty).! !

!methodRemoval: UserAPITest #test02CreatedCartIsEmpty stamp: 'fz 11/7/2019 19:39:30'!
test02CreatedCartIsEmpty
	|userAPI cartID |
	
	userAPI := UserAPI new.
	
	cartID := userAPI createCartOf: 'user' withPassword: 'password'.
	
	self assert: (userAPI cartOfID: cartID isEmpty).!
!UserAPITest methodsFor: 'tests' stamp: 'fz 11/7/2019 19:39:49'!
test02CartIsCreatedForValidUserAndIsEmpty
	|userAPI cartID |
	
	userAPI := UserAPI new.
	
	cartID := userAPI createCartOf: 'user' withPassword: 'password'.
	
	self assert: (userAPI cartOfID: cartID isEmpty).! !

!methodRemoval: UserAPITest #test02CartIsCreatedForValidUser stamp: 'fz 11/7/2019 19:39:49'!
test02CartIsCreatedForValidUser
	|userAPI cartID |
	
	userAPI := UserAPI new.
	
	cartID := userAPI createCartOf: 'user' withPassword: 'password'.
	
	self assert: (userAPI cartOfID: cartID isEmpty).!

!testRun: #UserAPITest #test02CartIsCreatedForValidUserAndIsEmpty stamp: 'fz 11/7/2019 19:40:05'!
ERROR!

!testRun: #UserAPITest #test02CartIsCreatedForValidUserAndIsEmpty stamp: 'fz 11/7/2019 19:40:05'!
ERROR!
!UserAPI methodsFor: 'API' stamp: 'fz 11/7/2019 19:40:45' prior: 50785942!
createCartOf: aUser withPassword: aString2 
	^ self error: self class canNotCreateCartWithWongUser.! !
!UserAPI methodsFor: 'API' stamp: 'fz 11/7/2019 19:40:51' prior: 50786075!
createCartOf: aUser withPassword: aPassword 
	^ self error: self class canNotCreateCartWithWongUser.! !
!UserAPITest methodsFor: 'tests' stamp: 'fz 11/7/2019 19:41:42' prior: 50786050!
test02CartIsCreatedForValidUserAndIsEmpty
	|userAPI cartID |
	
	userAPI := UserAPI withUserManager: self.
	
	cartID := userAPI createCartOf: 'user' withPassword: 'password'.
	
	self assert: (userAPI cartOfID: cartID isEmpty).! !

!testRun: #UserAPITest #test02CartIsCreatedForValidUserAndIsEmpty stamp: 'fz 11/7/2019 19:41:45'!
ERROR!

!testRun: #UserAPITest #test02CartIsCreatedForValidUserAndIsEmpty stamp: 'fz 11/7/2019 19:41:45'!
ERROR!
!UserAPI class methodsFor: 'instance creation' stamp: 'fz 11/7/2019 19:41:51'!
withUserManager: anUserAPITest 
	"DO NOT FORGET TO RENAME COLLABORATORS AND REMOVE THIS COMMENT!!!!"
	self shouldBeImplemented.
	^self new initializeWithUserManager: anUserAPITest ! !
!UserAPI class methodsFor: 'instance creation' stamp: 'fz 11/7/2019 19:42:13' prior: 50786104!
withUserManager: aUM 
	^self new initializeWithUserManager: aUM ! !

!testRun: #UserAPITest #test02CartIsCreatedForValidUserAndIsEmpty stamp: 'fz 11/7/2019 19:42:15'!
ERROR!

!classDefinition: #UserAPI category: #TusLibros stamp: 'fz 11/7/2019 19:42:25'!
Object subclass: #UserAPI
	instanceVariableNames: 'uM'
	classVariableNames: ''
	poolDictionaries: ''
	category: 'TusLibros'!
!UserAPI methodsFor: 'initialization' stamp: 'fz 11/7/2019 19:42:25'!
initializeWithUserManager: aUM 
	self shouldBeImplemented.
	uM := aUM.! !
!UserAPI methodsFor: 'initialization' stamp: 'fz 11/7/2019 19:42:29' prior: 50786128!
initializeWithUserManager: aUM 
	uM := aUM.! !

!testRun: #UserAPITest #test02CartIsCreatedForValidUserAndIsEmpty stamp: 'fz 11/7/2019 19:42:36'!
ERROR!
!UserAPI methodsFor: 'API' stamp: 'fz 11/7/2019 19:43:54' prior: 50786081!
createCartOf: aUser withPassword: aPassword 
	(uM isValidUser: aUser withPassword: aPassword) ifFalse: [self error: self class canNotCreateCartWithWongUser].
	
	^1! !
!UserAPI class methodsFor: 'error messages' stamp: 'fz 11/7/2019 19:44:24'!
canNotCreateCartWithWrongUserErrorMessage
	^ 'no se pueden crear carritos con usuarios que no esten inscriptos en el sistema'! !
!UserAPI methodsFor: 'as yet unclassified' stamp: 'fz 11/7/2019 19:44:24' prior: 50786141!
createCartOf: aUser withPassword: aPassword 
	(uM isValidUser: aUser withPassword: aPassword) ifFalse: [self error: self class canNotCreateCartWithWrongUserErrorMessage].
	
	^1! !
!UserAPITest methodsFor: 'as yet unclassified' stamp: 'fz 11/7/2019 19:44:24' prior: 50785930!
test01CreateCartFailsWithUnknownUser
	|userAPI|
	
	userAPI := UserAPI new.
	
	self should: [userAPI createCartOf: 'user' withPassword: 'password'.]
	 raise: Error - MessageNotUnderstood 
	 withExceptionDo: [ :anError | 
			self assert: anError messageText = UserAPI canNotCreateCartWithWrongUserErrorMessage].! !

!methodRemoval: UserAPI class #canNotCreateCartWithWongUser stamp: 'fz 11/7/2019 19:44:24'!
canNotCreateCartWithWongUser
	^ 'no se pueden crear carritos con usuarios que no esten inscriptos en el sistema'!

!testRun: #UserAPITest #test02CartIsCreatedForValidUserAndIsEmpty stamp: 'fz 11/7/2019 19:44:27'!
ERROR!
!UserAPITest methodsFor: 'user manager' stamp: 'fz 11/7/2019 19:44:40'!
isValidUser: aString withPassword: aString2 
	self shouldBeImplemented.! !
!UserAPITest methodsFor: 'user manager' stamp: 'fz 11/7/2019 19:44:45' prior: 50786187!
isValidUser: aUser withPassword: aString2 
	self shouldBeImplemented.! !
!UserAPITest methodsFor: 'user manager' stamp: 'fz 11/7/2019 19:44:58' prior: 50786193!
isValidUser: aUser withPassword: aPassword 
	self shouldBeImplemented.! !
!UserAPITest methodsFor: 'user manager' stamp: 'fz 11/7/2019 19:45:06' prior: 50786199!
isValidUser: aUser withPassword: aPassword 
	^true.! !

!testRun: #UserAPITest #test02CartIsCreatedForValidUserAndIsEmpty stamp: 'fz 11/7/2019 19:45:07'!
ERROR!
!UserAPITest methodsFor: 'tests' stamp: 'fz 11/7/2019 19:45:24' prior: 50786087!
test02CartIsCreatedForValidUserAndIsEmpty
	|userAPI cartID |
	
	userAPI := UserAPI withUserManager: self.
	
	cartID := userAPI createCartOf: 'user' withPassword: 'password'.
	
	self assert: ((userAPI cartOfID: cartID) isEmpty).! !

!testRun: #UserAPITest #test02CartIsCreatedForValidUserAndIsEmpty stamp: 'fz 11/7/2019 19:45:25'!
ERROR!
!UserAPI methodsFor: 'as yet unclassified' stamp: 'fz 11/7/2019 19:45:32'!
cartOfID: aSmallInteger 
	self shouldBeImplemented.! !
!UserAPI methodsFor: 'as yet unclassified' stamp: 'fz 11/7/2019 19:46:08' prior: 50786226!
cartOfID: aCartID
	^Cart new.! !

!testRun: #UserAPITest #test02CartIsCreatedForValidUserAndIsEmpty stamp: 'fz 11/7/2019 19:46:09'!
ERROR!
!UserAPITest methodsFor: 'tests' stamp: 'fz 11/7/2019 19:48:46' prior: 50786213!
test02CartIsCreatedForValidUserAndIsEmpty
	|userAPI cartID |
	
	userAPI := UserAPI withUserManager: self.
	
	cartID := userAPI createCartOf: 'user' withPassword: 'password'.
	
	self assert: (userAPI isValidCartID: cartID).! !

!testRun: #UserAPITest #test02CartIsCreatedForValidUserAndIsEmpty stamp: 'fz 11/7/2019 19:48:48'!
ERROR!
!UserAPI methodsFor: 'as yet unclassified' stamp: 'fz 11/7/2019 19:48:55'!
isValidCartID: aSmallInteger 
	self shouldBeImplemented.! !
!UserAPI methodsFor: 'as yet unclassified' stamp: 'fz 11/7/2019 19:49:06' prior: 50786251!
isValidCartID: aCartID 
	^true! !

!testRun: #UserAPITest #test02CartIsCreatedForValidUserAndIsEmpty stamp: 'fz 11/7/2019 19:49:07'!
PASSED!

!testRun: #UserAPITest #test01CreateCartFailsWithUnknownUser stamp: 'fz 11/7/2019 19:49:07'!
ERROR!

!testRun: #UserAPITest #test02CartIsCreatedForValidUserAndIsEmpty stamp: 'fz 11/7/2019 19:49:07'!
PASSED!

!testRun: #UserAPITest #test01CreateCartFailsWithUnknownUser stamp: 'fz 11/7/2019 19:49:07'!
ERROR!

!testRun: #UserAPITest #test02CartIsCreatedForValidUserAndIsEmpty stamp: 'fz 11/7/2019 19:49:17'!
PASSED!

!testRun: #UserAPITest #test01CreateCartFailsWithUnknownUser stamp: 'fz 11/7/2019 19:49:17'!
ERROR!

!testRun: #UserAPITest #test02CartIsCreatedForValidUserAndIsEmpty stamp: 'fz 11/7/2019 19:49:17'!
PASSED!

!testRun: #UserAPITest #test01CreateCartFailsWithUnknownUser stamp: 'fz 11/7/2019 19:49:17'!
ERROR!

!testRun: #UserAPITest #test02CartIsCreatedForValidUserAndIsEmpty stamp: 'fz 11/7/2019 19:49:21'!
PASSED!
!UserAPITest methodsFor: 'tests' stamp: 'fz 11/7/2019 19:49:31' prior: 50786165!
test01CreateCartFailsWithUnknownUser
	|userAPI|
	
	userAPI := UserAPI withUserManager: self.
	
	self should: [userAPI createCartOf: 'user' withPassword: 'password'.]
	 raise: Error - MessageNotUnderstood 
	 withExceptionDo: [ :anError | 
			self assert: anError messageText = UserAPI canNotCreateCartWithWrongUserErrorMessage].! !

!testRun: #UserAPITest #test02CartIsCreatedForValidUserAndIsEmpty stamp: 'fz 11/7/2019 19:49:34'!
PASSED!

!testRun: #UserAPITest #test01CreateCartFailsWithUnknownUser stamp: 'fz 11/7/2019 19:49:38'!
FAILURE!

!testRun: #UserAPITest #test01CreateCartFailsWithUnknownUser stamp: 'fz 11/7/2019 19:49:38'!
FAILURE!

!classDefinition: #UserAPITest category: #TusLibros stamp: 'fz 11/7/2019 19:51:05'!
TestCase subclass: #UserAPITest
	instanceVariableNames: 'testObjectsFactory debitBehavior usersLog'
	classVariableNames: ''
	poolDictionaries: ''
	category: 'TusLibros'!
!UserAPITest methodsFor: 'tests' stamp: 'fz 11/7/2019 19:51:04'!
setUp
	usersLog := Dictionary new.
	! !
!UserAPITest methodsFor: 'tests' stamp: 'fz 11/7/2019 19:51:24' prior: 50786320!
setUp
	usersLog := Dictionary new.
	usersLog at: 'validUser' put: 'validUserPasswd'! !
!UserAPITest methodsFor: 'tests' stamp: 'fz 11/7/2019 19:51:34' prior: 50786324!
setUp
	usersLog := Dictionary new.
	usersLog at: 'validUser' put: 'validUserPassword'.! !

!classDefinition: #UserAPITest category: #TusLibros stamp: 'fz 11/7/2019 19:52:17'!
TestCase subclass: #UserAPITest
	instanceVariableNames: 'testObjectsFactory debitBehavior usersLog validUser'
	classVariableNames: ''
	poolDictionaries: ''
	category: 'TusLibros'!

!classDefinition: #UserAPITest category: #TusLibros stamp: 'fz 11/7/2019 19:52:18'!
TestCase subclass: #UserAPITest
	instanceVariableNames: 'testObjectsFactory debitBehavior usersLog validUser validUserPassword'
	classVariableNames: ''
	poolDictionaries: ''
	category: 'TusLibros'!

!classDefinition: #UserAPITest category: #TusLibros stamp: 'fz 11/7/2019 19:52:57'!
TestCase subclass: #UserAPITest
	instanceVariableNames: 'testObjectsFactory debitBehavior usersLog validUser validUserPassword validUserButWrongPassword'
	classVariableNames: ''
	poolDictionaries: ''
	category: 'TusLibros'!
!UserAPITest methodsFor: 'tests' stamp: 'fz 11/7/2019 19:52:55' prior: 50786330!
setUp
	validUser := 'validUser'.
	validUserPassword := 'validUserPassword'.
	
	validUserButWrongPassword := 'wrongPassword'.	
	
	validUser := 'validUser'.
	validUserPassword := 'validUserPassword'.
	
	
	usersLog := Dictionary new.
	usersLog at: validUser put: validUserPassword .! !

!classDefinition: #UserAPITest category: #TusLibros stamp: 'fz 11/7/2019 19:53:10'!
TestCase subclass: #UserAPITest
	instanceVariableNames: 'testObjectsFactory debitBehavior usersLog validUser validUserPassword validUserButWrongPassword invalidUser'
	classVariableNames: ''
	poolDictionaries: ''
	category: 'TusLibros'!

!classDefinition: #UserAPITest category: #TusLibros stamp: 'fz 11/7/2019 19:53:11'!
TestCase subclass: #UserAPITest
	instanceVariableNames: 'testObjectsFactory debitBehavior usersLog validUser validUserPassword validUserButWrongPassword invalidUser invalidUserPassword'
	classVariableNames: ''
	poolDictionaries: ''
	category: 'TusLibros'!
!UserAPITest methodsFor: 'tests' stamp: 'fz 11/7/2019 19:53:10' prior: 50786363!
setUp
	validUser := 'validUser'.
	validUserPassword := 'validUserPassword'.
	
	validUserButWrongPassword := 'wrongPassword'.	
	
	invalidUser := 'invalidUser'.
	invalidUserPassword := 'invalidUserPassword'.
	
	
	usersLog := Dictionary new.
	usersLog at: validUser put: validUserPassword .! !
!UserAPITest methodsFor: 'tests' stamp: 'fz 11/7/2019 19:53:14' prior: 50786396!
setUp
	validUser := 'validUser'.
	validUserPassword := 'validUserPassword'.
	
	validUserButWrongPassword := 'wrongPassword'.	
	
	invalidUser := 'invalidUser'.
	invalidUserPassword := 'invalidUserPassword'.
	
	usersLog := Dictionary new.
	usersLog at: validUser put: validUserPassword .! !
!UserAPITest methodsFor: 'tests' stamp: 'fz 11/7/2019 19:53:29' prior: 50786289!
test01CreateCartFailsWithUnknownUser
	|userAPI|
	
	userAPI := UserAPI withUserManager: self.
	
	self should: [userAPI createCartOf: validUser withPassword: validUserPassword .]
	 raise: Error - MessageNotUnderstood 
	 withExceptionDo: [ :anError | 
			self assert: anError messageText = UserAPI canNotCreateCartWithWrongUserErrorMessage].! !
!UserAPITest methodsFor: 'tests' stamp: 'fz 11/7/2019 19:53:30' prior: 50786420!
test01CreateCartFailsWithUnknownUser
	|userAPI|
	
	userAPI := UserAPI withUserManager: self.
	
	self should: [userAPI createCartOf: validUser withPassword: validUserPassword.]
	 raise: Error - MessageNotUnderstood 
	 withExceptionDo: [ :anError | 
			self assert: anError messageText = UserAPI canNotCreateCartWithWrongUserErrorMessage].! !
!UserAPITest methodsFor: 'tests' stamp: 'fz 11/7/2019 19:53:37' prior: 50786434!
test01CreateCartFailsWithUnknownUser
	|userAPI|
	
	userAPI := UserAPI withUserManager: self.
	
	self should: [userAPI createCartOf: invalidUser withPassword: invalidUserPassword.]
	 raise: Error - MessageNotUnderstood 
	 withExceptionDo: [ :anError | 
			self assert: anError messageText = UserAPI canNotCreateCartWithWrongUserErrorMessage].! !
!UserAPITest methodsFor: 'tests' stamp: 'fz 11/7/2019 19:53:52' prior: 50786238!
test02CartIsCreatedForValidUserAndIsEmpty
	|userAPI cartID |
	
	userAPI := UserAPI withUserManager: self.
	
	cartID := userAPI createCartOf: validUser withPassword: validUserPassword.
	
	self assert: (userAPI isValidCartID: cartID).! !
!UserAPITest methodsFor: 'user manager' stamp: 'fz 11/7/2019 19:54:55' prior: 50786205!
isValidUser: aUser withPassword: aPassword 
	^(usersLog at: aUser ifAbsent: [^false]) = aPassword.! !

!testRun: #UserAPITest #test01CreateCartFailsWithUnknownUser stamp: 'fz 11/7/2019 19:55:02'!
PASSED!

!testRun: #UserAPITest #test02CartIsCreatedForValidUserAndIsEmpty stamp: 'fz 11/7/2019 19:55:02'!
PASSED!
!UserAPITest methodsFor: 'tests' stamp: 'fz 11/7/2019 19:56:23'!
test03CreateCartFailsWithWrongPassword
	|userAPI|
	
	userAPI := UserAPI withUserManager: self.
	
	self should: [userAPI createCartOf: validUser withPassword: validUserButWrongPassword.]
	 raise: Error - MessageNotUnderstood 
	 withExceptionDo: [ :anError | 
			self assert: anError messageText = UserAPI canNotCreateCartWithWrongUserErrorMessage].! !
!UserAPI class methodsFor: 'error messages' stamp: 'fz 11/7/2019 19:57:02'!
canNotCreateCartWithInvalidCredentialsErrorMessage
	^ 'no se pueden crear carritos con usuarios que no esten inscriptos en el sistema'! !
!UserAPI methodsFor: 'as yet unclassified' stamp: 'fz 11/7/2019 19:57:02' prior: 50786156!
createCartOf: aUser withPassword: aPassword 
	(uM isValidUser: aUser withPassword: aPassword) ifFalse: [self error: self class canNotCreateCartWithInvalidCredentialsErrorMessage].
	
	^1! !
!UserAPITest methodsFor: 'as yet unclassified' stamp: 'fz 11/7/2019 19:57:02' prior: 50786485!
test03CreateCartFailsWithWrongPassword
	|userAPI|
	
	userAPI := UserAPI withUserManager: self.
	
	self should: [userAPI createCartOf: validUser withPassword: validUserButWrongPassword.]
	 raise: Error - MessageNotUnderstood 
	 withExceptionDo: [ :anError | 
			self assert: anError messageText = UserAPI canNotCreateCartWithInvalidCredentialsErrorMessage].! !
!UserAPITest methodsFor: 'as yet unclassified' stamp: 'fz 11/7/2019 19:57:02' prior: 50786448!
test01CreateCartFailsWithUnknownUser
	|userAPI|
	
	userAPI := UserAPI withUserManager: self.
	
	self should: [userAPI createCartOf: invalidUser withPassword: invalidUserPassword.]
	 raise: Error - MessageNotUnderstood 
	 withExceptionDo: [ :anError | 
			self assert: anError messageText = UserAPI canNotCreateCartWithInvalidCredentialsErrorMessage].! !

!methodRemoval: UserAPI class #canNotCreateCartWithWrongUserErrorMessage stamp: 'fz 11/7/2019 19:57:02'!
canNotCreateCartWithWrongUserErrorMessage
	^ 'no se pueden crear carritos con usuarios que no esten inscriptos en el sistema'!
!UserAPI class methodsFor: 'error messages' stamp: 'fz 11/7/2019 19:57:45' prior: 50786499!
canNotCreateCartWithInvalidCredentialsErrorMessage
	^ 'usuario o contrasea invalida'! !
!UserAPITest methodsFor: 'tests' stamp: 'fz 11/7/2019 19:58:56'!
test04CreatedCartLIstCartIsEmpty
	|userAPI|
	
	userAPI := UserAPI withUserManager: self.
	
	self should: [userAPI createCartOf: validUser withPassword: validUserButWrongPassword.]
	 raise: Error - MessageNotUnderstood 
	 withExceptionDo: [ :anError | 
			self assert: anError messageText = UserAPI canNotCreateCartWithInvalidCredentialsErrorMessage].! !
!UserAPITest methodsFor: 'tests' stamp: 'fz 11/7/2019 20:00:49' prior: 50786558!
test04CreatedCartLIstCartIsEmpty
	|userAPI cartID |
	
	userAPI := UserAPI withUserManager: self.
	cartID := userAPI createCartOf: validUser withPassword: validUserPassword .
	
	self assert: (userAPI cartOfID: cartID) equals: '0'.! !
!UserAPITest methodsFor: 'tests' stamp: 'fz 11/7/2019 20:02:10' prior: 50786572!
test04CreatedCartLIstCartIsEmpty
	|userAPI cartID |
	
	userAPI := UserAPI withUserManager: self.
	cartID := userAPI createCartOf: validUser withPassword: validUserPassword .
	
	self assert: (userAPI cartOfID: cartID) listCart equals: '0'.! !
!UserAPITest methodsFor: 'tests' stamp: 'fz 11/7/2019 20:02:29' prior: 50786582!
test04CreatedCartLIstCartIsEmpty
	|userAPI cartID |
	
	userAPI := UserAPI withUserManager: self.
	cartID := userAPI createCartOf: validUser withPassword: validUserPassword .
	
	self assert: (userAPI cartOfID: cartID) listCart isEmpty.! !

!testRun: #UserAPITest #test04CreatedCartLIstCartIsEmpty stamp: 'fz 11/7/2019 20:02:42'!
ERROR!

!testRun: #UserAPITest #test04CreatedCartLIstCartIsEmpty stamp: 'fz 11/7/2019 20:02:42'!
ERROR!
!Cart methodsFor: 'as yet unclassified' stamp: 'fz 11/7/2019 20:03:04'!
listCart
	self shouldBeImplemented.! !
!UserAPITest methodsFor: 'tests' stamp: 'fz 11/7/2019 20:03:43' prior: 50786593!
test04CreatedCartLIstCartIsEmpty
	|userAPI cartID |
	
	userAPI := UserAPI withUserManager: self.
	cartID := userAPI createCartOf: validUser withPassword: validUserPassword .
	
	self assert: (userAPI cartOfID: cartID) listCart isEmpty.! !

!methodRemoval: UserAPITest #test04CreatedCartLIstCartIsEmpty stamp: 'fz 11/7/2019 20:04:14'!
test04CreatedCartLIstCartIsEmpty
	|userAPI cartID |
	
	userAPI := UserAPI withUserManager: self.
	cartID := userAPI createCartOf: validUser withPassword: validUserPassword .
	
	self assert: (userAPI cartOfID: cartID) listCart isEmpty.!
!UserAPITest methodsFor: 'tests' stamp: 'fz 11/7/2019 20:07:27'!
test04CreatedCartCanAddItems
	|userAPI cartID |
	
	userAPI := UserAPI withUserManager: self.
	
	cartID := userAPI createCartOf: validUser withPassword: validUserPassword.
	
	self assert: (userAPI isValidCartID: cartID).! !

!classDefinition: #UserAPITest category: #TusLibros stamp: 'fz 11/7/2019 20:09:15'!
TestCase subclass: #UserAPITest
	instanceVariableNames: 'testObjectsFactory debitBehavior usersLog validUser validUserPassword validUserButWrongPassword invalidUser invalidUserPassword validBookISBN'
	classVariableNames: ''
	poolDictionaries: ''
	category: 'TusLibros'!
!UserAPITest methodsFor: 'tests' stamp: 'fz 11/7/2019 20:09:12' prior: 50786633!
test04CreatedCartCanAddItems
	|userAPI cartID |
	
	userAPI := UserAPI withUserManager: self.
	
	cartID := userAPI createCartOf: validUser withPassword: validUserPassword.
	
	userAPI addToCart: cartID book: validBookISBN quantity: 1.
	
	self assert: (userAPI isValidCartID: cartID).! !
!UserAPITest methodsFor: 'tests' stamp: 'fz 11/7/2019 20:09:29' prior: 50786408!
setUp
	validUser := 'validUser'.
	validUserPassword := 'validUserPassword'.
	
	validUserButWrongPassword := 'wrongPassword'.	
	
	invalidUser := 'invalidUser'.
	invalidUserPassword := 'invalidUserPassword'.
	
	usersLog := Dictionary new.
	usersLog at: validUser put: validUserPassword .
	
	validBookISBN := 0! !
!UserAPITest methodsFor: 'tests' stamp: 'fz 11/7/2019 20:09:30' prior: 50786666!
setUp
	validUser := 'validUser'.
	validUserPassword := 'validUserPassword'.
	
	validUserButWrongPassword := 'wrongPassword'.	
	
	invalidUser := 'invalidUser'.
	invalidUserPassword := 'invalidUserPassword'.
	
	usersLog := Dictionary new.
	usersLog at: validUser put: validUserPassword .
	
	validBookISBN := 0.! !
!UserAPITest methodsFor: 'tests' stamp: 'fz 11/7/2019 20:10:13' prior: 50786679!
setUp
	validUser := 'validUser'.
	validUserPassword := 'validUserPassword'.
	
	validUserButWrongPassword := 'wrongPassword'.	
	
	invalidUser := 'invalidUser'.
	invalidUserPassword := 'invalidUserPassword'.
	
	usersLog := Dictionary new.
	usersLog at: validUser put: validUserPassword .
	
	testObjectsFactory := StoreTestObjectsFactory new.! !

TestCase subclass: #UserAPITest
	instanceVariableNames: 'testObjectsFactory debitBehavior usersLog validUser validUserPassword validUserButWrongPassword invalidUser invalidUserPassword'
	classVariableNames: ''
	poolDictionaries: ''
	category: 'TusLibros'!

!classDefinition: #UserAPITest category: #TusLibros stamp: 'fz 11/7/2019 20:10:22'!
TestCase subclass: #UserAPITest
	instanceVariableNames: 'testObjectsFactory debitBehavior usersLog validUser validUserPassword validUserButWrongPassword invalidUser invalidUserPassword'
	classVariableNames: ''
	poolDictionaries: ''
	category: 'TusLibros'!
!UserAPITest methodsFor: 'tests' stamp: 'fz 11/7/2019 20:10:55' prior: 50786654!
test04CreatedCartCanAddItems
	|userAPI cartID |
	
	userAPI := UserAPI withUserManager: self.
	
	cartID := userAPI createCartOf: validUser withPassword: validUserPassword.
	
	userAPI addToCart: cartID book: testObjectsFactory itemSellByTheStore quantity: 1.
	
	self assert: (userAPI isValidCartID: cartID).! !

!testRun: #UserAPITest #test04CreatedCartCanAddItems stamp: 'fz 11/7/2019 20:10:58'!
ERROR!
!UserAPITest methodsFor: 'tests' stamp: 'fz 11/7/2019 20:11:26' prior: 50786724!
test04CreatedCartCanAddItems
	|userAPI cartID |
	
	userAPI := UserAPI withUserManager: self.
	
	cartID := userAPI createCartOf: validUser withPassword: validUserPassword.
	
	userAPI addToCart: cartID book: testObjectsFactory itemSellByTheStore quantity: 1.
	
	self assert: (userAPI cartOfID: cartID) .! !
!UserAPITest methodsFor: 'tests' stamp: 'fz 11/7/2019 20:12:37' prior: 50786740!
test04CreatedCartCanAddItems
	|userAPI cartID |
	
	userAPI := UserAPI withUserManager: self.
	
	cartID := userAPI createCartOf: validUser withPassword: validUserPassword.
	
	userAPI addToCart: cartID book: testObjectsFactory itemSellByTheStore quantity: 1.
	
	self assert: ((userAPI cartOfID: cartID) occurrencesOf: testObjectsFactory itemSellByTheStore) equals: 1.! !
!StoreTestObjectsFactory methodsFor: 'items' stamp: 'fz 11/7/2019 20:12:52'!
itemSoldByTheStore
	
	^ 'validBook'! !
!CartTest methodsFor: 'as yet unclassified' stamp: 'fz 11/7/2019 20:12:52' prior: 50785403!
test04CanNotAddNonPositiveNumberOfItems

	| cart |
	
	cart := testObjectsFactory createCart.
	
	self 
		should: [cart add: 0 of: testObjectsFactory itemSoldByTheStore ]
		raise: Error - MessageNotUnderstood
		withExceptionDo: [ :anError |
			self assert: anError messageText = cart invalidQuantityErrorMessage.
			self assert: cart isEmpty ]! !
!CartTest methodsFor: 'as yet unclassified' stamp: 'fz 11/7/2019 20:12:52' prior: 50785430!
test08CartRemembersTheNumberOfAddedItems

	| cart |
	
	cart := testObjectsFactory createCart.
	
	cart add: 2 of: testObjectsFactory itemSoldByTheStore.
	self assert: (cart occurrencesOf: testObjectsFactory itemSoldByTheStore) = 2! !
!CartTest methodsFor: 'as yet unclassified' stamp: 'fz 11/7/2019 20:12:52' prior: 50785453!
test07CartDoesNotHoldNotAddedItems

	| cart |
	
	cart := testObjectsFactory createCart.
	
	self deny: (cart includes: testObjectsFactory itemSoldByTheStore)! !
!CartTest methodsFor: 'as yet unclassified' stamp: 'fz 11/7/2019 20:12:52' prior: 50785475!
test06CartRemembersAddedItems

	| cart |
	
	cart := testObjectsFactory createCart.
	
	cart add: testObjectsFactory itemSoldByTheStore.
	self assert: (cart includes: testObjectsFactory itemSoldByTheStore)! !
!CartTest methodsFor: 'as yet unclassified' stamp: 'fz 11/7/2019 20:12:52' prior: 50785445!
test03AfterAddingAnItemTheCartIsNotEmptyAnymore

	| cart |
	
	cart := testObjectsFactory createCart.
	
	cart add: testObjectsFactory itemSoldByTheStore.
	self deny: cart isEmpty ! !
!CashierTest methodsFor: 'as yet unclassified' stamp: 'fz 11/7/2019 20:12:52' prior: 50785663!
test05CashierChargesCreditCardUsingMerchantProcessor

	| cart cashier salesBook total creditCard debitedAmout debitedCreditCard  |

	cart := testObjectsFactory createCart.
	cart add: testObjectsFactory itemSoldByTheStore.
	creditCard := testObjectsFactory notExpiredCreditCard.
	salesBook := OrderedCollection new.
 
	cashier:= Cashier 
		toCheckout: cart 
		charging: creditCard
		throught: self
		on: testObjectsFactory today
		registeringOn: salesBook.
		
	debitBehavior := [ :anAmount :aCreditCard | 
		debitedAmout := anAmount.
		debitedCreditCard := aCreditCard ].
	total := cashier checkOut.
					
	self assert: debitedCreditCard = creditCard.
	self assert: debitedAmout = total.! !
!CashierTest methodsFor: 'as yet unclassified' stamp: 'fz 11/7/2019 20:12:52' prior: 50785705!
test02CalculatedTotalIsCorrect

	| cart cashier |
	
	cart := testObjectsFactory createCart.
	cart add: 2 of: testObjectsFactory itemSoldByTheStore.
	
	cashier :=  Cashier
		toCheckout: cart 
		charging: testObjectsFactory notExpiredCreditCard 
		throught: self
		on: testObjectsFactory today 
		registeringOn: OrderedCollection new.
		
	self assert: cashier checkOut = (testObjectsFactory itemSellByTheStorePrice * 2)! !
!CashierTest methodsFor: 'as yet unclassified' stamp: 'fz 11/7/2019 20:12:52' prior: 50785598!
test03CanNotCheckoutWithAnExpiredCreditCart

	| cart salesBook |

	cart := testObjectsFactory createCart.
	cart add: testObjectsFactory itemSoldByTheStore.
	salesBook := OrderedCollection new.
	
	self
		should: [ Cashier 
				toCheckout: cart 
				charging: testObjectsFactory expiredCreditCard 
				throught: self
				on: testObjectsFactory today
				registeringOn: salesBook ]
		raise: Error - MessageNotUnderstood
		withExceptionDo: [ :anError | 
			self assert: anError messageText = Cashier canNotChargeAnExpiredCreditCardErrorMessage.
			self assert: salesBook isEmpty ]! !
!CashierTest methodsFor: 'as yet unclassified' stamp: 'fz 11/7/2019 20:12:52' prior: 50785619!
test04CheckoutRegistersASale

	| cart cashier salesBook total |

	cart := testObjectsFactory createCart.
	cart add: testObjectsFactory itemSoldByTheStore.
	salesBook := OrderedCollection new.
 
	cashier:= Cashier 
		toCheckout: cart 
		charging: testObjectsFactory notExpiredCreditCard
		throught: self
		on: testObjectsFactory today
		registeringOn: salesBook.
		
	total := cashier checkOut.
					
	self assert: salesBook size = 1.
	self assert: salesBook first total = total.! !
!CashierTest methodsFor: 'as yet unclassified' stamp: 'fz 11/7/2019 20:12:52' prior: 50785637!
test06CashierDoesNotSaleWhenTheCreditCardHasNoCredit

	| cart cashier salesBook creditCard |

	cart := testObjectsFactory createCart.
	cart add: testObjectsFactory itemSoldByTheStore.
	creditCard := testObjectsFactory notExpiredCreditCard.
	salesBook := OrderedCollection new.
 	debitBehavior := [ :anAmount :aCreditCard | self error: Cashier creditCardHasNoCreditErrorMessage].
	
	cashier:= Cashier 
		toCheckout: cart 
		charging: creditCard
		throught: self
		on: testObjectsFactory today
		registeringOn: salesBook.
		
	self 
		should: [cashier checkOut ]
		raise: Error - MessageNotUnderstood
		withExceptionDo: [ :anError |
			self assert: anError messageText = Cashier creditCardHasNoCreditErrorMessage.
			self assert: salesBook isEmpty ]! !
!StoreTestObjectsFactory methodsFor: 'as yet unclassified' stamp: 'fz 11/7/2019 20:12:52' prior: 50785831!
defaultCatalog
	
	^ Dictionary new
		at: self itemSoldByTheStore put: self itemSellByTheStorePrice;
		yourself ! !
!UserAPITest methodsFor: 'as yet unclassified' stamp: 'fz 11/7/2019 20:12:52' prior: 50786753!
test04CreatedCartCanAddItems
	|userAPI cartID |
	
	userAPI := UserAPI withUserManager: self.
	
	cartID := userAPI createCartOf: validUser withPassword: validUserPassword.
	
	userAPI addToCart: cartID book: testObjectsFactory itemSoldByTheStore quantity: 1.
	
	self assert: ((userAPI cartOfID: cartID) occurrencesOf: testObjectsFactory itemSoldByTheStore) equals: 1.! !

!methodRemoval: StoreTestObjectsFactory #itemSellByTheStore stamp: 'fz 11/7/2019 20:12:52'!
itemSellByTheStore
	
	^ 'validBook'!

!testRun: #UserAPITest #test04CreatedCartCanAddItems stamp: 'fz 11/7/2019 20:12:54'!
ERROR!
!UserAPI methodsFor: 'as yet unclassified' stamp: 'fz 11/7/2019 20:13:18'!
addToCart: aSmallInteger book: aString quantity: aSmallInteger3 
	self shouldBeImplemented.! !
!UserAPI methodsFor: 'as yet unclassified' stamp: 'fz 11/7/2019 20:13:27' prior: 50786961!
addToCart: aSmallInteger book: aString quantity: aSmallInteger3 
	^true.! !
!UserAPI methodsFor: 'as yet unclassified' stamp: 'fz 11/7/2019 20:13:47' prior: 50786967!
addToCart: aCartID book: aBookISBN quantity: aQuantity 
	^true.! !
!UserAPI methodsFor: 'as yet unclassified' stamp: 'fz 11/7/2019 20:14:01' prior: 50786973!
addToCart: aCartID book: aBookISBN quantity: aQuantity 
	^ self shouldBeImplemented .! !

!testRun: #UserAPITest #test04CreatedCartCanAddItems stamp: 'fz 11/7/2019 20:14:02'!
ERROR!

Object subclass: #UserAPI
	instanceVariableNames: 'uM cartsRegister'
	classVariableNames: ''
	poolDictionaries: ''
	category: 'TusLibros'!

!classDefinition: #UserAPI category: #TusLibros stamp: 'fz 11/7/2019 20:15:24'!
Object subclass: #UserAPI
	instanceVariableNames: 'uM cartsRegister'
	classVariableNames: ''
	poolDictionaries: ''
	category: 'TusLibros'!

!classDefinition: #UserAPI category: #TusLibros stamp: 'fz 11/7/2019 20:16:31'!
Object subclass: #UserAPI
	instanceVariableNames: 'uM cartsRegister theCatalog'
	classVariableNames: ''
	poolDictionaries: ''
	category: 'TusLibros'!
!UserAPI methodsFor: 'for testing only' stamp: 'fz 11/7/2019 20:16:29' prior: 50786231!
cartOfID: aCartID
	^Cart acceptingItemsOf: theCatalog.! !

!classDefinition: #UserAPI category: #TusLibros stamp: 'fz 11/7/2019 20:16:38'!
Object subclass: #UserAPI
	instanceVariableNames: 'uM cartsRegister catalog'
	classVariableNames: ''
	poolDictionaries: ''
	category: 'TusLibros'!
!UserAPI methodsFor: 'as yet unclassified' stamp: 'fz 11/7/2019 20:16:38' prior: 50787005!
cartOfID: aCartID
	^Cart acceptingItemsOf: catalog.! !
!UserAPI methodsFor: 'initialization' stamp: 'fz 11/7/2019 20:19:05'!
initializeWithUserManager: aUM Catalog: aCatalog  
	uM := aUM.! !
!UserAPI class methodsFor: 'as yet unclassified' stamp: 'fz 11/7/2019 20:19:05' prior: 50786113!
withUserManager: aUM 
	^self new initializeWithUserManager: aUM Catalog: Dictionary new. ! !

!methodRemoval: UserAPI #initializeWithUserManager: stamp: 'fz 11/7/2019 20:19:05'!
initializeWithUserManager: aUM 
	uM := aUM.!
!UserAPI methodsFor: 'initialization' stamp: 'fz 11/7/2019 20:19:47' prior: 50787021!
initializeWithUserManager: aUM Catalog: aCatalog  
	uM := aUM.
	catalog = aCatalog.! !

!testRun: #UserAPITest #test01CreateCartFailsWithUnknownUser stamp: 'fz 11/7/2019 20:19:52'!
PASSED!

!testRun: #UserAPITest #test02CartIsCreatedForValidUserAndIsEmpty stamp: 'fz 11/7/2019 20:19:53'!
PASSED!

!testRun: #UserAPITest #test03CreateCartFailsWithWrongPassword stamp: 'fz 11/7/2019 20:19:53'!
PASSED!

!testRun: #UserAPITest #test04CreatedCartCanAddItems stamp: 'fz 11/7/2019 20:19:53'!
ERROR!

!testRun: #UserAPITest #test04CreatedCartCanAddItems stamp: 'fz 11/7/2019 20:19:53'!
ERROR!

!testRun: #UserAPITest #test04CreatedCartCanAddItems stamp: 'fz 11/7/2019 20:20:20'!
ERROR!

!testRun: #UserAPITest #test04CreatedCartCanAddItems stamp: 'fz 11/7/2019 20:20:20'!
ERROR!
!UserAPI methodsFor: 'as yet unclassified' stamp: 'fz 11/7/2019 20:21:02' prior: 50786978!
addToCart: aCartID book: aBookISBN quantity: aQuantity 
	^ self cartOfID: aCartID.! !
!UserAPI methodsFor: 'as yet unclassified' stamp: 'fz 11/7/2019 20:21:05' prior: 50787064!
addToCart: aCartID book: aBookISBN quantity: aQuantity 
	^ self cartOfID: aCartID add.! !
!UserAPI methodsFor: 'as yet unclassified' stamp: 'fz 11/7/2019 20:21:10' prior: 50787070!
addToCart: aCartID book: aBookISBN quantity: aQuantity 
	^ self cartOfID: aCartID.! !
!UserAPI methodsFor: 'as yet unclassified' stamp: 'fz 11/7/2019 20:21:59' prior: 50787076!
addToCart: aCartID book: aBookISBN quantity: aQuantity 
	^ (self cartOfID: aCartID) add: aQuantity of: aBookISBN .! !
!UserAPI methodsFor: 'as yet unclassified' stamp: 'fz 11/7/2019 20:22:35' prior: 50787082!
addToCart: aCartID book: aBookISBN quantity: aQuantity 
	^ (self cartOfID: aCartID) add: aQuantity of: aBookISBN.! !

!testRun: #UserAPITest #test04CreatedCartCanAddItems stamp: 'fz 11/7/2019 20:22:56'!
ERROR!

!testRun: #UserAPITest #test04CreatedCartCanAddItems stamp: 'fz 11/7/2019 20:22:56'!
ERROR!

!testRun: #UserAPITest #test04CreatedCartCanAddItems stamp: 'fz 11/7/2019 20:23:53'!
ERROR!

!testRun: #UserAPITest #test04CreatedCartCanAddItems stamp: 'fz 11/7/2019 20:23:53'!
ERROR!
!UserAPI class methodsFor: 'instance creation' stamp: 'fz 11/7/2019 20:25:30'!
withUserManager: aUM Catalog: aCatalog  
	^self new initializeWithUserManager: aUM Catalog: Dictionary new. ! !
!UserAPITest methodsFor: 'as yet unclassified' stamp: 'fz 11/7/2019 20:25:30' prior: 50786462!
test02CartIsCreatedForValidUserAndIsEmpty
	|userAPI cartID |
	
	userAPI := UserAPI withUserManager: self Catalog: Dictionary new.
	
	cartID := userAPI createCartOf: validUser withPassword: validUserPassword.
	
	self assert: (userAPI isValidCartID: cartID).! !
!UserAPITest methodsFor: 'as yet unclassified' stamp: 'fz 11/7/2019 20:25:30' prior: 50786531!
test01CreateCartFailsWithUnknownUser
	|userAPI|
	
	userAPI := UserAPI withUserManager: self Catalog: Dictionary new.
	
	self should: [userAPI createCartOf: invalidUser withPassword: invalidUserPassword.]
	 raise: Error - MessageNotUnderstood 
	 withExceptionDo: [ :anError | 
			self assert: anError messageText = UserAPI canNotCreateCartWithInvalidCredentialsErrorMessage].! !
!UserAPITest methodsFor: 'as yet unclassified' stamp: 'fz 11/7/2019 20:25:30' prior: 50786516!
test03CreateCartFailsWithWrongPassword
	|userAPI|
	
	userAPI := UserAPI withUserManager: self Catalog: Dictionary new.
	
	self should: [userAPI createCartOf: validUser withPassword: validUserButWrongPassword.]
	 raise: Error - MessageNotUnderstood 
	 withExceptionDo: [ :anError | 
			self assert: anError messageText = UserAPI canNotCreateCartWithInvalidCredentialsErrorMessage].! !
!UserAPITest methodsFor: 'as yet unclassified' stamp: 'fz 11/7/2019 20:25:30' prior: 50786940!
test04CreatedCartCanAddItems
	|userAPI cartID |
	
	userAPI := UserAPI withUserManager: self Catalog: Dictionary new.
	
	cartID := userAPI createCartOf: validUser withPassword: validUserPassword.
	
	userAPI addToCart: cartID book: testObjectsFactory itemSoldByTheStore quantity: 1.
	
	self assert: ((userAPI cartOfID: cartID) occurrencesOf: testObjectsFactory itemSoldByTheStore) equals: 1.! !

!methodRemoval: UserAPI class #withUserManager: stamp: 'fz 11/7/2019 20:25:30'!
withUserManager: aUM 
	^self new initializeWithUserManager: aUM Catalog: Dictionary new. !
!UserAPI class methodsFor: 'instance creation' stamp: 'fz 11/7/2019 20:25:37' prior: 50787107!
withUserManager: aUM Catalog: aCatalog  
	^self new initializeWithUserManager: aUM Catalog: aCatalog . ! !
!UserAPI class methodsFor: 'instance creation' stamp: 'fz 11/7/2019 20:25:46'!
withUserManager: aUM catalog: aCatalog  
	^self new initializeWithUserManager: aUM Catalog: aCatalog . ! !
!UserAPITest methodsFor: 'as yet unclassified' stamp: 'fz 11/7/2019 20:25:46' prior: 50787114!
test02CartIsCreatedForValidUserAndIsEmpty
	|userAPI cartID |
	
	userAPI := UserAPI withUserManager: self catalog: Dictionary new.
	
	cartID := userAPI createCartOf: validUser withPassword: validUserPassword.
	
	self assert: (userAPI isValidCartID: cartID).! !
!UserAPITest methodsFor: 'as yet unclassified' stamp: 'fz 11/7/2019 20:25:46' prior: 50787126!
test01CreateCartFailsWithUnknownUser
	|userAPI|
	
	userAPI := UserAPI withUserManager: self catalog: Dictionary new.
	
	self should: [userAPI createCartOf: invalidUser withPassword: invalidUserPassword.]
	 raise: Error - MessageNotUnderstood 
	 withExceptionDo: [ :anError | 
			self assert: anError messageText = UserAPI canNotCreateCartWithInvalidCredentialsErrorMessage].! !
!UserAPITest methodsFor: 'as yet unclassified' stamp: 'fz 11/7/2019 20:25:46' prior: 50787141!
test03CreateCartFailsWithWrongPassword
	|userAPI|
	
	userAPI := UserAPI withUserManager: self catalog: Dictionary new.
	
	self should: [userAPI createCartOf: validUser withPassword: validUserButWrongPassword.]
	 raise: Error - MessageNotUnderstood 
	 withExceptionDo: [ :anError | 
			self assert: anError messageText = UserAPI canNotCreateCartWithInvalidCredentialsErrorMessage].! !
!UserAPITest methodsFor: 'as yet unclassified' stamp: 'fz 11/7/2019 20:25:46' prior: 50787156!
test04CreatedCartCanAddItems
	|userAPI cartID |
	
	userAPI := UserAPI withUserManager: self catalog: Dictionary new.
	
	cartID := userAPI createCartOf: validUser withPassword: validUserPassword.
	
	userAPI addToCart: cartID book: testObjectsFactory itemSoldByTheStore quantity: 1.
	
	self assert: ((userAPI cartOfID: cartID) occurrencesOf: testObjectsFactory itemSoldByTheStore) equals: 1.! !

!methodRemoval: UserAPI class #withUserManager:Catalog: stamp: 'fz 11/7/2019 20:25:46'!
withUserManager: aUM Catalog: aCatalog  
	^self new initializeWithUserManager: aUM Catalog: aCatalog . !
!UserAPI methodsFor: 'initialization' stamp: 'fz 11/7/2019 20:26:00'!
initializeWithUserManager: aUM catalog: aCatalog  
	uM := aUM.
	catalog = aCatalog.! !
!UserAPI class methodsFor: 'as yet unclassified' stamp: 'fz 11/7/2019 20:26:00' prior: 50787183!
withUserManager: aUM catalog: aCatalog  
	^self new initializeWithUserManager: aUM catalog: aCatalog . ! !

!methodRemoval: UserAPI #initializeWithUserManager:Catalog: stamp: 'fz 11/7/2019 20:26:00'!
initializeWithUserManager: aUM Catalog: aCatalog  
	uM := aUM.
	catalog = aCatalog.!

!testRun: #UserAPITest #test01CreateCartFailsWithUnknownUser stamp: 'fz 11/7/2019 20:26:02'!
PASSED!

!testRun: #UserAPITest #test02CartIsCreatedForValidUserAndIsEmpty stamp: 'fz 11/7/2019 20:26:02'!
PASSED!

!testRun: #UserAPITest #test03CreateCartFailsWithWrongPassword stamp: 'fz 11/7/2019 20:26:02'!
PASSED!

!testRun: #UserAPITest #test04CreatedCartCanAddItems stamp: 'fz 11/7/2019 20:26:02'!
ERROR!

!testRun: #UserAPITest #test04CreatedCartCanAddItems stamp: 'fz 11/7/2019 20:26:02'!
ERROR!

!testRun: #UserAPITest #test01CreateCartFailsWithUnknownUser stamp: 'fz 11/7/2019 20:26:39'!
PASSED!

!testRun: #UserAPITest #test02CartIsCreatedForValidUserAndIsEmpty stamp: 'fz 11/7/2019 20:26:39'!
PASSED!

!testRun: #UserAPITest #test03CreateCartFailsWithWrongPassword stamp: 'fz 11/7/2019 20:26:39'!
PASSED!

!testRun: #UserAPITest #test04CreatedCartCanAddItems stamp: 'fz 11/7/2019 20:26:39'!
ERROR!

!testRun: #UserAPITest #test04CreatedCartCanAddItems stamp: 'fz 11/7/2019 20:26:39'!
ERROR!
!UserAPI methodsFor: 'initialization' stamp: 'fz 11/7/2019 20:27:15' prior: 50787253!
initializeWithUserManager: aUM catalog: aCatalog  
	uM := aUM.
	catalog := aCatalog.! !

!testRun: #UserAPITest #test04CreatedCartCanAddItems stamp: 'fz 11/7/2019 20:27:18'!
ERROR!
!UserAPITest methodsFor: 'tests' stamp: 'fz 11/7/2019 20:28:12' prior: 50787232!
test04CreatedCartCanAddItems
	|userAPI cartID |
	
	userAPI := UserAPI withUserManager: self catalog: testObjectsFactory defaultCatalog .
	
	cartID := userAPI createCartOf: validUser withPassword: validUserPassword.
	
	userAPI addToCart: cartID book: testObjectsFactory itemSoldByTheStore quantity: 1.
	
	self assert: ((userAPI cartOfID: cartID) occurrencesOf: testObjectsFactory itemSoldByTheStore) equals: 1.! !
!UserAPITest methodsFor: 'tests' stamp: 'fz 11/7/2019 20:28:13' prior: 50787311!
test04CreatedCartCanAddItems
	|userAPI cartID |
	
	userAPI := UserAPI withUserManager: self catalog: testObjectsFactory defaultCatalog.
	
	cartID := userAPI createCartOf: validUser withPassword: validUserPassword.
	
	userAPI addToCart: cartID book: testObjectsFactory itemSoldByTheStore quantity: 1.
	
	self assert: ((userAPI cartOfID: cartID) occurrencesOf: testObjectsFactory itemSoldByTheStore) equals: 1.! !

!testRun: #UserAPITest #test04CreatedCartCanAddItems stamp: 'fz 11/7/2019 20:28:15'!
FAILURE!
!UserAPI methodsFor: 'for testing only' stamp: 'fz 11/7/2019 20:29:22' prior: 50787017!
cartOfID: aCartID
	^cartsRegister at: aCartID! !
!UserAPI methodsFor: 'for testing only' stamp: 'fz 11/7/2019 20:29:55' prior: 50786256!
isValidCartID: aCartID 
	^cartsRegister includesKey: aCartID ! !
!UserAPI methodsFor: 'API' stamp: 'fz 11/7/2019 20:30:26' prior: 50786507!
createCartOf: aUser withPassword: aPassword 
	(uM isValidUser: aUser withPassword: aPassword) ifFalse: [self error: self class canNotCreateCartWithInvalidCredentialsErrorMessage].
	
	cartsRegister at: 1 put: (Cart acceptingItemsOf: catalog).
	
	^1! !

!testRun: #UserAPITest #test01CreateCartFailsWithUnknownUser stamp: 'fz 11/7/2019 20:30:42'!
PASSED!

!testRun: #UserAPITest #test02CartIsCreatedForValidUserAndIsEmpty stamp: 'fz 11/7/2019 20:30:42'!
ERROR!

!testRun: #UserAPITest #test03CreateCartFailsWithWrongPassword stamp: 'fz 11/7/2019 20:30:42'!
PASSED!

!testRun: #UserAPITest #test04CreatedCartCanAddItems stamp: 'fz 11/7/2019 20:30:42'!
ERROR!

!testRun: #UserAPITest #test02CartIsCreatedForValidUserAndIsEmpty stamp: 'fz 11/7/2019 20:30:45'!
ERROR!
!UserAPI methodsFor: 'initialization' stamp: 'fz 11/7/2019 20:31:35' prior: 50787302!
initializeWithUserManager: aUM catalog: aCatalog  
	uM := aUM.
	catalog := aCatalog.
	cartsRegister := Dictionary new.! !

!testRun: #UserAPITest #test01CreateCartFailsWithUnknownUser stamp: 'fz 11/7/2019 20:31:37'!
PASSED!

!testRun: #UserAPITest #test02CartIsCreatedForValidUserAndIsEmpty stamp: 'fz 11/7/2019 20:31:37'!
PASSED!

!testRun: #UserAPITest #test03CreateCartFailsWithWrongPassword stamp: 'fz 11/7/2019 20:31:37'!
PASSED!

!testRun: #UserAPITest #test04CreatedCartCanAddItems stamp: 'fz 11/7/2019 20:31:37'!
PASSED!

----SNAPSHOT----(7 November 2019 20:31:41) CuisUniversity-3938.image priorSource: 14515520!
!UserAPITest methodsFor: 'tests' stamp: 'fz 11/7/2019 20:33:30'!
test05CanNotAddItemsToInvalidCartID
	|userAPI cartID |
	
	userAPI := UserAPI withUserManager: self catalog: testObjectsFactory defaultCatalog.
	
	cartID := userAPI createCartOf: validUser withPassword: validUserPassword.
	
	userAPI addToCart: cartID book: testObjectsFactory itemSoldByTheStore quantity: 1.
	
	self assert: ((userAPI cartOfID: cartID) occurrencesOf: testObjectsFactory itemSoldByTheStore) equals: 1.! !
!UserAPITest methodsFor: 'tests' stamp: 'fz 11/7/2019 20:34:42' prior: 50787405!
test05CanNotAddItemsToInvalidCartID
	|userAPI cartID |
	
	userAPI := UserAPI withUserManager: self catalog: testObjectsFactory defaultCatalog.
	
	cartID := userAPI createCartOf: validUser withPassword: validUserPassword.
	
	
	
	self assert: ((userAPI cartOfID: cartID) occurrencesOf: testObjectsFactory itemSoldByTheStore) equals: 1.
	
	self should: [userAPI addToCart: cartID book: testObjectsFactory itemSoldByTheStore quantity: 1.]
	 raise: Error - MessageNotUnderstood 
	 withExceptionDo: [ :anError | 
			self assert: anError messageText = UserAPI invalidCartID].! !

!classDefinition: #UserAPITest category: #TusLibros stamp: 'fz 11/7/2019 20:35:00'!
TestCase subclass: #UserAPITest
	instanceVariableNames: 'testObjectsFactory debitBehavior usersLog validUser validUserPassword validUserButWrongPassword invalidUser invalidUserPassword invalidCartID'
	classVariableNames: ''
	poolDictionaries: ''
	category: 'TusLibros'!
!UserAPITest methodsFor: 'tests' stamp: 'fz 11/7/2019 20:34:59' prior: 50787421!
test05CanNotAddItemsToInvalidCartID
	|userAPI cartID |
	
	userAPI := UserAPI withUserManager: self catalog: testObjectsFactory defaultCatalog.
	
	cartID := userAPI createCartOf: validUser withPassword: validUserPassword.
	
	self should: [userAPI addToCart: invalidCartID book: testObjectsFactory itemSoldByTheStore quantity: 1.]
	 raise: Error - MessageNotUnderstood 
	 withExceptionDo: [ :anError | 
			self assert: anError messageText = UserAPI invalidCartID].! !
!UserAPITest methodsFor: 'tests' stamp: 'fz 11/7/2019 20:35:21' prior: 50787453!
test05CanNotAddItemsToInvalidCartID
	|userAPI cartID |
	
	userAPI := UserAPI withUserManager: self catalog: testObjectsFactory defaultCatalog.
	
	cartID := userAPI createCartOf: validUser withPassword: validUserPassword.
	
	self should: [userAPI addToCart: invalidCartID book: testObjectsFactory itemSoldByTheStore quantity: 1.]
	 raise: Error - MessageNotUnderstood 
	 withExceptionDo: [ :anError | 
			self assert: anError messageText = UserAPI invalidCartID].! !
!UserAPITest methodsFor: 'tests' stamp: 'fz 11/7/2019 20:36:34' prior: 50787471!
test05CanNotAddItemsToInvalidCartID
	|userAPI cartID |
	
	userAPI := UserAPI withUserManager: self catalog: testObjectsFactory defaultCatalog.
	
	cartID := userAPI createCartOf: validUser withPassword: validUserPassword.
	invalidCartID := cartID +1. "asumimos que los IDs son incrementales"
	
	self should: [userAPI addToCart: invalidCartID book: testObjectsFactory itemSoldByTheStore quantity: 1.]
	 raise: Error - MessageNotUnderstood 
	 withExceptionDo: [ :anError | 
			self assert: anError messageText = UserAPI invalidCartID].! !

!testRun: #UserAPITest #test05CanNotAddItemsToInvalidCartID stamp: 'fz 11/7/2019 20:36:38'!
ERROR!

TestCase subclass: #UserAPITest
	instanceVariableNames: 'testObjectsFactory debitBehavior usersLog validUser validUserPassword validUserButWrongPassword invalidUser invalidUserPassword'
	classVariableNames: ''
	poolDictionaries: ''
	category: 'TusLibros'!

!classDefinition: #UserAPITest category: #TusLibros stamp: 'fz 11/7/2019 20:36:53'!
TestCase subclass: #UserAPITest
	instanceVariableNames: 'testObjectsFactory debitBehavior usersLog validUser validUserPassword validUserButWrongPassword invalidUser invalidUserPassword'
	classVariableNames: ''
	poolDictionaries: ''
	category: 'TusLibros'!
!UserAPITest methodsFor: 'tests' stamp: 'fz 11/7/2019 20:37:00' prior: 50787489!
test05CanNotAddItemsToInvalidCartID
	|userAPI cartID invalidCartID|
	
	userAPI := UserAPI withUserManager: self catalog: testObjectsFactory defaultCatalog.
	
	cartID := userAPI createCartOf: validUser withPassword: validUserPassword.
	invalidCartID := cartID +1. "asumimos que los IDs son incrementales"
	
	self should: [userAPI addToCart: invalidCartID book: testObjectsFactory itemSoldByTheStore quantity: 1.]
	 raise: Error - MessageNotUnderstood 
	 withExceptionDo: [ :anError | 
			self assert: anError messageText = UserAPI invalidCartID].! !

!testRun: #UserAPITest #test05CanNotAddItemsToInvalidCartID stamp: 'fz 11/7/2019 20:37:01'!
ERROR!
!UserAPITest methodsFor: 'tests' stamp: 'fz 11/7/2019 20:37:12' prior: 50787531!
test05CanNotAddItemsToInvalidCartID
	|userAPI cartID invalidCartID|
	
	userAPI := UserAPI withUserManager: self catalog: testObjectsFactory defaultCatalog.
	
	cartID := userAPI createCartOf: validUser withPassword: validUserPassword.
	invalidCartID := cartID +1. "asumimos que los IDs son incrementales"
	
	self should: [userAPI addToCart: invalidCartID book: testObjectsFactory itemSoldByTheStore quantity: 1.]
	 raise: Error - MessageNotUnderstood 
	 withExceptionDo: [ :anError | 
			self assert: anError messageText = UserAPI invalidCartIDErrorMessage].! !

!testRun: #UserAPITest #test05CanNotAddItemsToInvalidCartID stamp: 'fz 11/7/2019 20:37:31'!
ERROR!
!UserAPI class methodsFor: 'error messages' stamp: 'fz 11/7/2019 20:37:55'!
invalidCartIDErrorMessage
	self shouldBeImplemented.! !
!UserAPI class methodsFor: 'error messages' stamp: 'fz 11/7/2019 20:38:06' prior: 50787578!
invalidCartIDErrorMessage
	^'invalid cart ID'! !

!testRun: #UserAPITest #test05CanNotAddItemsToInvalidCartID stamp: 'fz 11/7/2019 20:38:08'!
FAILURE!

!testRun: #UserAPITest #test05CanNotAddItemsToInvalidCartID stamp: 'fz 11/7/2019 20:38:20'!
FAILURE!

!testRun: #UserAPITest #test05CanNotAddItemsToInvalidCartID stamp: 'fz 11/7/2019 20:38:20'!
FAILURE!
!UserAPI methodsFor: 'for testing only' stamp: 'fz 11/7/2019 20:39:00' prior: 50787346!
cartOfID: aCartID
	^cartsRegister at: aCartID ifAbsent: [self error: self class invalidCartIDErrorMessage]! !

!testRun: #UserAPITest #test01CreateCartFailsWithUnknownUser stamp: 'fz 11/7/2019 20:39:04'!
PASSED!

!testRun: #UserAPITest #test02CartIsCreatedForValidUserAndIsEmpty stamp: 'fz 11/7/2019 20:39:04'!
PASSED!

!testRun: #UserAPITest #test03CreateCartFailsWithWrongPassword stamp: 'fz 11/7/2019 20:39:04'!
PASSED!

!testRun: #UserAPITest #test04CreatedCartCanAddItems stamp: 'fz 11/7/2019 20:39:04'!
PASSED!

!testRun: #UserAPITest #test05CanNotAddItemsToInvalidCartID stamp: 'fz 11/7/2019 20:39:04'!
PASSED!
!UserAPITest methodsFor: 'tests' stamp: 'fz 11/7/2019 20:42:36'!
test06AddingItemsToMultipleCartsBehavesCorrectly
	|userAPI cart1ID cart2ID|
	
	userAPI := UserAPI withUserManager: self catalog: testObjectsFactory defaultCatalog.
	
	cart1ID := userAPI createCartOf: validUser withPassword: validUserPassword.
	! !
!UserAPITest methodsFor: 'tests' stamp: 'fz 11/7/2019 20:42:52' prior: 50787619!
test06AddingItemsToMultipleCartsBehavesCorrectly
	|userAPI cart1ID cart2ID|
	
	userAPI := UserAPI withUserManager: self catalog: testObjectsFactory defaultCatalog.
	
	cart1ID := userAPI createCartOf: validUser withPassword: validUserPassword.
	cart2ID := userAPI createCartOf: validUser withPassword: validUserPassword.	! !
!UserAPITest methodsFor: 'tests' stamp: 'fz 11/7/2019 20:44:21'!
test06AddingItemsWithMultipleCartsBehavesCorrectly
	|userAPI cart1ID cart2ID|
	
	userAPI := UserAPI withUserManager: self catalog: testObjectsFactory defaultCatalog.
	
	cart1ID := userAPI createCartOf: validUser withPassword: validUserPassword.
	cart2ID := userAPI createCartOf: validUser withPassword: validUserPassword.	
	
	userAPI addToCart: cart2ID book: testObjectsFactory itemSoldByTheStore quantity: 1.
	userAPI addToCart: cart2ID book: testObjectsFactory itemSoldByTheStore quantity: 1.
	
	self assert: ((userAPI cartOfID: cart2ID) occurrencesOf: testObjectsFactory itemSoldByTheStore) equals: 2.
	self assert: ((userAPI cartOfID: cart1ID) occurrencesOf: testObjectsFactory itemSoldByTheStore) equals: 0.! !

!methodRemoval: UserAPITest #test06AddingItemsToMultipleCartsBehavesCorrectly stamp: 'fz 11/7/2019 20:44:24'!
test06AddingItemsToMultipleCartsBehavesCorrectly
	|userAPI cart1ID cart2ID|
	
	userAPI := UserAPI withUserManager: self catalog: testObjectsFactory defaultCatalog.
	
	cart1ID := userAPI createCartOf: validUser withPassword: validUserPassword.
	cart2ID := userAPI createCartOf: validUser withPassword: validUserPassword.	!

!testRun: #UserAPITest #test06AddingItemsWithMultipleCartsBehavesCorrectly stamp: 'fz 11/7/2019 20:44:26'!
FAILURE!

!testRun: #UserAPITest #test06AddingItemsWithMultipleCartsBehavesCorrectly stamp: 'fz 11/7/2019 20:44:26'!
FAILURE!

Object subclass: #UserAPI
	instanceVariableNames: 'uM cartsRegister catalog currentID'
	classVariableNames: ''
	poolDictionaries: ''
	category: 'TusLibros'!

!classDefinition: #UserAPI category: #TusLibros stamp: 'fz 11/7/2019 20:44:39'!
Object subclass: #UserAPI
	instanceVariableNames: 'uM cartsRegister catalog currentID'
	classVariableNames: ''
	poolDictionaries: ''
	category: 'TusLibros'!
!UserAPI methodsFor: 'initialization' stamp: 'fz 11/7/2019 20:44:49' prior: 50787383!
initializeWithUserManager: aUM catalog: aCatalog  
	uM := aUM.
	catalog := aCatalog.
	cartsRegister := Dictionary new.
	currentID := 1.! !
!UserAPI methodsFor: 'API' stamp: 'fz 11/7/2019 20:45:50' prior: 50787356!
createCartOf: aUser withPassword: aPassword 
	|cartID|
	(uM isValidUser: aUser withPassword: aPassword) ifFalse: [self error: self class canNotCreateCartWithInvalidCredentialsErrorMessage].
	
	cartID := currentID.
	currentID  := currentID +1.
	
	cartsRegister at: cartID put: (Cart acceptingItemsOf: catalog).
	
	^cartID.! !

!testRun: #UserAPITest #test01CreateCartFailsWithUnknownUser stamp: 'fz 11/7/2019 20:45:54'!
PASSED!

!testRun: #UserAPITest #test02CartIsCreatedForValidUserAndIsEmpty stamp: 'fz 11/7/2019 20:45:54'!
PASSED!

!testRun: #UserAPITest #test03CreateCartFailsWithWrongPassword stamp: 'fz 11/7/2019 20:45:54'!
PASSED!

!testRun: #UserAPITest #test04CreatedCartCanAddItems stamp: 'fz 11/7/2019 20:45:54'!
PASSED!

!testRun: #UserAPITest #test05CanNotAddItemsToInvalidCartID stamp: 'fz 11/7/2019 20:45:54'!
PASSED!

!testRun: #UserAPITest #test06AddingItemsWithMultipleCartsBehavesCorrectly stamp: 'fz 11/7/2019 20:45:54'!
PASSED!
!UserAPITest methodsFor: 'tests' stamp: 'fz 11/7/2019 20:51:37'!
test07ListCartOfNewCartIsEmpty
	|userAPI cart1ID cart2ID|
	
	userAPI := UserAPI withUserManager: self catalog: testObjectsFactory defaultCatalog.
	
	cart1ID := userAPI createCartOf: validUser withPassword: validUserPassword.
	cart2ID := userAPI createCartOf: validUser withPassword: validUserPassword.	
	
	userAPI addToCart: cart2ID book: testObjectsFactory itemSoldByTheStore quantity: 1.
	userAPI addToCart: cart2ID book: testObjectsFactory itemSoldByTheStore quantity: 1.
	
	self assert: ((userAPI cartOfID: cart2ID) occurrencesOf: testObjectsFactory itemSoldByTheStore) equals: 2.
	self assert: ((userAPI cartOfID: cart1ID) occurrencesOf: testObjectsFactory itemSoldByTheStore) equals: 0.! !
!UserAPITest methodsFor: 'tests' stamp: 'fz 11/7/2019 20:54:25' prior: 50787741!
test07ListCartOfNewCartIsEmpty
	|userAPI cartID|
	
	userAPI := UserAPI withUserManager: self catalog: testObjectsFactory defaultCatalog.
	
	cartID := userAPI createCartOf: validUser withPassword: validUserPassword.
	
	self assert: ((userAPI cartOfID: cartID) occurrencesOf: testObjectsFactory itemSoldByTheStore) equals: 0.! !
!UserAPITest methodsFor: 'tests' stamp: 'fz 11/7/2019 20:56:34' prior: 50787766!
test07ListCartOfNewCartIsEmpty
	|userAPI cartID|
	
	userAPI := UserAPI withUserManager: self catalog: testObjectsFactory defaultCatalog.
	
	cartID := userAPI createCartOf: validUser withPassword: validUserPassword.
	
	self assert: (userAPI listCart: cartID) equals: 0.! !
!UserAPITest methodsFor: 'tests' stamp: 'fz 11/7/2019 20:56:56' prior: 50787779!
test07ListCartOfNewCartIsEmpty
	|userAPI cartID|
	
	userAPI := UserAPI withUserManager: self catalog: testObjectsFactory defaultCatalog.
	
	cartID := userAPI createCartOf: validUser withPassword: validUserPassword.
	
	self assert: (userAPI listCart: cartID isEmpty) .! !

!methodRemoval: Cart #listCart stamp: 'fz 11/7/2019 20:57:23'!
listCart
	self shouldBeImplemented.!
!UserAPI methodsFor: 'API' stamp: 'fz 11/7/2019 20:57:56'!
listCart: aCartID! !
!UserAPI methodsFor: 'API' stamp: 'fz 11/7/2019 20:58:18' prior: 50787805!
listCart: aCartID

	^ Set new.! !

!testRun: #UserAPITest #test01CreateCartFailsWithUnknownUser stamp: 'fz 11/7/2019 20:58:21'!
PASSED!

!testRun: #UserAPITest #test02CartIsCreatedForValidUserAndIsEmpty stamp: 'fz 11/7/2019 20:58:21'!
PASSED!

!testRun: #UserAPITest #test03CreateCartFailsWithWrongPassword stamp: 'fz 11/7/2019 20:58:21'!
PASSED!

!testRun: #UserAPITest #test04CreatedCartCanAddItems stamp: 'fz 11/7/2019 20:58:21'!
PASSED!

!testRun: #UserAPITest #test05CanNotAddItemsToInvalidCartID stamp: 'fz 11/7/2019 20:58:21'!
PASSED!

!testRun: #UserAPITest #test06AddingItemsWithMultipleCartsBehavesCorrectly stamp: 'fz 11/7/2019 20:58:21'!
PASSED!

!testRun: #UserAPITest #test07ListCartOfNewCartIsEmpty stamp: 'fz 11/7/2019 20:58:21'!
ERROR!

!testRun: #UserAPITest #test07ListCartOfNewCartIsEmpty stamp: 'fz 11/7/2019 20:58:21'!
ERROR!

!testRun: #UserAPITest #test07ListCartOfNewCartIsEmpty stamp: 'fz 11/7/2019 20:58:27'!
ERROR!

!testRun: #UserAPITest #test07ListCartOfNewCartIsEmpty stamp: 'fz 11/7/2019 20:58:27'!
ERROR!
!UserAPITest methodsFor: 'tests' stamp: 'fz 11/7/2019 20:58:39' prior: 50787791!
test07ListCartOfNewCartIsEmpty
	|userAPI cartID|
	
	userAPI := UserAPI withUserManager: self catalog: testObjectsFactory defaultCatalog.
	
	cartID := userAPI createCartOf: validUser withPassword: validUserPassword.
	
	self assert: (userAPI listCart: cartID) isEmpty.! !

!testRun: #UserAPITest #test07ListCartOfNewCartIsEmpty stamp: 'fz 11/7/2019 20:58:40'!
PASSED!

!testRun: #UserAPITest #test01CreateCartFailsWithUnknownUser stamp: 'fz 11/7/2019 20:58:40'!
PASSED!

!testRun: #UserAPITest #test02CartIsCreatedForValidUserAndIsEmpty stamp: 'fz 11/7/2019 20:58:40'!
PASSED!

!testRun: #UserAPITest #test03CreateCartFailsWithWrongPassword stamp: 'fz 11/7/2019 20:58:40'!
PASSED!

!testRun: #UserAPITest #test04CreatedCartCanAddItems stamp: 'fz 11/7/2019 20:58:40'!
PASSED!

!testRun: #UserAPITest #test05CanNotAddItemsToInvalidCartID stamp: 'fz 11/7/2019 20:58:40'!
PASSED!

!testRun: #UserAPITest #test06AddingItemsWithMultipleCartsBehavesCorrectly stamp: 'fz 11/7/2019 20:58:40'!
PASSED!

!testRun: #UserAPITest #test07ListCartOfNewCartIsEmpty stamp: 'fz 11/7/2019 20:58:40'!
PASSED!
!UserAPITest methodsFor: 'tests' stamp: 'fz 11/7/2019 20:58:54'!
test08ListCartReflectsAddedItems
	|userAPI cartID|
	
	userAPI := UserAPI withUserManager: self catalog: testObjectsFactory defaultCatalog.
	
	cartID := userAPI createCartOf: validUser withPassword: validUserPassword.
	
	self assert: (userAPI listCart: cartID) isEmpty.! !
!UserAPITest methodsFor: 'tests' stamp: 'fz 11/7/2019 20:59:14' prior: 50787879!
test08ListCartReflectsAddedItems
	|userAPI cartID|
	
	userAPI := UserAPI withUserManager: self catalog: testObjectsFactory defaultCatalog.
	
	cartID := userAPI createCartOf: validUser withPassword: validUserPassword.
	
	userAPI addToCart: cartID book: testObjectsFactory itemSoldByTheStore quantity: 1.
	userAPI addToCart: cartID book: testObjectsFactory itemSoldByTheStore quantity: 1.
	
	self assert: (userAPI listCart: cartID) isEmpty.! !
!StoreTestObjectsFactory methodsFor: 'items' stamp: 'fz 11/7/2019 21:00:02'!
anotherItemSoldByTheStore

	^ 'anotherValidBook'! !
!StoreTestObjectsFactory methodsFor: 'items' stamp: 'fz 11/7/2019 21:00:24'!
anotherItemSellByTheStorePrice
	
	^25! !
!StoreTestObjectsFactory methodsFor: 'cart' stamp: 'fz 11/7/2019 21:00:58' prior: 50786933!
defaultCatalog
	
	^ Dictionary new
		at: self itemSoldByTheStore put: self itemSellByTheStorePrice;
		at: self anotherItemSoldByTheStore put: self anotherItemSellByTheStorePrice;
		yourself ! !
!UserAPITest methodsFor: 'tests' stamp: 'fz 11/7/2019 21:03:50' prior: 50787891!
test08ListCartReflectsAddedItems
	|userAPI cartID|
	
	userAPI := UserAPI withUserManager: self catalog: testObjectsFactory defaultCatalog.
	
	cartID := userAPI createCartOf: validUser withPassword: validUserPassword.
	
	userAPI addToCart: cartID book: testObjectsFactory itemSoldByTheStore quantity: 1.
	userAPI addToCart: cartID book: testObjectsFactory itemSoldByTheStore quantity: 1.
	userAPI addToCart: cartID book: testObjectsFactory anotherItemSoldByTheStore quantity: 1.
	
	self assert: (userAPI listCart: cartID) isEmpty.! !

!testRun: #UserAPITest #test08ListCartReflectsAddedItems stamp: 'fz 11/7/2019 21:03:53'!
PASSED!

!testRun: #UserAPITest #test01CreateCartFailsWithUnknownUser stamp: 'fz 11/7/2019 21:03:53'!
PASSED!

!testRun: #UserAPITest #test02CartIsCreatedForValidUserAndIsEmpty stamp: 'fz 11/7/2019 21:03:53'!
PASSED!

!testRun: #UserAPITest #test03CreateCartFailsWithWrongPassword stamp: 'fz 11/7/2019 21:03:53'!
PASSED!

!testRun: #UserAPITest #test04CreatedCartCanAddItems stamp: 'fz 11/7/2019 21:03:53'!
PASSED!

!testRun: #UserAPITest #test05CanNotAddItemsToInvalidCartID stamp: 'fz 11/7/2019 21:03:53'!
PASSED!

!testRun: #UserAPITest #test06AddingItemsWithMultipleCartsBehavesCorrectly stamp: 'fz 11/7/2019 21:03:53'!
PASSED!

!testRun: #UserAPITest #test07ListCartOfNewCartIsEmpty stamp: 'fz 11/7/2019 21:03:53'!
PASSED!

!testRun: #UserAPITest #test08ListCartReflectsAddedItems stamp: 'fz 11/7/2019 21:03:53'!
PASSED!
!UserAPITest methodsFor: 'tests' stamp: 'fz 11/7/2019 21:07:28' prior: 50787927!
test08ListCartReflectsAddedItems
	|userAPI cartID correctList |
	
	userAPI := UserAPI withUserManager: self catalog: testObjectsFactory defaultCatalog.
	
	cartID := userAPI createCartOf: validUser withPassword: validUserPassword.
	
	userAPI addToCart: cartID book: testObjectsFactory itemSoldByTheStore quantity: 1.
	userAPI addToCart: cartID book: testObjectsFactory itemSoldByTheStore quantity: 1.
	userAPI addToCart: cartID book: testObjectsFactory anotherItemSoldByTheStore quantity: 1.
	
	correctList.
	
	self assert: (userAPI listCart: cartID) equals: 0.! !
!UserAPITest methodsFor: 'tests' stamp: 'fz 11/7/2019 21:09:10' prior: 50787975!
test08ListCartReflectsAddedItems
	|userAPI cartID correctList |
	
	userAPI := UserAPI withUserManager: self catalog: testObjectsFactory defaultCatalog.
	
	cartID := userAPI createCartOf: validUser withPassword: validUserPassword.
	
	userAPI addToCart: cartID book: testObjectsFactory itemSoldByTheStore quantity: 1.
	userAPI addToCart: cartID book: testObjectsFactory itemSoldByTheStore quantity: 1.
	userAPI addToCart: cartID book: testObjectsFactory anotherItemSoldByTheStore quantity: 1.
	
	correctList := Dictionary new; at: testObjectsFactory itemSoldByTheStore put: 2; at: testObjectsFactory anotherItemSoldByTheStore put: 1.
	
	self assert: (userAPI listCart: cartID) equals: 0.! !
!UserAPITest methodsFor: 'tests' stamp: 'fz 11/7/2019 21:09:20' prior: 50787996!
test08ListCartReflectsAddedItems
	|userAPI cartID correctList |
	
	userAPI := UserAPI withUserManager: self catalog: testObjectsFactory defaultCatalog.
	
	cartID := userAPI createCartOf: validUser withPassword: validUserPassword.
	
	userAPI addToCart: cartID book: testObjectsFactory itemSoldByTheStore quantity: 1.
	userAPI addToCart: cartID book: testObjectsFactory itemSoldByTheStore quantity: 1.
	userAPI addToCart: cartID book: testObjectsFactory anotherItemSoldByTheStore quantity: 1.
	
	correctList := Dictionary new; at: testObjectsFactory itemSoldByTheStore put: 2; at: testObjectsFactory anotherItemSoldByTheStore put: 1.
	
	self assert: (userAPI listCart: cartID) equals: correctList .! !

!testRun: #UserAPITest #test08ListCartReflectsAddedItems stamp: 'fz 11/7/2019 21:09:22'!
ERROR!

----QUIT----(7 November 2019 21:11:06) CuisUniversity-3938.image priorSource: 14584048!